2021-07-22T21:26:35.188+0530 [DEBUG] [org.gradle.launcher.daemon.bootstrap.DaemonMain] Assuming the daemon was started with following jvm opts: [--add-opens, java.base/java.util=ALL-UNNAMED, --add-opens, java.base/java.lang=ALL-UNNAMED, --add-opens, java.base/java.lang.invoke=ALL-UNNAMED, --add-opens, java.prefs/java.util.prefs=ALL-UNNAMED, -Xmx2048m, -Dfile.encoding=UTF-8, -Duser.country=IN, -Duser.language=en, -Duser.variant]
2021-07-22T21:26:35.299+0530 [DEBUG] [org.gradle.internal.nativeintegration.services.NativeServices] Native-platform posix files integration is not available. Continuing with fallback.
2021-07-22T21:26:35.316+0530 [INFO] [org.gradle.launcher.daemon.server.Daemon] start() called on daemon - DefaultDaemonContext[uid=063cd6d5-1ed1-4eac-9bb7-783689e00610,javaHome=C:\Program Files\Android\Android Studio1\jre,daemonRegistryDir=E:\AndroidStudioProjects\Mivik\daemon,pid=10988,idleTimeout=10800000,priority=NORMAL,daemonOpts=--add-opens,java.base/java.util=ALL-UNNAMED,--add-opens,java.base/java.lang=ALL-UNNAMED,--add-opens,java.base/java.lang.invoke=ALL-UNNAMED,--add-opens,java.prefs/java.util.prefs=ALL-UNNAMED,-Xmx2048m,-Dfile.encoding=UTF-8,-Duser.country=IN,-Duser.language=en,-Duser.variant]
2021-07-22T21:26:35.711+0530 [DEBUG] [org.gradle.internal.remote.internal.inet.InetAddresses] Adding IP addresses for network interface Software Loopback Interface 1
2021-07-22T21:26:35.713+0530 [DEBUG] [org.gradle.internal.remote.internal.inet.InetAddresses] Is this a loopback interface? true
2021-07-22T21:26:35.715+0530 [DEBUG] [org.gradle.internal.remote.internal.inet.InetAddresses] Adding loopback address /127.0.0.1
2021-07-22T21:26:35.716+0530 [DEBUG] [org.gradle.internal.remote.internal.inet.InetAddresses] Adding loopback address /0:0:0:0:0:0:0:1
2021-07-22T21:26:35.718+0530 [DEBUG] [org.gradle.internal.remote.internal.inet.InetAddresses] Adding IP addresses for network interface Microsoft 6to4 Adapter
2021-07-22T21:26:35.720+0530 [DEBUG] [org.gradle.internal.remote.internal.inet.InetAddresses] Is this a loopback interface? false
2021-07-22T21:26:35.721+0530 [DEBUG] [org.gradle.internal.remote.internal.inet.InetAddresses] Adding IP addresses for network interface Intel(R) Wireless-AC 9560 160MHz
2021-07-22T21:26:35.723+0530 [DEBUG] [org.gradle.internal.remote.internal.inet.InetAddresses] Is this a loopback interface? false
2021-07-22T21:26:35.723+0530 [DEBUG] [org.gradle.internal.remote.internal.inet.InetAddresses] Adding remote address /192.168.29.209
2021-07-22T21:26:35.723+0530 [DEBUG] [org.gradle.internal.remote.internal.inet.InetAddresses] Adding remote address /2405:201:6009:8b0:c5e3:cec9:3e26:84f0
2021-07-22T21:26:35.723+0530 [DEBUG] [org.gradle.internal.remote.internal.inet.InetAddresses] Adding remote address /2405:201:6009:8b0:990f:1811:147e:13e9
2021-07-22T21:26:35.723+0530 [DEBUG] [org.gradle.internal.remote.internal.inet.InetAddresses] Adding remote address /fe80:0:0:0:c5e3:cec9:3e26:84f0%wlan0
2021-07-22T21:26:35.723+0530 [DEBUG] [org.gradle.internal.remote.internal.inet.InetAddresses] Adding IP addresses for network interface Microsoft Wi-Fi Direct Virtual Adapter
2021-07-22T21:26:35.726+0530 [DEBUG] [org.gradle.internal.remote.internal.inet.InetAddresses] Is this a loopback interface? false
2021-07-22T21:26:35.726+0530 [DEBUG] [org.gradle.internal.remote.internal.inet.InetAddresses] Adding remote address /fe80:0:0:0:d0c3:9344:b847:468e%wlan1
2021-07-22T21:26:35.726+0530 [DEBUG] [org.gradle.internal.remote.internal.inet.InetAddresses] Adding IP addresses for network interface Bluetooth Device (Personal Area Network)
2021-07-22T21:26:35.728+0530 [DEBUG] [org.gradle.internal.remote.internal.inet.InetAddresses] Is this a loopback interface? false
2021-07-22T21:26:35.728+0530 [DEBUG] [org.gradle.internal.remote.internal.inet.InetAddresses] Adding remote address /fe80:0:0:0:7c8b:3303:fb8c:5303%eth0
2021-07-22T21:26:35.728+0530 [DEBUG] [org.gradle.internal.remote.internal.inet.InetAddresses] Adding IP addresses for network interface WAN Miniport (IP)
2021-07-22T21:26:35.730+0530 [DEBUG] [org.gradle.internal.remote.internal.inet.InetAddresses] Is this a loopback interface? false
2021-07-22T21:26:35.730+0530 [DEBUG] [org.gradle.internal.remote.internal.inet.InetAddresses] Adding IP addresses for network interface Microsoft IP-HTTPS Platform Adapter
2021-07-22T21:26:35.732+0530 [DEBUG] [org.gradle.internal.remote.internal.inet.InetAddresses] Is this a loopback interface? false
2021-07-22T21:26:35.733+0530 [DEBUG] [org.gradle.internal.remote.internal.inet.InetAddresses] Adding IP addresses for network interface WAN Miniport (SSTP)
2021-07-22T21:26:35.735+0530 [DEBUG] [org.gradle.internal.remote.internal.inet.InetAddresses] Is this a loopback interface? false
2021-07-22T21:26:35.735+0530 [DEBUG] [org.gradle.internal.remote.internal.inet.InetAddresses] Adding IP addresses for network interface WAN Miniport (PPPOE)
2021-07-22T21:26:35.737+0530 [DEBUG] [org.gradle.internal.remote.internal.inet.InetAddresses] Is this a loopback interface? false
2021-07-22T21:26:35.737+0530 [DEBUG] [org.gradle.internal.remote.internal.inet.InetAddresses] Adding IP addresses for network interface Microsoft Wi-Fi Direct Virtual Adapter #2
2021-07-22T21:26:35.739+0530 [DEBUG] [org.gradle.internal.remote.internal.inet.InetAddresses] Is this a loopback interface? false
2021-07-22T21:26:35.739+0530 [DEBUG] [org.gradle.internal.remote.internal.inet.InetAddresses] Adding remote address /fe80:0:0:0:3189:41ff:bc1:c92a%wlan2
2021-07-22T21:26:35.739+0530 [DEBUG] [org.gradle.internal.remote.internal.inet.InetAddresses] Adding IP addresses for network interface Microsoft Teredo Tunneling Adapter
2021-07-22T21:26:35.741+0530 [DEBUG] [org.gradle.internal.remote.internal.inet.InetAddresses] Is this a loopback interface? false
2021-07-22T21:26:35.742+0530 [DEBUG] [org.gradle.internal.remote.internal.inet.InetAddresses] Adding IP addresses for network interface Microsoft Kernel Debug Network Adapter
2021-07-22T21:26:35.744+0530 [DEBUG] [org.gradle.internal.remote.internal.inet.InetAddresses] Is this a loopback interface? false
2021-07-22T21:26:35.744+0530 [DEBUG] [org.gradle.internal.remote.internal.inet.InetAddresses] Adding IP addresses for network interface WAN Miniport (IPv6)
2021-07-22T21:26:35.746+0530 [DEBUG] [org.gradle.internal.remote.internal.inet.InetAddresses] Is this a loopback interface? false
2021-07-22T21:26:35.746+0530 [DEBUG] [org.gradle.internal.remote.internal.inet.InetAddresses] Adding IP addresses for network interface WAN Miniport (PPTP)
2021-07-22T21:26:35.748+0530 [DEBUG] [org.gradle.internal.remote.internal.inet.InetAddresses] Is this a loopback interface? false
2021-07-22T21:26:35.748+0530 [DEBUG] [org.gradle.internal.remote.internal.inet.InetAddresses] Adding IP addresses for network interface WAN Miniport (IKEv2)
2021-07-22T21:26:35.750+0530 [DEBUG] [org.gradle.internal.remote.internal.inet.InetAddresses] Is this a loopback interface? false
2021-07-22T21:26:35.750+0530 [DEBUG] [org.gradle.internal.remote.internal.inet.InetAddresses] Adding IP addresses for network interface Realtek Gaming GbE Family Controller
2021-07-22T21:26:35.752+0530 [DEBUG] [org.gradle.internal.remote.internal.inet.InetAddresses] Is this a loopback interface? false
2021-07-22T21:26:35.752+0530 [DEBUG] [org.gradle.internal.remote.internal.inet.InetAddresses] Adding remote address /fe80:0:0:0:356f:34db:5419:d24e%eth4
2021-07-22T21:26:35.752+0530 [DEBUG] [org.gradle.internal.remote.internal.inet.InetAddresses] Adding IP addresses for network interface WAN Miniport (L2TP)
2021-07-22T21:26:35.754+0530 [DEBUG] [org.gradle.internal.remote.internal.inet.InetAddresses] Is this a loopback interface? false
2021-07-22T21:26:35.754+0530 [DEBUG] [org.gradle.internal.remote.internal.inet.InetAddresses] Adding IP addresses for network interface WAN Miniport (Network Monitor)
2021-07-22T21:26:35.756+0530 [DEBUG] [org.gradle.internal.remote.internal.inet.InetAddresses] Is this a loopback interface? false
2021-07-22T21:26:35.757+0530 [DEBUG] [org.gradle.internal.remote.internal.inet.InetAddresses] Adding IP addresses for network interface Realtek Gaming GbE Family Controller-WFP Native MAC Layer LightWeight Filter-0000
2021-07-22T21:26:35.759+0530 [DEBUG] [org.gradle.internal.remote.internal.inet.InetAddresses] Is this a loopback interface? false
2021-07-22T21:26:35.759+0530 [DEBUG] [org.gradle.internal.remote.internal.inet.InetAddresses] Adding IP addresses for network interface Realtek Gaming GbE Family Controller-Realtek NDIS LightWeight Filter (NDIS 6.40)-0000
2021-07-22T21:26:35.761+0530 [DEBUG] [org.gradle.internal.remote.internal.inet.InetAddresses] Is this a loopback interface? false
2021-07-22T21:26:35.761+0530 [DEBUG] [org.gradle.internal.remote.internal.inet.InetAddresses] Adding IP addresses for network interface Realtek Gaming GbE Family Controller-QoS Packet Scheduler-0000
2021-07-22T21:26:35.763+0530 [DEBUG] [org.gradle.internal.remote.internal.inet.InetAddresses] Is this a loopback interface? false
2021-07-22T21:26:35.763+0530 [DEBUG] [org.gradle.internal.remote.internal.inet.InetAddresses] Adding IP addresses for network interface Realtek Gaming GbE Family Controller-WFP 802.3 MAC Layer LightWeight Filter-0000
2021-07-22T21:26:35.765+0530 [DEBUG] [org.gradle.internal.remote.internal.inet.InetAddresses] Is this a loopback interface? false
2021-07-22T21:26:35.765+0530 [DEBUG] [org.gradle.internal.remote.internal.inet.InetAddresses] Adding IP addresses for network interface Intel(R) Wireless-AC 9560 160MHz-WFP Native MAC Layer LightWeight Filter-0000
2021-07-22T21:26:35.767+0530 [DEBUG] [org.gradle.internal.remote.internal.inet.InetAddresses] Is this a loopback interface? false
2021-07-22T21:26:35.767+0530 [DEBUG] [org.gradle.internal.remote.internal.inet.InetAddresses] Adding IP addresses for network interface Intel(R) Wireless-AC 9560 160MHz-Virtual WiFi Filter Driver-0000
2021-07-22T21:26:35.769+0530 [DEBUG] [org.gradle.internal.remote.internal.inet.InetAddresses] Is this a loopback interface? false
2021-07-22T21:26:35.769+0530 [DEBUG] [org.gradle.internal.remote.internal.inet.InetAddresses] Adding IP addresses for network interface Intel(R) Wireless-AC 9560 160MHz-Native WiFi Filter Driver-0000
2021-07-22T21:26:35.771+0530 [DEBUG] [org.gradle.internal.remote.internal.inet.InetAddresses] Is this a loopback interface? false
2021-07-22T21:26:35.772+0530 [DEBUG] [org.gradle.internal.remote.internal.inet.InetAddresses] Adding IP addresses for network interface Intel(R) Wireless-AC 9560 160MHz-Realtek NDIS LightWeight Filter (NDIS 6.40)-0000
2021-07-22T21:26:35.774+0530 [DEBUG] [org.gradle.internal.remote.internal.inet.InetAddresses] Is this a loopback interface? false
2021-07-22T21:26:35.774+0530 [DEBUG] [org.gradle.internal.remote.internal.inet.InetAddresses] Adding IP addresses for network interface Intel(R) Wireless-AC 9560 160MHz-QoS Packet Scheduler-0000
2021-07-22T21:26:35.776+0530 [DEBUG] [org.gradle.internal.remote.internal.inet.InetAddresses] Is this a loopback interface? false
2021-07-22T21:26:35.776+0530 [DEBUG] [org.gradle.internal.remote.internal.inet.InetAddresses] Adding IP addresses for network interface Intel(R) Wireless-AC 9560 160MHz-WFP 802.3 MAC Layer LightWeight Filter-0000
2021-07-22T21:26:35.778+0530 [DEBUG] [org.gradle.internal.remote.internal.inet.InetAddresses] Is this a loopback interface? false
2021-07-22T21:26:35.778+0530 [DEBUG] [org.gradle.internal.remote.internal.inet.InetAddresses] Adding IP addresses for network interface Microsoft Wi-Fi Direct Virtual Adapter-WFP Native MAC Layer LightWeight Filter-0000
2021-07-22T21:26:35.780+0530 [DEBUG] [org.gradle.internal.remote.internal.inet.InetAddresses] Is this a loopback interface? false
2021-07-22T21:26:35.780+0530 [DEBUG] [org.gradle.internal.remote.internal.inet.InetAddresses] Adding IP addresses for network interface Microsoft Wi-Fi Direct Virtual Adapter-Native WiFi Filter Driver-0000
2021-07-22T21:26:35.782+0530 [DEBUG] [org.gradle.internal.remote.internal.inet.InetAddresses] Is this a loopback interface? false
2021-07-22T21:26:35.782+0530 [DEBUG] [org.gradle.internal.remote.internal.inet.InetAddresses] Adding IP addresses for network interface Microsoft Wi-Fi Direct Virtual Adapter-Realtek NDIS LightWeight Filter (NDIS 6.40)-0000
2021-07-22T21:26:35.784+0530 [DEBUG] [org.gradle.internal.remote.internal.inet.InetAddresses] Is this a loopback interface? false
2021-07-22T21:26:35.784+0530 [DEBUG] [org.gradle.internal.remote.internal.inet.InetAddresses] Adding IP addresses for network interface Microsoft Wi-Fi Direct Virtual Adapter-QoS Packet Scheduler-0000
2021-07-22T21:26:35.786+0530 [DEBUG] [org.gradle.internal.remote.internal.inet.InetAddresses] Is this a loopback interface? false
2021-07-22T21:26:35.787+0530 [DEBUG] [org.gradle.internal.remote.internal.inet.InetAddresses] Adding IP addresses for network interface Microsoft Wi-Fi Direct Virtual Adapter-WFP 802.3 MAC Layer LightWeight Filter-0000
2021-07-22T21:26:35.789+0530 [DEBUG] [org.gradle.internal.remote.internal.inet.InetAddresses] Is this a loopback interface? false
2021-07-22T21:26:35.789+0530 [DEBUG] [org.gradle.internal.remote.internal.inet.InetAddresses] Adding IP addresses for network interface WAN Miniport (IP)-WFP Native MAC Layer LightWeight Filter-0000
2021-07-22T21:26:35.791+0530 [DEBUG] [org.gradle.internal.remote.internal.inet.InetAddresses] Is this a loopback interface? false
2021-07-22T21:26:35.791+0530 [DEBUG] [org.gradle.internal.remote.internal.inet.InetAddresses] Adding IP addresses for network interface WAN Miniport (IP)-Realtek NDIS LightWeight Filter (NDIS 6.40)-0000
2021-07-22T21:26:35.793+0530 [DEBUG] [org.gradle.internal.remote.internal.inet.InetAddresses] Is this a loopback interface? false
2021-07-22T21:26:35.793+0530 [DEBUG] [org.gradle.internal.remote.internal.inet.InetAddresses] Adding IP addresses for network interface WAN Miniport (IP)-QoS Packet Scheduler-0000
2021-07-22T21:26:35.795+0530 [DEBUG] [org.gradle.internal.remote.internal.inet.InetAddresses] Is this a loopback interface? false
2021-07-22T21:26:35.795+0530 [DEBUG] [org.gradle.internal.remote.internal.inet.InetAddresses] Adding IP addresses for network interface WAN Miniport (IPv6)-WFP Native MAC Layer LightWeight Filter-0000
2021-07-22T21:26:35.797+0530 [DEBUG] [org.gradle.internal.remote.internal.inet.InetAddresses] Is this a loopback interface? false
2021-07-22T21:26:35.797+0530 [DEBUG] [org.gradle.internal.remote.internal.inet.InetAddresses] Adding IP addresses for network interface WAN Miniport (IPv6)-Realtek NDIS LightWeight Filter (NDIS 6.40)-0000
2021-07-22T21:26:35.799+0530 [DEBUG] [org.gradle.internal.remote.internal.inet.InetAddresses] Is this a loopback interface? false
2021-07-22T21:26:35.799+0530 [DEBUG] [org.gradle.internal.remote.internal.inet.InetAddresses] Adding IP addresses for network interface WAN Miniport (IPv6)-QoS Packet Scheduler-0000
2021-07-22T21:26:35.801+0530 [DEBUG] [org.gradle.internal.remote.internal.inet.InetAddresses] Is this a loopback interface? false
2021-07-22T21:26:35.801+0530 [DEBUG] [org.gradle.internal.remote.internal.inet.InetAddresses] Adding IP addresses for network interface WAN Miniport (Network Monitor)-WFP Native MAC Layer LightWeight Filter-0000
2021-07-22T21:26:35.803+0530 [DEBUG] [org.gradle.internal.remote.internal.inet.InetAddresses] Is this a loopback interface? false
2021-07-22T21:26:35.803+0530 [DEBUG] [org.gradle.internal.remote.internal.inet.InetAddresses] Adding IP addresses for network interface WAN Miniport (Network Monitor)-Realtek NDIS LightWeight Filter (NDIS 6.40)-0000
2021-07-22T21:26:35.805+0530 [DEBUG] [org.gradle.internal.remote.internal.inet.InetAddresses] Is this a loopback interface? false
2021-07-22T21:26:35.805+0530 [DEBUG] [org.gradle.internal.remote.internal.inet.InetAddresses] Adding IP addresses for network interface WAN Miniport (Network Monitor)-QoS Packet Scheduler-0000
2021-07-22T21:26:35.807+0530 [DEBUG] [org.gradle.internal.remote.internal.inet.InetAddresses] Is this a loopback interface? false
2021-07-22T21:26:35.808+0530 [DEBUG] [org.gradle.internal.remote.internal.inet.InetAddresses] Adding IP addresses for network interface Microsoft Wi-Fi Direct Virtual Adapter #2-WFP Native MAC Layer LightWeight Filter-0000
2021-07-22T21:26:35.810+0530 [DEBUG] [org.gradle.internal.remote.internal.inet.InetAddresses] Is this a loopback interface? false
2021-07-22T21:26:35.810+0530 [DEBUG] [org.gradle.internal.remote.internal.inet.InetAddresses] Adding IP addresses for network interface Microsoft Wi-Fi Direct Virtual Adapter #2-Native WiFi Filter Driver-0000
2021-07-22T21:26:35.812+0530 [DEBUG] [org.gradle.internal.remote.internal.inet.InetAddresses] Is this a loopback interface? false
2021-07-22T21:26:35.812+0530 [DEBUG] [org.gradle.internal.remote.internal.inet.InetAddresses] Adding IP addresses for network interface Microsoft Wi-Fi Direct Virtual Adapter #2-Realtek NDIS LightWeight Filter (NDIS 6.40)-0000
2021-07-22T21:26:35.814+0530 [DEBUG] [org.gradle.internal.remote.internal.inet.InetAddresses] Is this a loopback interface? false
2021-07-22T21:26:35.814+0530 [DEBUG] [org.gradle.internal.remote.internal.inet.InetAddresses] Adding IP addresses for network interface Microsoft Wi-Fi Direct Virtual Adapter #2-QoS Packet Scheduler-0000
2021-07-22T21:26:35.816+0530 [DEBUG] [org.gradle.internal.remote.internal.inet.InetAddresses] Is this a loopback interface? false
2021-07-22T21:26:35.816+0530 [DEBUG] [org.gradle.internal.remote.internal.inet.InetAddresses] Adding IP addresses for network interface Microsoft Wi-Fi Direct Virtual Adapter #2-WFP 802.3 MAC Layer LightWeight Filter-0000
2021-07-22T21:26:35.818+0530 [DEBUG] [org.gradle.internal.remote.internal.inet.InetAddresses] Is this a loopback interface? false
2021-07-22T21:26:35.820+0530 [DEBUG] [org.gradle.internal.remote.internal.inet.TcpIncomingConnector] Listening on [63362bf5-c8ff-4b73-9a84-956f72c6179f port:63212, addresses:[localhost/127.0.0.1]].
2021-07-22T21:26:35.828+0530 [DEBUG] [org.gradle.launcher.daemon.server.Daemon] Daemon starting at: Thu Jul 22 21:26:35 IST 2021, with address: [63362bf5-c8ff-4b73-9a84-956f72c6179f port:63212, addresses:[localhost/127.0.0.1]]
2021-07-22T21:26:35.828+0530 [INFO] [org.gradle.launcher.daemon.server.DaemonRegistryUpdater] Advertising the daemon address to the clients: [63362bf5-c8ff-4b73-9a84-956f72c6179f port:63212, addresses:[localhost/127.0.0.1]]
2021-07-22T21:26:35.829+0530 [DEBUG] [org.gradle.launcher.daemon.server.DaemonRegistryUpdater] Advertised daemon context: DefaultDaemonContext[uid=063cd6d5-1ed1-4eac-9bb7-783689e00610,javaHome=C:\Program Files\Android\Android Studio1\jre,daemonRegistryDir=E:\AndroidStudioProjects\Mivik\daemon,pid=10988,idleTimeout=10800000,priority=NORMAL,daemonOpts=--add-opens,java.base/java.util=ALL-UNNAMED,--add-opens,java.base/java.lang=ALL-UNNAMED,--add-opens,java.base/java.lang.invoke=ALL-UNNAMED,--add-opens,java.prefs/java.util.prefs=ALL-UNNAMED,-Xmx2048m,-Dfile.encoding=UTF-8,-Duser.country=IN,-Duser.language=en,-Duser.variant]
2021-07-22T21:26:35.829+0530 [DEBUG] [org.gradle.launcher.daemon.registry.PersistentDaemonRegistry] Storing daemon address: [63362bf5-c8ff-4b73-9a84-956f72c6179f port:63212, addresses:[localhost/127.0.0.1]], context: DefaultDaemonContext[uid=063cd6d5-1ed1-4eac-9bb7-783689e00610,javaHome=C:\Program Files\Android\Android Studio1\jre,daemonRegistryDir=E:\AndroidStudioProjects\Mivik\daemon,pid=10988,idleTimeout=10800000,priority=NORMAL,daemonOpts=--add-opens,java.base/java.util=ALL-UNNAMED,--add-opens,java.base/java.lang=ALL-UNNAMED,--add-opens,java.base/java.lang.invoke=ALL-UNNAMED,--add-opens,java.prefs/java.util.prefs=ALL-UNNAMED,-Xmx2048m,-Dfile.encoding=UTF-8,-Duser.country=IN,-Duser.language=en,-Duser.variant]
2021-07-22T21:26:35.835+0530 [DEBUG] [org.gradle.cache.internal.DefaultFileLockManager] Waiting to acquire exclusive lock on daemon addresses registry.
2021-07-22T21:26:35.837+0530 [DEBUG] [org.gradle.cache.internal.DefaultFileLockManager] Lock acquired on daemon addresses registry.
2021-07-22T21:26:35.840+0530 [DEBUG] [org.gradle.cache.internal.DefaultFileLockManager] Releasing lock on daemon addresses registry.
2021-07-22T21:26:35.840+0530 [LIFECYCLE] [org.gradle.launcher.daemon.server.Daemon] Daemon server started.
2021-07-22T21:26:35.841+0530 [DEBUG] [org.gradle.launcher.daemon.bootstrap.DaemonStartupCommunication] Completed writing the daemon greeting. Closing streams...
2021-07-22T21:26:35.845+0530 [DEBUG] [org.gradle.launcher.daemon.server.Daemon] stopOnExpiration() called on daemon
2021-07-22T21:26:35.846+0530 [DEBUG] [org.gradle.launcher.daemon.server.Daemon] awaitExpiration() called on daemon
2021-07-22T21:26:35.846+0530 [DEBUG] [org.gradle.launcher.daemon.server.DaemonStateCoordinator] daemon is running. Sleeping until state changes.
2021-07-22T21:26:35.852+0530 [DEBUG] [org.gradle.internal.remote.internal.inet.TcpIncomingConnector] Accepted connection from /127.0.0.1:63213 to /127.0.0.1:63212.
2021-07-22T21:26:35.904+0530 [DEBUG] [org.gradle.launcher.daemon.server.SynchronizedDispatchConnection] thread 20: received class org.gradle.launcher.daemon.protocol.Build
2021-07-22T21:26:35.904+0530 [DEBUG] [org.gradle.launcher.daemon.server.DefaultDaemonConnection] thread 20: Received non-IO message from client: Build{id=be729386-2b78-4a83-b4e4-53a1ea0890fe, currentDir=E:\AndroidStudioProjects\Mivik}
2021-07-22T21:26:35.904+0530 [INFO] [org.gradle.launcher.daemon.server.DefaultIncomingConnectionHandler] Received command: Build{id=be729386-2b78-4a83-b4e4-53a1ea0890fe, currentDir=E:\AndroidStudioProjects\Mivik}.
2021-07-22T21:26:35.905+0530 [DEBUG] [org.gradle.launcher.daemon.server.DefaultIncomingConnectionHandler] Starting executing command: Build{id=be729386-2b78-4a83-b4e4-53a1ea0890fe, currentDir=E:\AndroidStudioProjects\Mivik} with connection: socket connection from /127.0.0.1:63212 to /127.0.0.1:63213.
2021-07-22T21:26:35.907+0530 [ERROR] [org.gradle.launcher.daemon.server.DaemonStateCoordinator] Command execution: started DaemonCommandExecution[command = Build{id=be729386-2b78-4a83-b4e4-53a1ea0890fe, currentDir=E:\AndroidStudioProjects\Mivik}, connection = DefaultDaemonConnection: socket connection from /127.0.0.1:63212 to /127.0.0.1:63213] after 0.0 minutes of idle
2021-07-22T21:26:35.907+0530 [INFO] [org.gradle.launcher.daemon.server.DaemonRegistryUpdater] Marking the daemon as busy, address: [63362bf5-c8ff-4b73-9a84-956f72c6179f port:63212, addresses:[localhost/127.0.0.1]]
2021-07-22T21:26:35.907+0530 [DEBUG] [org.gradle.launcher.daemon.registry.PersistentDaemonRegistry] Marking busy by address: [63362bf5-c8ff-4b73-9a84-956f72c6179f port:63212, addresses:[localhost/127.0.0.1]]
2021-07-22T21:26:35.908+0530 [DEBUG] [org.gradle.cache.internal.DefaultFileLockManager] Waiting to acquire exclusive lock on daemon addresses registry.
2021-07-22T21:26:35.908+0530 [DEBUG] [org.gradle.cache.internal.DefaultFileLockManager] Lock acquired on daemon addresses registry.
2021-07-22T21:26:35.909+0530 [DEBUG] [org.gradle.cache.internal.DefaultFileLockManager] Releasing lock on daemon addresses registry.
2021-07-22T21:26:35.910+0530 [DEBUG] [org.gradle.launcher.daemon.server.DaemonStateCoordinator] resetting idle timer
2021-07-22T21:26:35.910+0530 [DEBUG] [org.gradle.launcher.daemon.server.DaemonStateCoordinator] daemon is running. Sleeping until state changes.
2021-07-22T21:26:35.911+0530 [INFO] [org.gradle.launcher.daemon.server.exec.StartBuildOrRespondWithBusy] Daemon is about to start building Build{id=be729386-2b78-4a83-b4e4-53a1ea0890fe, currentDir=E:\AndroidStudioProjects\Mivik}. Dispatching build started information...
2021-07-22T21:26:35.911+0530 [DEBUG] [org.gradle.launcher.daemon.server.SynchronizedDispatchConnection] thread 22: dispatching org.gradle.launcher.daemon.protocol.BuildStarted@210da769
2021-07-22T21:26:35.912+0530 [DEBUG] [org.gradle.launcher.daemon.server.exec.EstablishBuildEnvironment] Configuring env variables: [USERDOMAIN_ROAMINGPROFILE, LOCALAPPDATA, PROCESSOR_LEVEL, RegionCode, USERDOMAIN, LOGONSERVER, JAVA_HOME, SESSIONNAME, ALLUSERSPROFILE, INTEL_DEV_REDIST, PROCESSOR_ARCHITECTURE, MIC_LD_LIBRARY_PATH, PSModulePath, SystemDrive, OneDrive, APPDATA, USERNAME, ProgramFiles(x86), CommonProgramFiles, Path, PATHEXT, DriverData, OS, OneDriveConsumer, COMPUTERNAME, OnlineServices, PROCESSOR_REVISION, platformcode, CommonProgramW6432, Autorun, ComSpec, ProgramData, ProgramW6432, HOMEPATH, SystemRoot, TEMP, USERPROFILE, PROCESSOR_IDENTIFIER, HOMEDRIVE, TMP, ProgramFiles, PUBLIC, CommonProgramFiles(x86), NUMBER_OF_PROCESSORS, windir, =::, IDEA_INITIAL_DIRECTORY]
2021-07-22T21:26:35.915+0530 [DEBUG] [org.gradle.launcher.daemon.server.SynchronizedDispatchConnection] thread 20: received class org.gradle.launcher.daemon.protocol.CloseInput
2021-07-22T21:26:35.916+0530 [DEBUG] [org.gradle.launcher.daemon.server.DefaultDaemonConnection] thread 20: Received IO message from client: org.gradle.launcher.daemon.protocol.CloseInput@23c7d892
2021-07-22T21:26:35.918+0530 [DEBUG] [org.gradle.launcher.daemon.server.exec.LogToClient] About to start relaying all logs to the client via the connection.
2021-07-22T21:26:35.918+0530 [INFO] [org.gradle.launcher.daemon.server.exec.LogToClient] The client will now receive all logging from the daemon (pid: 10988). The daemon log file: E:\AndroidStudioProjects\Mivik\daemon\6.7.1\daemon-10988.out.log
2021-07-22T21:26:35.920+0530 [INFO] [org.gradle.launcher.daemon.server.exec.LogAndCheckHealth] Starting build in new daemon [memory: 2.1 GB]
2021-07-22T21:26:35.921+0530 [INFO] [org.gradle.launcher.daemon.server.exec.ForwardClientInput] Closing daemon's stdin at end of input.
2021-07-22T21:26:35.921+0530 [INFO] [org.gradle.launcher.daemon.server.exec.ForwardClientInput] The daemon will no longer process any standard input.
2021-07-22T21:26:35.925+0530 [DEBUG] [org.gradle.launcher.daemon.server.exec.ExecuteBuild] The daemon has started executing the build.
2021-07-22T21:26:35.926+0530 [DEBUG] [org.gradle.launcher.daemon.server.exec.ExecuteBuild] Executing build with daemon context: DefaultDaemonContext[uid=063cd6d5-1ed1-4eac-9bb7-783689e00610,javaHome=C:\Program Files\Android\Android Studio1\jre,daemonRegistryDir=E:\AndroidStudioProjects\Mivik\daemon,pid=10988,idleTimeout=10800000,priority=NORMAL,daemonOpts=--add-opens,java.base/java.util=ALL-UNNAMED,--add-opens,java.base/java.lang=ALL-UNNAMED,--add-opens,java.base/java.lang.invoke=ALL-UNNAMED,--add-opens,java.prefs/java.util.prefs=ALL-UNNAMED,-Xmx2048m,-Dfile.encoding=UTF-8,-Duser.country=IN,-Duser.language=en,-Duser.variant]
AGPBI: {"kind":"warning","text":"Please remove usages of `jcenter()` Maven repository from your build scripts and migrate your build to other Maven repositories.\nThis repository is deprecated and it will be shut down in the future.\nSee http://developer.android.com/r/tools/jcenter-end-of-service for more information.\nCurrently detected usages in: root project 'translation', project ':app'","sources":[{}]}

BUILD SUCCESSFUL in 21s
27 actionable tasks: 4 executed, 23 up-to-date
2021-07-22T21:26:55.893+0530 [DEBUG] [org.gradle.launcher.daemon.server.exec.ExecuteBuild] The daemon has finished executing the build.
2021-07-22T21:26:55.910+0530 [DEBUG] [org.gradle.launcher.daemon.server.DaemonStateCoordinator] daemon is running. Sleeping until state changes.
2021-07-22T21:26:55.911+0530 [DEBUG] [org.gradle.launcher.daemon.server.DaemonStateCoordinator] Command execution: finished waiting for DaemonCommandExecution[command = Build{id=be729386-2b78-4a83-b4e4-53a1ea0890fe, currentDir=E:\AndroidStudioProjects\Mivik}, connection = DefaultDaemonConnection: socket connection from /127.0.0.1:63212 to /127.0.0.1:63213]. Result org.gradle.launcher.daemon.server.DaemonStateCoordinator@5ee4c53d with state Busy
2021-07-22T21:26:55.911+0530 [DEBUG] [org.gradle.launcher.daemon.server.DaemonStateCoordinator] Command execution: completed DaemonCommandExecution[command = Build{id=be729386-2b78-4a83-b4e4-53a1ea0890fe, currentDir=E:\AndroidStudioProjects\Mivik}, connection = DefaultDaemonConnection: socket connection from /127.0.0.1:63212 to /127.0.0.1:63213]
2021-07-22T21:26:55.911+0530 [DEBUG] [org.gradle.launcher.daemon.server.DaemonStateCoordinator] resetting idle timer
2021-07-22T21:26:55.911+0530 [INFO] [org.gradle.launcher.daemon.server.DaemonRegistryUpdater] Marking the daemon as idle, address: [63362bf5-c8ff-4b73-9a84-956f72c6179f port:63212, addresses:[localhost/127.0.0.1]]
2021-07-22T21:26:55.911+0530 [DEBUG] [org.gradle.launcher.daemon.registry.PersistentDaemonRegistry] Marking busy by address: [63362bf5-c8ff-4b73-9a84-956f72c6179f port:63212, addresses:[localhost/127.0.0.1]]
2021-07-22T21:26:55.912+0530 [DEBUG] [org.gradle.cache.internal.DefaultFileLockManager] Waiting to acquire exclusive lock on daemon addresses registry.
2021-07-22T21:26:55.912+0530 [DEBUG] [org.gradle.cache.internal.DefaultFileLockManager] Lock acquired on daemon addresses registry.
2021-07-22T21:26:55.913+0530 [DEBUG] [org.gradle.cache.internal.DefaultFileLockManager] Releasing lock on daemon addresses registry.
2021-07-22T21:26:55.913+0530 [DEBUG] [org.gradle.launcher.daemon.server.DaemonStateCoordinator] daemon is running. Sleeping until state changes.
2021-07-22T21:26:55.914+0530 [DEBUG] [org.gradle.launcher.daemon.server.exec.ReturnResult] Daemon is dispatching the build result: Success[value=org.gradle.launcher.exec.BuildActionResult@684544bf]
2021-07-22T21:26:55.914+0530 [DEBUG] [org.gradle.launcher.daemon.server.SynchronizedDispatchConnection] thread 19: dispatching Success[value=org.gradle.launcher.exec.BuildActionResult@684544bf]
2021-07-22T21:26:55.914+0530 [DEBUG] [org.gradle.launcher.daemon.server.DefaultIncomingConnectionHandler] Finishing executing command: Build{id=be729386-2b78-4a83-b4e4-53a1ea0890fe, currentDir=E:\AndroidStudioProjects\Mivik}
2021-07-22T21:26:55.916+0530 [DEBUG] [org.gradle.launcher.daemon.server.SynchronizedDispatchConnection] thread 20: received class org.gradle.launcher.daemon.protocol.Finished
2021-07-22T21:26:55.916+0530 [DEBUG] [org.gradle.launcher.daemon.server.DefaultDaemonConnection] thread 20: Received non-IO message from client: org.gradle.launcher.daemon.protocol.Finished@4d122de6
2021-07-22T21:26:55.916+0530 [DEBUG] [org.gradle.launcher.daemon.server.DefaultIncomingConnectionHandler] Received finished message: org.gradle.launcher.daemon.protocol.Finished@4d122de6
2021-07-22T21:26:55.916+0530 [DEBUG] [org.gradle.launcher.daemon.server.SynchronizedDispatchConnection] thread 19: stopping connection
2021-07-22T21:26:55.917+0530 [DEBUG] [org.gradle.internal.remote.internal.inet.SocketConnection] Discarding EOFException: java.io.EOFException
2021-07-22T21:26:55.917+0530 [DEBUG] [org.gradle.launcher.daemon.server.SynchronizedDispatchConnection] thread 20: received null
2021-07-22T21:26:55.917+0530 [DEBUG] [org.gradle.launcher.daemon.server.DefaultDaemonConnection] thread 20: Received end-of-input from client.
2021-07-22T21:26:55.918+0530 [DEBUG] [org.gradle.launcher.daemon.server.SynchronizedDispatchConnection] thread 19: stopping connection
2021-07-22T21:26:58.098+0530 [DEBUG] [org.gradle.process.internal.health.memory.DefaultMemoryManager] 842339532 memory requested, 585797632 free
2021-07-22T21:26:58.099+0530 [DEBUG] [org.gradle.workers.internal.WorkerDaemonExpiration] Will attempt to release 803 of memory
2021-07-22T21:26:58.100+0530 [DEBUG] [org.gradle.process.internal.health.memory.DefaultMemoryManager] 842339532 memory requested, 0 released, 585797632 free
2021-07-22T21:27:03.101+0530 [DEBUG] [org.gradle.process.internal.health.memory.DefaultMemoryManager] 842339532 memory requested, 562753536 free
2021-07-22T21:27:03.101+0530 [DEBUG] [org.gradle.workers.internal.WorkerDaemonExpiration] Will attempt to release 803 of memory
2021-07-22T21:27:03.101+0530 [DEBUG] [org.gradle.process.internal.health.memory.DefaultMemoryManager] 842339532 memory requested, 0 released, 562753536 free
2021-07-22T21:27:05.850+0530 [DEBUG] [org.gradle.cache.internal.DefaultFileLockManager] Waiting to acquire shared lock on daemon addresses registry.
2021-07-22T21:27:05.851+0530 [DEBUG] [org.gradle.cache.internal.DefaultFileLockManager] Lock acquired on daemon addresses registry.
2021-07-22T21:27:05.852+0530 [DEBUG] [org.gradle.cache.internal.DefaultFileLockManager] Releasing lock on daemon addresses registry.
2021-07-22T21:27:05.854+0530 [DEBUG] [org.gradle.cache.internal.DefaultFileLockManager] Waiting to acquire shared lock on daemon addresses registry.
2021-07-22T21:27:05.854+0530 [DEBUG] [org.gradle.cache.internal.DefaultFileLockManager] Lock acquired on daemon addresses registry.
2021-07-22T21:27:05.855+0530 [DEBUG] [org.gradle.cache.internal.DefaultFileLockManager] Releasing lock on daemon addresses registry.
2021-07-22T21:27:08.110+0530 [DEBUG] [org.gradle.process.internal.health.memory.DefaultMemoryManager] 842339532 memory requested, 571703296 free
2021-07-22T21:27:08.110+0530 [DEBUG] [org.gradle.workers.internal.WorkerDaemonExpiration] Will attempt to release 803 of memory
2021-07-22T21:27:08.111+0530 [DEBUG] [org.gradle.process.internal.health.memory.DefaultMemoryManager] 842339532 memory requested, 0 released, 571703296 free
2021-07-22T21:27:13.102+0530 [DEBUG] [org.gradle.process.internal.health.memory.DefaultMemoryManager] 842339532 memory requested, 490430464 free
2021-07-22T21:27:13.102+0530 [DEBUG] [org.gradle.workers.internal.WorkerDaemonExpiration] Will attempt to release 803 of memory
2021-07-22T21:27:13.102+0530 [DEBUG] [org.gradle.process.internal.health.memory.DefaultMemoryManager] 842339532 memory requested, 0 released, 490430464 free
2021-07-22T21:27:15.858+0530 [DEBUG] [org.gradle.cache.internal.DefaultFileLockManager] Waiting to acquire shared lock on daemon addresses registry.
2021-07-22T21:27:15.858+0530 [DEBUG] [org.gradle.cache.internal.DefaultFileLockManager] Lock acquired on daemon addresses registry.
2021-07-22T21:27:15.859+0530 [DEBUG] [org.gradle.cache.internal.DefaultFileLockManager] Releasing lock on daemon addresses registry.
2021-07-22T21:27:15.860+0530 [DEBUG] [org.gradle.cache.internal.DefaultFileLockManager] Waiting to acquire shared lock on daemon addresses registry.
2021-07-22T21:27:15.860+0530 [DEBUG] [org.gradle.cache.internal.DefaultFileLockManager] Lock acquired on daemon addresses registry.
2021-07-22T21:27:15.861+0530 [DEBUG] [org.gradle.cache.internal.DefaultFileLockManager] Releasing lock on daemon addresses registry.
2021-07-22T21:27:15.862+0530 [DEBUG] [org.gradle.cache.internal.DefaultFileLockManager] Waiting to acquire shared lock on daemon addresses registry.
2021-07-22T21:27:15.862+0530 [DEBUG] [org.gradle.cache.internal.DefaultFileLockManager] Lock acquired on daemon addresses registry.
2021-07-22T21:27:15.862+0530 [DEBUG] [org.gradle.cache.internal.DefaultFileLockManager] Releasing lock on daemon addresses registry.
2021-07-22T21:27:18.110+0530 [DEBUG] [org.gradle.process.internal.health.memory.DefaultMemoryManager] 842339532 memory requested, 543555584 free
2021-07-22T21:27:18.110+0530 [DEBUG] [org.gradle.workers.internal.WorkerDaemonExpiration] Will attempt to release 803 of memory
2021-07-22T21:27:18.110+0530 [DEBUG] [org.gradle.process.internal.health.memory.DefaultMemoryManager] 842339532 memory requested, 0 released, 543555584 free
2021-07-22T21:27:23.101+0530 [DEBUG] [org.gradle.process.internal.health.memory.DefaultMemoryManager] 842339532 memory requested, 557121536 free
2021-07-22T21:27:23.101+0530 [DEBUG] [org.gradle.workers.internal.WorkerDaemonExpiration] Will attempt to release 803 of memory
2021-07-22T21:27:23.101+0530 [DEBUG] [org.gradle.process.internal.health.memory.DefaultMemoryManager] 842339532 memory requested, 0 released, 557121536 free
2021-07-22T21:27:25.850+0530 [DEBUG] [org.gradle.cache.internal.DefaultFileLockManager] Waiting to acquire shared lock on daemon addresses registry.
2021-07-22T21:27:25.851+0530 [DEBUG] [org.gradle.cache.internal.DefaultFileLockManager] Lock acquired on daemon addresses registry.
2021-07-22T21:27:25.851+0530 [DEBUG] [org.gradle.cache.internal.DefaultFileLockManager] Releasing lock on daemon addresses registry.
2021-07-22T21:27:25.852+0530 [DEBUG] [org.gradle.cache.internal.DefaultFileLockManager] Waiting to acquire shared lock on daemon addresses registry.
2021-07-22T21:27:25.853+0530 [DEBUG] [org.gradle.cache.internal.DefaultFileLockManager] Lock acquired on daemon addresses registry.
2021-07-22T21:27:25.853+0530 [DEBUG] [org.gradle.cache.internal.DefaultFileLockManager] Releasing lock on daemon addresses registry.
2021-07-22T21:27:25.854+0530 [DEBUG] [org.gradle.cache.internal.DefaultFileLockManager] Waiting to acquire shared lock on daemon addresses registry.
2021-07-22T21:27:25.855+0530 [DEBUG] [org.gradle.cache.internal.DefaultFileLockManager] Lock acquired on daemon addresses registry.
2021-07-22T21:27:25.855+0530 [DEBUG] [org.gradle.cache.internal.DefaultFileLockManager] Releasing lock on daemon addresses registry.
2021-07-22T21:27:28.100+0530 [DEBUG] [org.gradle.process.internal.health.memory.DefaultMemoryManager] 842339532 memory requested, 590598144 free
2021-07-22T21:27:28.101+0530 [DEBUG] [org.gradle.workers.internal.WorkerDaemonExpiration] Will attempt to release 803 of memory
2021-07-22T21:27:28.101+0530 [DEBUG] [org.gradle.process.internal.health.memory.DefaultMemoryManager] 842339532 memory requested, 0 released, 590598144 free
2021-07-22T21:27:33.105+0530 [DEBUG] [org.gradle.process.internal.health.memory.DefaultMemoryManager] 842339532 memory requested, 603885568 free
2021-07-22T21:27:33.106+0530 [DEBUG] [org.gradle.workers.internal.WorkerDaemonExpiration] Will attempt to release 803 of memory
2021-07-22T21:27:33.106+0530 [DEBUG] [org.gradle.process.internal.health.memory.DefaultMemoryManager] 842339532 memory requested, 0 released, 603885568 free
2021-07-22T21:27:35.852+0530 [DEBUG] [org.gradle.cache.internal.DefaultFileLockManager] Waiting to acquire shared lock on daemon addresses registry.
2021-07-22T21:27:35.852+0530 [DEBUG] [org.gradle.cache.internal.DefaultFileLockManager] Lock acquired on daemon addresses registry.
2021-07-22T21:27:35.853+0530 [DEBUG] [org.gradle.cache.internal.DefaultFileLockManager] Releasing lock on daemon addresses registry.
2021-07-22T21:27:35.853+0530 [DEBUG] [org.gradle.cache.internal.DefaultFileLockManager] Waiting to acquire shared lock on daemon addresses registry.
2021-07-22T21:27:35.853+0530 [DEBUG] [org.gradle.cache.internal.DefaultFileLockManager] Lock acquired on daemon addresses registry.
2021-07-22T21:27:35.853+0530 [DEBUG] [org.gradle.cache.internal.DefaultFileLockManager] Releasing lock on daemon addresses registry.
2021-07-22T21:27:35.854+0530 [DEBUG] [org.gradle.cache.internal.DefaultFileLockManager] Waiting to acquire shared lock on daemon addresses registry.
2021-07-22T21:27:35.854+0530 [DEBUG] [org.gradle.cache.internal.DefaultFileLockManager] Lock acquired on daemon addresses registry.
2021-07-22T21:27:35.854+0530 [DEBUG] [org.gradle.cache.internal.DefaultFileLockManager] Releasing lock on daemon addresses registry.
2021-07-22T21:27:38.107+0530 [DEBUG] [org.gradle.process.internal.health.memory.DefaultMemoryManager] 842339532 memory requested, 603406336 free
2021-07-22T21:27:38.107+0530 [DEBUG] [org.gradle.workers.internal.WorkerDaemonExpiration] Will attempt to release 803 of memory
2021-07-22T21:27:38.108+0530 [DEBUG] [org.gradle.process.internal.health.memory.DefaultMemoryManager] 842339532 memory requested, 0 released, 603406336 free
2021-07-22T21:27:43.105+0530 [DEBUG] [org.gradle.process.internal.health.memory.DefaultMemoryManager] 842339532 memory requested, 611233792 free
2021-07-22T21:27:43.106+0530 [DEBUG] [org.gradle.workers.internal.WorkerDaemonExpiration] Will attempt to release 803 of memory
2021-07-22T21:27:43.106+0530 [DEBUG] [org.gradle.process.internal.health.memory.DefaultMemoryManager] 842339532 memory requested, 0 released, 611233792 free
2021-07-22T21:27:45.856+0530 [DEBUG] [org.gradle.cache.internal.DefaultFileLockManager] Waiting to acquire shared lock on daemon addresses registry.
2021-07-22T21:27:45.857+0530 [DEBUG] [org.gradle.cache.internal.DefaultFileLockManager] Lock acquired on daemon addresses registry.
2021-07-22T21:27:45.858+0530 [DEBUG] [org.gradle.cache.internal.DefaultFileLockManager] Releasing lock on daemon addresses registry.
2021-07-22T21:27:45.860+0530 [DEBUG] [org.gradle.cache.internal.DefaultFileLockManager] Waiting to acquire shared lock on daemon addresses registry.
2021-07-22T21:27:45.860+0530 [DEBUG] [org.gradle.cache.internal.DefaultFileLockManager] Lock acquired on daemon addresses registry.
2021-07-22T21:27:45.860+0530 [DEBUG] [org.gradle.cache.internal.DefaultFileLockManager] Releasing lock on daemon addresses registry.
2021-07-22T21:27:45.861+0530 [DEBUG] [org.gradle.cache.internal.DefaultFileLockManager] Waiting to acquire shared lock on daemon addresses registry.
2021-07-22T21:27:45.861+0530 [DEBUG] [org.gradle.cache.internal.DefaultFileLockManager] Lock acquired on daemon addresses registry.
2021-07-22T21:27:45.861+0530 [DEBUG] [org.gradle.cache.internal.DefaultFileLockManager] Releasing lock on daemon addresses registry.
2021-07-22T21:27:48.098+0530 [DEBUG] [org.gradle.process.internal.health.memory.DefaultMemoryManager] 842339532 memory requested, 561799168 free
2021-07-22T21:27:48.098+0530 [DEBUG] [org.gradle.workers.internal.WorkerDaemonExpiration] Will attempt to release 803 of memory
2021-07-22T21:27:48.098+0530 [DEBUG] [org.gradle.process.internal.health.memory.DefaultMemoryManager] 842339532 memory requested, 0 released, 561799168 free
2021-07-22T21:27:53.112+0530 [DEBUG] [org.gradle.process.internal.health.memory.DefaultMemoryManager] 842339532 memory requested, 560807936 free
2021-07-22T21:27:53.112+0530 [DEBUG] [org.gradle.workers.internal.WorkerDaemonExpiration] Will attempt to release 803 of memory
2021-07-22T21:27:53.113+0530 [DEBUG] [org.gradle.process.internal.health.memory.DefaultMemoryManager] 842339532 memory requested, 0 released, 560807936 free
2021-07-22T21:27:55.849+0530 [DEBUG] [org.gradle.cache.internal.DefaultFileLockManager] Waiting to acquire shared lock on daemon addresses registry.
2021-07-22T21:27:55.850+0530 [DEBUG] [org.gradle.cache.internal.DefaultFileLockManager] Lock acquired on daemon addresses registry.
2021-07-22T21:27:55.850+0530 [DEBUG] [org.gradle.cache.internal.DefaultFileLockManager] Releasing lock on daemon addresses registry.
2021-07-22T21:27:55.851+0530 [DEBUG] [org.gradle.cache.internal.DefaultFileLockManager] Waiting to acquire shared lock on daemon addresses registry.
2021-07-22T21:27:55.852+0530 [DEBUG] [org.gradle.cache.internal.DefaultFileLockManager] Lock acquired on daemon addresses registry.
2021-07-22T21:27:55.852+0530 [DEBUG] [org.gradle.cache.internal.DefaultFileLockManager] Releasing lock on daemon addresses registry.
2021-07-22T21:27:55.853+0530 [DEBUG] [org.gradle.cache.internal.DefaultFileLockManager] Waiting to acquire shared lock on daemon addresses registry.
2021-07-22T21:27:55.853+0530 [DEBUG] [org.gradle.cache.internal.DefaultFileLockManager] Lock acquired on daemon addresses registry.
2021-07-22T21:27:55.853+0530 [DEBUG] [org.gradle.cache.internal.DefaultFileLockManager] Releasing lock on daemon addresses registry.
2021-07-22T21:27:58.097+0530 [DEBUG] [org.gradle.process.internal.health.memory.DefaultMemoryManager] 842339532 memory requested, 571138048 free
2021-07-22T21:27:58.097+0530 [DEBUG] [org.gradle.workers.internal.WorkerDaemonExpiration] Will attempt to release 803 of memory
2021-07-22T21:27:58.097+0530 [DEBUG] [org.gradle.process.internal.health.memory.DefaultMemoryManager] 842339532 memory requested, 0 released, 571138048 free
2021-07-22T21:28:03.101+0530 [DEBUG] [org.gradle.process.internal.health.memory.DefaultMemoryManager] 842339532 memory requested, 681508864 free
2021-07-22T21:28:03.102+0530 [DEBUG] [org.gradle.workers.internal.WorkerDaemonExpiration] Will attempt to release 803 of memory
2021-07-22T21:28:03.102+0530 [DEBUG] [org.gradle.process.internal.health.memory.DefaultMemoryManager] 842339532 memory requested, 0 released, 681508864 free
2021-07-22T21:28:05.855+0530 [DEBUG] [org.gradle.cache.internal.DefaultFileLockManager] Waiting to acquire shared lock on daemon addresses registry.
2021-07-22T21:28:05.855+0530 [DEBUG] [org.gradle.cache.internal.DefaultFileLockManager] Lock acquired on daemon addresses registry.
2021-07-22T21:28:05.856+0530 [DEBUG] [org.gradle.cache.internal.DefaultFileLockManager] Releasing lock on daemon addresses registry.
2021-07-22T21:28:05.857+0530 [DEBUG] [org.gradle.cache.internal.DefaultFileLockManager] Waiting to acquire shared lock on daemon addresses registry.
2021-07-22T21:28:05.857+0530 [DEBUG] [org.gradle.cache.internal.DefaultFileLockManager] Lock acquired on daemon addresses registry.
2021-07-22T21:28:05.858+0530 [DEBUG] [org.gradle.cache.internal.DefaultFileLockManager] Releasing lock on daemon addresses registry.
2021-07-22T21:28:05.858+0530 [DEBUG] [org.gradle.cache.internal.DefaultFileLockManager] Waiting to acquire shared lock on daemon addresses registry.
2021-07-22T21:28:05.858+0530 [DEBUG] [org.gradle.cache.internal.DefaultFileLockManager] Lock acquired on daemon addresses registry.
2021-07-22T21:28:05.859+0530 [DEBUG] [org.gradle.cache.internal.DefaultFileLockManager] Releasing lock on daemon addresses registry.
2021-07-22T21:28:08.102+0530 [DEBUG] [org.gradle.process.internal.health.memory.DefaultMemoryManager] 842339532 memory requested, 687861760 free
2021-07-22T21:28:08.103+0530 [DEBUG] [org.gradle.workers.internal.WorkerDaemonExpiration] Will attempt to release 803 of memory
2021-07-22T21:28:08.103+0530 [DEBUG] [org.gradle.process.internal.health.memory.DefaultMemoryManager] 842339532 memory requested, 0 released, 687861760 free
2021-07-22T21:28:13.110+0530 [DEBUG] [org.gradle.process.internal.health.memory.DefaultMemoryManager] 842339532 memory requested, 675495936 free
2021-07-22T21:28:13.111+0530 [DEBUG] [org.gradle.workers.internal.WorkerDaemonExpiration] Will attempt to release 803 of memory
2021-07-22T21:28:13.111+0530 [DEBUG] [org.gradle.process.internal.health.memory.DefaultMemoryManager] 842339532 memory requested, 0 released, 675495936 free
2021-07-22T21:28:15.854+0530 [DEBUG] [org.gradle.cache.internal.DefaultFileLockManager] Waiting to acquire shared lock on daemon addresses registry.
2021-07-22T21:28:15.854+0530 [DEBUG] [org.gradle.cache.internal.DefaultFileLockManager] Lock acquired on daemon addresses registry.
2021-07-22T21:28:15.855+0530 [DEBUG] [org.gradle.cache.internal.DefaultFileLockManager] Releasing lock on daemon addresses registry.
2021-07-22T21:28:15.856+0530 [DEBUG] [org.gradle.cache.internal.DefaultFileLockManager] Waiting to acquire shared lock on daemon addresses registry.
2021-07-22T21:28:15.856+0530 [DEBUG] [org.gradle.cache.internal.DefaultFileLockManager] Lock acquired on daemon addresses registry.
2021-07-22T21:28:15.857+0530 [DEBUG] [org.gradle.cache.internal.DefaultFileLockManager] Releasing lock on daemon addresses registry.
2021-07-22T21:28:15.858+0530 [DEBUG] [org.gradle.cache.internal.DefaultFileLockManager] Waiting to acquire shared lock on daemon addresses registry.
2021-07-22T21:28:15.858+0530 [DEBUG] [org.gradle.cache.internal.DefaultFileLockManager] Lock acquired on daemon addresses registry.
2021-07-22T21:28:15.858+0530 [DEBUG] [org.gradle.cache.internal.DefaultFileLockManager] Releasing lock on daemon addresses registry.
2021-07-22T21:28:18.100+0530 [DEBUG] [org.gradle.process.internal.health.memory.DefaultMemoryManager] 842339532 memory requested, 702361600 free
2021-07-22T21:28:18.101+0530 [DEBUG] [org.gradle.workers.internal.WorkerDaemonExpiration] Will attempt to release 803 of memory
2021-07-22T21:28:18.101+0530 [DEBUG] [org.gradle.process.internal.health.memory.DefaultMemoryManager] 842339532 memory requested, 0 released, 702361600 free
2021-07-22T21:28:23.107+0530 [DEBUG] [org.gradle.process.internal.health.memory.DefaultMemoryManager] 842339532 memory requested, 710561792 free
2021-07-22T21:28:23.107+0530 [DEBUG] [org.gradle.workers.internal.WorkerDaemonExpiration] Will attempt to release 803 of memory
2021-07-22T21:28:23.107+0530 [DEBUG] [org.gradle.process.internal.health.memory.DefaultMemoryManager] 842339532 memory requested, 0 released, 710561792 free
2021-07-22T21:28:25.858+0530 [DEBUG] [org.gradle.cache.internal.DefaultFileLockManager] Waiting to acquire shared lock on daemon addresses registry.
2021-07-22T21:28:25.858+0530 [DEBUG] [org.gradle.cache.internal.DefaultFileLockManager] Lock acquired on daemon addresses registry.
2021-07-22T21:28:25.859+0530 [DEBUG] [org.gradle.cache.internal.DefaultFileLockManager] Releasing lock on daemon addresses registry.
2021-07-22T21:28:25.860+0530 [DEBUG] [org.gradle.cache.internal.DefaultFileLockManager] Waiting to acquire shared lock on daemon addresses registry.
2021-07-22T21:28:25.861+0530 [DEBUG] [org.gradle.cache.internal.DefaultFileLockManager] Lock acquired on daemon addresses registry.
2021-07-22T21:28:25.861+0530 [DEBUG] [org.gradle.cache.internal.DefaultFileLockManager] Releasing lock on daemon addresses registry.
2021-07-22T21:28:25.862+0530 [DEBUG] [org.gradle.cache.internal.DefaultFileLockManager] Waiting to acquire shared lock on daemon addresses registry.
2021-07-22T21:28:25.862+0530 [DEBUG] [org.gradle.cache.internal.DefaultFileLockManager] Lock acquired on daemon addresses registry.
2021-07-22T21:28:25.862+0530 [DEBUG] [org.gradle.cache.internal.DefaultFileLockManager] Releasing lock on daemon addresses registry.
2021-07-22T21:28:28.110+0530 [DEBUG] [org.gradle.process.internal.health.memory.DefaultMemoryManager] 842339532 memory requested, 716644352 free
2021-07-22T21:28:28.110+0530 [DEBUG] [org.gradle.workers.internal.WorkerDaemonExpiration] Will attempt to release 803 of memory
2021-07-22T21:28:28.111+0530 [DEBUG] [org.gradle.process.internal.health.memory.DefaultMemoryManager] 842339532 memory requested, 0 released, 716644352 free
2021-07-22T21:28:33.109+0530 [DEBUG] [org.gradle.process.internal.health.memory.DefaultMemoryManager] 842339532 memory requested, 699850752 free
2021-07-22T21:28:33.110+0530 [DEBUG] [org.gradle.workers.internal.WorkerDaemonExpiration] Will attempt to release 803 of memory
2021-07-22T21:28:33.111+0530 [DEBUG] [org.gradle.process.internal.health.memory.DefaultMemoryManager] 842339532 memory requested, 0 released, 699850752 free
2021-07-22T21:28:35.850+0530 [DEBUG] [org.gradle.cache.internal.DefaultFileLockManager] Waiting to acquire shared lock on daemon addresses registry.
2021-07-22T21:28:35.850+0530 [DEBUG] [org.gradle.cache.internal.DefaultFileLockManager] Lock acquired on daemon addresses registry.
2021-07-22T21:28:35.850+0530 [DEBUG] [org.gradle.cache.internal.DefaultFileLockManager] Releasing lock on daemon addresses registry.
2021-07-22T21:28:35.851+0530 [DEBUG] [org.gradle.cache.internal.DefaultFileLockManager] Waiting to acquire shared lock on daemon addresses registry.
2021-07-22T21:28:35.851+0530 [DEBUG] [org.gradle.cache.internal.DefaultFileLockManager] Lock acquired on daemon addresses registry.
2021-07-22T21:28:35.851+0530 [DEBUG] [org.gradle.cache.internal.DefaultFileLockManager] Releasing lock on daemon addresses registry.
2021-07-22T21:28:35.852+0530 [DEBUG] [org.gradle.cache.internal.DefaultFileLockManager] Waiting to acquire shared lock on daemon addresses registry.
2021-07-22T21:28:35.852+0530 [DEBUG] [org.gradle.cache.internal.DefaultFileLockManager] Lock acquired on daemon addresses registry.
2021-07-22T21:28:35.852+0530 [DEBUG] [org.gradle.cache.internal.DefaultFileLockManager] Releasing lock on daemon addresses registry.
2021-07-22T21:28:38.108+0530 [DEBUG] [org.gradle.process.internal.health.memory.DefaultMemoryManager] 842339532 memory requested, 704684032 free
2021-07-22T21:28:38.108+0530 [DEBUG] [org.gradle.workers.internal.WorkerDaemonExpiration] Will attempt to release 803 of memory
2021-07-22T21:28:38.108+0530 [DEBUG] [org.gradle.process.internal.health.memory.DefaultMemoryManager] 842339532 memory requested, 0 released, 704684032 free
2021-07-22T21:28:43.104+0530 [DEBUG] [org.gradle.process.internal.health.memory.DefaultMemoryManager] 842339532 memory requested, 707727360 free
2021-07-22T21:28:43.104+0530 [DEBUG] [org.gradle.workers.internal.WorkerDaemonExpiration] Will attempt to release 803 of memory
2021-07-22T21:28:43.104+0530 [DEBUG] [org.gradle.process.internal.health.memory.DefaultMemoryManager] 842339532 memory requested, 0 released, 707727360 free
2021-07-22T21:28:45.848+0530 [DEBUG] [org.gradle.cache.internal.DefaultFileLockManager] Waiting to acquire shared lock on daemon addresses registry.
2021-07-22T21:28:45.848+0530 [DEBUG] [org.gradle.cache.internal.DefaultFileLockManager] Lock acquired on daemon addresses registry.
2021-07-22T21:28:45.849+0530 [DEBUG] [org.gradle.cache.internal.DefaultFileLockManager] Releasing lock on daemon addresses registry.
2021-07-22T21:28:45.849+0530 [DEBUG] [org.gradle.cache.internal.DefaultFileLockManager] Waiting to acquire shared lock on daemon addresses registry.
2021-07-22T21:28:45.849+0530 [DEBUG] [org.gradle.cache.internal.DefaultFileLockManager] Lock acquired on daemon addresses registry.
2021-07-22T21:28:45.849+0530 [DEBUG] [org.gradle.cache.internal.DefaultFileLockManager] Releasing lock on daemon addresses registry.
2021-07-22T21:28:45.850+0530 [DEBUG] [org.gradle.cache.internal.DefaultFileLockManager] Waiting to acquire shared lock on daemon addresses registry.
2021-07-22T21:28:45.850+0530 [DEBUG] [org.gradle.cache.internal.DefaultFileLockManager] Lock acquired on daemon addresses registry.
2021-07-22T21:28:45.850+0530 [DEBUG] [org.gradle.cache.internal.DefaultFileLockManager] Releasing lock on daemon addresses registry.
2021-07-22T21:28:48.098+0530 [DEBUG] [org.gradle.process.internal.health.memory.DefaultMemoryManager] 842339532 memory requested, 688345088 free
2021-07-22T21:28:48.098+0530 [DEBUG] [org.gradle.workers.internal.WorkerDaemonExpiration] Will attempt to release 803 of memory
2021-07-22T21:28:48.099+0530 [DEBUG] [org.gradle.process.internal.health.memory.DefaultMemoryManager] 842339532 memory requested, 0 released, 688345088 free
2021-07-22T21:28:53.103+0530 [DEBUG] [org.gradle.process.internal.health.memory.DefaultMemoryManager] 842339532 memory requested, 627363840 free
2021-07-22T21:28:53.103+0530 [DEBUG] [org.gradle.workers.internal.WorkerDaemonExpiration] Will attempt to release 803 of memory
2021-07-22T21:28:53.103+0530 [DEBUG] [org.gradle.process.internal.health.memory.DefaultMemoryManager] 842339532 memory requested, 0 released, 627363840 free
2021-07-22T21:28:55.849+0530 [DEBUG] [org.gradle.cache.internal.DefaultFileLockManager] Waiting to acquire shared lock on daemon addresses registry.
2021-07-22T21:28:55.849+0530 [DEBUG] [org.gradle.cache.internal.DefaultFileLockManager] Lock acquired on daemon addresses registry.
2021-07-22T21:28:55.849+0530 [DEBUG] [org.gradle.cache.internal.DefaultFileLockManager] Releasing lock on daemon addresses registry.
2021-07-22T21:28:55.849+0530 [DEBUG] [org.gradle.cache.internal.DefaultFileLockManager] Waiting to acquire shared lock on daemon addresses registry.
2021-07-22T21:28:55.849+0530 [DEBUG] [org.gradle.cache.internal.DefaultFileLockManager] Lock acquired on daemon addresses registry.
2021-07-22T21:28:55.850+0530 [DEBUG] [org.gradle.cache.internal.DefaultFileLockManager] Releasing lock on daemon addresses registry.
2021-07-22T21:28:55.850+0530 [DEBUG] [org.gradle.cache.internal.DefaultFileLockManager] Waiting to acquire shared lock on daemon addresses registry.
2021-07-22T21:28:55.850+0530 [DEBUG] [org.gradle.cache.internal.DefaultFileLockManager] Lock acquired on daemon addresses registry.
2021-07-22T21:28:55.850+0530 [DEBUG] [org.gradle.cache.internal.DefaultFileLockManager] Releasing lock on daemon addresses registry.
2021-07-22T21:28:58.105+0530 [DEBUG] [org.gradle.process.internal.health.memory.DefaultMemoryManager] 842339532 memory requested, 687497216 free
2021-07-22T21:28:58.106+0530 [DEBUG] [org.gradle.workers.internal.WorkerDaemonExpiration] Will attempt to release 803 of memory
2021-07-22T21:28:58.106+0530 [DEBUG] [org.gradle.process.internal.health.memory.DefaultMemoryManager] 842339532 memory requested, 0 released, 687497216 free
2021-07-22T21:29:03.096+0530 [DEBUG] [org.gradle.process.internal.health.memory.DefaultMemoryManager] 842339532 memory requested, 680083456 free
2021-07-22T21:29:03.096+0530 [DEBUG] [org.gradle.workers.internal.WorkerDaemonExpiration] Will attempt to release 803 of memory
2021-07-22T21:29:03.096+0530 [DEBUG] [org.gradle.process.internal.health.memory.DefaultMemoryManager] 842339532 memory requested, 0 released, 680083456 free
2021-07-22T21:29:05.856+0530 [DEBUG] [org.gradle.cache.internal.DefaultFileLockManager] Waiting to acquire shared lock on daemon addresses registry.
2021-07-22T21:29:05.856+0530 [DEBUG] [org.gradle.cache.internal.DefaultFileLockManager] Lock acquired on daemon addresses registry.
2021-07-22T21:29:05.856+0530 [DEBUG] [org.gradle.cache.internal.DefaultFileLockManager] Releasing lock on daemon addresses registry.
2021-07-22T21:29:05.857+0530 [DEBUG] [org.gradle.cache.internal.DefaultFileLockManager] Waiting to acquire shared lock on daemon addresses registry.
2021-07-22T21:29:05.857+0530 [DEBUG] [org.gradle.cache.internal.DefaultFileLockManager] Lock acquired on daemon addresses registry.
2021-07-22T21:29:05.857+0530 [DEBUG] [org.gradle.cache.internal.DefaultFileLockManager] Releasing lock on daemon addresses registry.
2021-07-22T21:29:05.858+0530 [DEBUG] [org.gradle.cache.internal.DefaultFileLockManager] Waiting to acquire shared lock on daemon addresses registry.
2021-07-22T21:29:05.858+0530 [DEBUG] [org.gradle.cache.internal.DefaultFileLockManager] Lock acquired on daemon addresses registry.
2021-07-22T21:29:05.858+0530 [DEBUG] [org.gradle.cache.internal.DefaultFileLockManager] Releasing lock on daemon addresses registry.
2021-07-22T21:29:08.095+0530 [DEBUG] [org.gradle.process.internal.health.memory.DefaultMemoryManager] 842339532 memory requested, 704655360 free
2021-07-22T21:29:08.095+0530 [DEBUG] [org.gradle.workers.internal.WorkerDaemonExpiration] Will attempt to release 803 of memory
2021-07-22T21:29:08.095+0530 [DEBUG] [org.gradle.process.internal.health.memory.DefaultMemoryManager] 842339532 memory requested, 0 released, 704655360 free
2021-07-22T21:29:13.108+0530 [DEBUG] [org.gradle.process.internal.health.memory.DefaultMemoryManager] 842339532 memory requested, 680853504 free
2021-07-22T21:29:13.108+0530 [DEBUG] [org.gradle.workers.internal.WorkerDaemonExpiration] Will attempt to release 803 of memory
2021-07-22T21:29:13.109+0530 [DEBUG] [org.gradle.process.internal.health.memory.DefaultMemoryManager] 842339532 memory requested, 0 released, 680853504 free
2021-07-22T21:29:15.847+0530 [DEBUG] [org.gradle.cache.internal.DefaultFileLockManager] Waiting to acquire shared lock on daemon addresses registry.
2021-07-22T21:29:15.847+0530 [DEBUG] [org.gradle.cache.internal.DefaultFileLockManager] Lock acquired on daemon addresses registry.
2021-07-22T21:29:15.847+0530 [DEBUG] [org.gradle.cache.internal.DefaultFileLockManager] Releasing lock on daemon addresses registry.
2021-07-22T21:29:15.847+0530 [DEBUG] [org.gradle.cache.internal.DefaultFileLockManager] Waiting to acquire shared lock on daemon addresses registry.
2021-07-22T21:29:15.847+0530 [DEBUG] [org.gradle.cache.internal.DefaultFileLockManager] Lock acquired on daemon addresses registry.
2021-07-22T21:29:15.848+0530 [DEBUG] [org.gradle.cache.internal.DefaultFileLockManager] Releasing lock on daemon addresses registry.
2021-07-22T21:29:15.848+0530 [DEBUG] [org.gradle.cache.internal.DefaultFileLockManager] Waiting to acquire shared lock on daemon addresses registry.
2021-07-22T21:29:15.848+0530 [DEBUG] [org.gradle.cache.internal.DefaultFileLockManager] Lock acquired on daemon addresses registry.
2021-07-22T21:29:15.848+0530 [DEBUG] [org.gradle.cache.internal.DefaultFileLockManager] Releasing lock on daemon addresses registry.
2021-07-22T21:29:18.107+0530 [DEBUG] [org.gradle.process.internal.health.memory.DefaultMemoryManager] 842339532 memory requested, 691630080 free
2021-07-22T21:29:18.107+0530 [DEBUG] [org.gradle.workers.internal.WorkerDaemonExpiration] Will attempt to release 803 of memory
2021-07-22T21:29:18.107+0530 [DEBUG] [org.gradle.process.internal.health.memory.DefaultMemoryManager] 842339532 memory requested, 0 released, 691630080 free
2021-07-22T21:29:23.096+0530 [DEBUG] [org.gradle.process.internal.health.memory.DefaultMemoryManager] 842339532 memory requested, 682225664 free
2021-07-22T21:29:23.096+0530 [DEBUG] [org.gradle.workers.internal.WorkerDaemonExpiration] Will attempt to release 803 of memory
2021-07-22T21:29:23.096+0530 [DEBUG] [org.gradle.process.internal.health.memory.DefaultMemoryManager] 842339532 memory requested, 0 released, 682225664 free
2021-07-22T21:29:25.860+0530 [DEBUG] [org.gradle.cache.internal.DefaultFileLockManager] Waiting to acquire shared lock on daemon addresses registry.
2021-07-22T21:29:25.860+0530 [DEBUG] [org.gradle.cache.internal.DefaultFileLockManager] Lock acquired on daemon addresses registry.
2021-07-22T21:29:25.860+0530 [DEBUG] [org.gradle.cache.internal.DefaultFileLockManager] Releasing lock on daemon addresses registry.
2021-07-22T21:29:25.860+0530 [DEBUG] [org.gradle.cache.internal.DefaultFileLockManager] Waiting to acquire shared lock on daemon addresses registry.
2021-07-22T21:29:25.860+0530 [DEBUG] [org.gradle.cache.internal.DefaultFileLockManager] Lock acquired on daemon addresses registry.
2021-07-22T21:29:25.860+0530 [DEBUG] [org.gradle.cache.internal.DefaultFileLockManager] Releasing lock on daemon addresses registry.
2021-07-22T21:29:25.861+0530 [DEBUG] [org.gradle.cache.internal.DefaultFileLockManager] Waiting to acquire shared lock on daemon addresses registry.
2021-07-22T21:29:25.861+0530 [DEBUG] [org.gradle.cache.internal.DefaultFileLockManager] Lock acquired on daemon addresses registry.
2021-07-22T21:29:25.861+0530 [DEBUG] [org.gradle.cache.internal.DefaultFileLockManager] Releasing lock on daemon addresses registry.
2021-07-22T21:29:28.101+0530 [DEBUG] [org.gradle.process.internal.health.memory.DefaultMemoryManager] 842339532 memory requested, 683601920 free
2021-07-22T21:29:28.101+0530 [DEBUG] [org.gradle.workers.internal.WorkerDaemonExpiration] Will attempt to release 803 of memory
2021-07-22T21:29:28.101+0530 [DEBUG] [org.gradle.process.internal.health.memory.DefaultMemoryManager] 842339532 memory requested, 0 released, 683601920 free
2021-07-22T21:29:33.098+0530 [DEBUG] [org.gradle.process.internal.health.memory.DefaultMemoryManager] 842339532 memory requested, 679038976 free
2021-07-22T21:29:33.098+0530 [DEBUG] [org.gradle.workers.internal.WorkerDaemonExpiration] Will attempt to release 803 of memory
2021-07-22T21:29:33.098+0530 [DEBUG] [org.gradle.process.internal.health.memory.DefaultMemoryManager] 842339532 memory requested, 0 released, 679038976 free
2021-07-22T21:29:35.860+0530 [DEBUG] [org.gradle.cache.internal.DefaultFileLockManager] Waiting to acquire shared lock on daemon addresses registry.
2021-07-22T21:29:35.860+0530 [DEBUG] [org.gradle.cache.internal.DefaultFileLockManager] Lock acquired on daemon addresses registry.
2021-07-22T21:29:35.860+0530 [DEBUG] [org.gradle.cache.internal.DefaultFileLockManager] Releasing lock on daemon addresses registry.
2021-07-22T21:29:35.861+0530 [DEBUG] [org.gradle.cache.internal.DefaultFileLockManager] Waiting to acquire shared lock on daemon addresses registry.
2021-07-22T21:29:35.861+0530 [DEBUG] [org.gradle.cache.internal.DefaultFileLockManager] Lock acquired on daemon addresses registry.
2021-07-22T21:29:35.861+0530 [DEBUG] [org.gradle.cache.internal.DefaultFileLockManager] Releasing lock on daemon addresses registry.
2021-07-22T21:29:35.861+0530 [DEBUG] [org.gradle.cache.internal.DefaultFileLockManager] Waiting to acquire shared lock on daemon addresses registry.
2021-07-22T21:29:35.862+0530 [DEBUG] [org.gradle.cache.internal.DefaultFileLockManager] Lock acquired on daemon addresses registry.
2021-07-22T21:29:35.862+0530 [DEBUG] [org.gradle.cache.internal.DefaultFileLockManager] Releasing lock on daemon addresses registry.
2021-07-22T21:29:38.097+0530 [DEBUG] [org.gradle.process.internal.health.memory.DefaultMemoryManager] 842339532 memory requested, 675475456 free
2021-07-22T21:29:38.097+0530 [DEBUG] [org.gradle.workers.internal.WorkerDaemonExpiration] Will attempt to release 803 of memory
2021-07-22T21:29:38.097+0530 [DEBUG] [org.gradle.process.internal.health.memory.DefaultMemoryManager] 842339532 memory requested, 0 released, 675475456 free
2021-07-22T21:29:43.099+0530 [DEBUG] [org.gradle.process.internal.health.memory.DefaultMemoryManager] 842339532 memory requested, 679759872 free
2021-07-22T21:29:43.100+0530 [DEBUG] [org.gradle.workers.internal.WorkerDaemonExpiration] Will attempt to release 803 of memory
2021-07-22T21:29:43.100+0530 [DEBUG] [org.gradle.process.internal.health.memory.DefaultMemoryManager] 842339532 memory requested, 0 released, 679759872 free
2021-07-22T21:29:45.860+0530 [DEBUG] [org.gradle.cache.internal.DefaultFileLockManager] Waiting to acquire shared lock on daemon addresses registry.
2021-07-22T21:29:45.860+0530 [DEBUG] [org.gradle.cache.internal.DefaultFileLockManager] Lock acquired on daemon addresses registry.
2021-07-22T21:29:45.860+0530 [DEBUG] [org.gradle.cache.internal.DefaultFileLockManager] Releasing lock on daemon addresses registry.
2021-07-22T21:29:45.860+0530 [DEBUG] [org.gradle.cache.internal.DefaultFileLockManager] Waiting to acquire shared lock on daemon addresses registry.
2021-07-22T21:29:45.860+0530 [DEBUG] [org.gradle.cache.internal.DefaultFileLockManager] Lock acquired on daemon addresses registry.
2021-07-22T21:29:45.860+0530 [DEBUG] [org.gradle.cache.internal.DefaultFileLockManager] Releasing lock on daemon addresses registry.
2021-07-22T21:29:45.861+0530 [DEBUG] [org.gradle.cache.internal.DefaultFileLockManager] Waiting to acquire shared lock on daemon addresses registry.
2021-07-22T21:29:45.861+0530 [DEBUG] [org.gradle.cache.internal.DefaultFileLockManager] Lock acquired on daemon addresses registry.
2021-07-22T21:29:45.861+0530 [DEBUG] [org.gradle.cache.internal.DefaultFileLockManager] Releasing lock on daemon addresses registry.
2021-07-22T21:29:48.108+0530 [DEBUG] [org.gradle.process.internal.health.memory.DefaultMemoryManager] 842339532 memory requested, 656220160 free
2021-07-22T21:29:48.108+0530 [DEBUG] [org.gradle.workers.internal.WorkerDaemonExpiration] Will attempt to release 803 of memory
2021-07-22T21:29:48.108+0530 [DEBUG] [org.gradle.process.internal.health.memory.DefaultMemoryManager] 842339532 memory requested, 0 released, 656220160 free
2021-07-22T21:29:53.103+0530 [DEBUG] [org.gradle.process.internal.health.memory.DefaultMemoryManager] 842339532 memory requested, 659759104 free
2021-07-22T21:29:53.104+0530 [DEBUG] [org.gradle.workers.internal.WorkerDaemonExpiration] Will attempt to release 803 of memory
2021-07-22T21:29:53.104+0530 [DEBUG] [org.gradle.process.internal.health.memory.DefaultMemoryManager] 842339532 memory requested, 0 released, 659759104 free
2021-07-22T21:29:55.864+0530 [DEBUG] [org.gradle.cache.internal.DefaultFileLockManager] Waiting to acquire shared lock on daemon addresses registry.
2021-07-22T21:29:55.864+0530 [DEBUG] [org.gradle.cache.internal.DefaultFileLockManager] Lock acquired on daemon addresses registry.
2021-07-22T21:29:55.864+0530 [DEBUG] [org.gradle.cache.internal.DefaultFileLockManager] Releasing lock on daemon addresses registry.
2021-07-22T21:29:55.864+0530 [DEBUG] [org.gradle.cache.internal.DefaultFileLockManager] Waiting to acquire shared lock on daemon addresses registry.
2021-07-22T21:29:55.864+0530 [DEBUG] [org.gradle.cache.internal.DefaultFileLockManager] Lock acquired on daemon addresses registry.
2021-07-22T21:29:55.864+0530 [DEBUG] [org.gradle.cache.internal.DefaultFileLockManager] Releasing lock on daemon addresses registry.
2021-07-22T21:29:55.865+0530 [DEBUG] [org.gradle.cache.internal.DefaultFileLockManager] Waiting to acquire shared lock on daemon addresses registry.
2021-07-22T21:29:55.865+0530 [DEBUG] [org.gradle.cache.internal.DefaultFileLockManager] Lock acquired on daemon addresses registry.
2021-07-22T21:29:55.865+0530 [DEBUG] [org.gradle.cache.internal.DefaultFileLockManager] Releasing lock on daemon addresses registry.
2021-07-22T21:29:58.111+0530 [DEBUG] [org.gradle.process.internal.health.memory.DefaultMemoryManager] 842339532 memory requested, 665939968 free
2021-07-22T21:29:58.111+0530 [DEBUG] [org.gradle.workers.internal.WorkerDaemonExpiration] Will attempt to release 803 of memory
2021-07-22T21:29:58.111+0530 [DEBUG] [org.gradle.process.internal.health.memory.DefaultMemoryManager] 842339532 memory requested, 0 released, 665939968 free
2021-07-22T21:30:03.099+0530 [DEBUG] [org.gradle.process.internal.health.memory.DefaultMemoryManager] 842339532 memory requested, 640327680 free
2021-07-22T21:30:03.099+0530 [DEBUG] [org.gradle.workers.internal.WorkerDaemonExpiration] Will attempt to release 803 of memory
2021-07-22T21:30:03.099+0530 [DEBUG] [org.gradle.process.internal.health.memory.DefaultMemoryManager] 842339532 memory requested, 0 released, 640327680 free
2021-07-22T21:30:05.859+0530 [DEBUG] [org.gradle.cache.internal.DefaultFileLockManager] Waiting to acquire shared lock on daemon addresses registry.
2021-07-22T21:30:05.859+0530 [DEBUG] [org.gradle.cache.internal.DefaultFileLockManager] Lock acquired on daemon addresses registry.
2021-07-22T21:30:05.860+0530 [DEBUG] [org.gradle.cache.internal.DefaultFileLockManager] Releasing lock on daemon addresses registry.
2021-07-22T21:30:05.861+0530 [DEBUG] [org.gradle.cache.internal.DefaultFileLockManager] Waiting to acquire shared lock on daemon addresses registry.
2021-07-22T21:30:05.861+0530 [DEBUG] [org.gradle.cache.internal.DefaultFileLockManager] Lock acquired on daemon addresses registry.
2021-07-22T21:30:05.861+0530 [DEBUG] [org.gradle.cache.internal.DefaultFileLockManager] Releasing lock on daemon addresses registry.
2021-07-22T21:30:05.861+0530 [DEBUG] [org.gradle.cache.internal.DefaultFileLockManager] Waiting to acquire shared lock on daemon addresses registry.
2021-07-22T21:30:05.861+0530 [DEBUG] [org.gradle.cache.internal.DefaultFileLockManager] Lock acquired on daemon addresses registry.
2021-07-22T21:30:05.861+0530 [DEBUG] [org.gradle.cache.internal.DefaultFileLockManager] Releasing lock on daemon addresses registry.
2021-07-22T21:30:08.105+0530 [DEBUG] [org.gradle.process.internal.health.memory.DefaultMemoryManager] 842339532 memory requested, 643850240 free
2021-07-22T21:30:08.105+0530 [DEBUG] [org.gradle.workers.internal.WorkerDaemonExpiration] Will attempt to release 803 of memory
2021-07-22T21:30:08.105+0530 [DEBUG] [org.gradle.process.internal.health.memory.DefaultMemoryManager] 842339532 memory requested, 0 released, 643850240 free
2021-07-22T21:30:13.100+0530 [DEBUG] [org.gradle.process.internal.health.memory.DefaultMemoryManager] 842339532 memory requested, 648462336 free
2021-07-22T21:30:13.100+0530 [DEBUG] [org.gradle.workers.internal.WorkerDaemonExpiration] Will attempt to release 803 of memory
2021-07-22T21:30:13.100+0530 [DEBUG] [org.gradle.process.internal.health.memory.DefaultMemoryManager] 842339532 memory requested, 0 released, 648462336 free
2021-07-22T21:30:15.855+0530 [DEBUG] [org.gradle.cache.internal.DefaultFileLockManager] Waiting to acquire shared lock on daemon addresses registry.
2021-07-22T21:30:15.855+0530 [DEBUG] [org.gradle.cache.internal.DefaultFileLockManager] Lock acquired on daemon addresses registry.
2021-07-22T21:30:15.856+0530 [DEBUG] [org.gradle.cache.internal.DefaultFileLockManager] Releasing lock on daemon addresses registry.
2021-07-22T21:30:15.857+0530 [DEBUG] [org.gradle.cache.internal.DefaultFileLockManager] Waiting to acquire shared lock on daemon addresses registry.
2021-07-22T21:30:15.857+0530 [DEBUG] [org.gradle.cache.internal.DefaultFileLockManager] Lock acquired on daemon addresses registry.
2021-07-22T21:30:15.858+0530 [DEBUG] [org.gradle.cache.internal.DefaultFileLockManager] Releasing lock on daemon addresses registry.
2021-07-22T21:30:15.858+0530 [DEBUG] [org.gradle.cache.internal.DefaultFileLockManager] Waiting to acquire shared lock on daemon addresses registry.
2021-07-22T21:30:15.859+0530 [DEBUG] [org.gradle.cache.internal.DefaultFileLockManager] Lock acquired on daemon addresses registry.
2021-07-22T21:30:15.859+0530 [DEBUG] [org.gradle.cache.internal.DefaultFileLockManager] Releasing lock on daemon addresses registry.
2021-07-22T21:30:18.097+0530 [DEBUG] [org.gradle.process.internal.health.memory.DefaultMemoryManager] 842339532 memory requested, 564121600 free
2021-07-22T21:30:18.097+0530 [DEBUG] [org.gradle.workers.internal.WorkerDaemonExpiration] Will attempt to release 803 of memory
2021-07-22T21:30:18.097+0530 [DEBUG] [org.gradle.process.internal.health.memory.DefaultMemoryManager] 842339532 memory requested, 0 released, 564121600 free
2021-07-22T21:30:23.097+0530 [DEBUG] [org.gradle.process.internal.health.memory.DefaultMemoryManager] 842339532 memory requested, 519970816 free
2021-07-22T21:30:23.098+0530 [DEBUG] [org.gradle.workers.internal.WorkerDaemonExpiration] Will attempt to release 803 of memory
2021-07-22T21:30:23.098+0530 [DEBUG] [org.gradle.process.internal.health.memory.DefaultMemoryManager] 842339532 memory requested, 0 released, 519970816 free
2021-07-22T21:30:25.849+0530 [DEBUG] [org.gradle.cache.internal.DefaultFileLockManager] Waiting to acquire shared lock on daemon addresses registry.
2021-07-22T21:30:25.849+0530 [DEBUG] [org.gradle.cache.internal.DefaultFileLockManager] Lock acquired on daemon addresses registry.
2021-07-22T21:30:25.850+0530 [DEBUG] [org.gradle.cache.internal.DefaultFileLockManager] Releasing lock on daemon addresses registry.
2021-07-22T21:30:25.851+0530 [DEBUG] [org.gradle.cache.internal.DefaultFileLockManager] Waiting to acquire shared lock on daemon addresses registry.
2021-07-22T21:30:25.851+0530 [DEBUG] [org.gradle.cache.internal.DefaultFileLockManager] Lock acquired on daemon addresses registry.
2021-07-22T21:30:25.852+0530 [DEBUG] [org.gradle.cache.internal.DefaultFileLockManager] Releasing lock on daemon addresses registry.
2021-07-22T21:30:25.853+0530 [DEBUG] [org.gradle.cache.internal.DefaultFileLockManager] Waiting to acquire shared lock on daemon addresses registry.
2021-07-22T21:30:25.853+0530 [DEBUG] [org.gradle.cache.internal.DefaultFileLockManager] Lock acquired on daemon addresses registry.
2021-07-22T21:30:25.853+0530 [DEBUG] [org.gradle.cache.internal.DefaultFileLockManager] Releasing lock on daemon addresses registry.
2021-07-22T21:30:28.103+0530 [DEBUG] [org.gradle.process.internal.health.memory.DefaultMemoryManager] 842339532 memory requested, 575922176 free
2021-07-22T21:30:28.103+0530 [DEBUG] [org.gradle.workers.internal.WorkerDaemonExpiration] Will attempt to release 803 of memory
2021-07-22T21:30:28.103+0530 [DEBUG] [org.gradle.process.internal.health.memory.DefaultMemoryManager] 842339532 memory requested, 0 released, 575922176 free
2021-07-22T21:30:33.111+0530 [DEBUG] [org.gradle.process.internal.health.memory.DefaultMemoryManager] 842339532 memory requested, 574701568 free
2021-07-22T21:30:33.112+0530 [DEBUG] [org.gradle.workers.internal.WorkerDaemonExpiration] Will attempt to release 803 of memory
2021-07-22T21:30:33.112+0530 [DEBUG] [org.gradle.process.internal.health.memory.DefaultMemoryManager] 842339532 memory requested, 0 released, 574701568 free
2021-07-22T21:30:35.849+0530 [DEBUG] [org.gradle.cache.internal.DefaultFileLockManager] Waiting to acquire shared lock on daemon addresses registry.
2021-07-22T21:30:35.850+0530 [DEBUG] [org.gradle.cache.internal.DefaultFileLockManager] Lock acquired on daemon addresses registry.
2021-07-22T21:30:35.850+0530 [DEBUG] [org.gradle.cache.internal.DefaultFileLockManager] Releasing lock on daemon addresses registry.
2021-07-22T21:30:35.851+0530 [DEBUG] [org.gradle.cache.internal.DefaultFileLockManager] Waiting to acquire shared lock on daemon addresses registry.
2021-07-22T21:30:35.851+0530 [DEBUG] [org.gradle.cache.internal.DefaultFileLockManager] Lock acquired on daemon addresses registry.
2021-07-22T21:30:35.852+0530 [DEBUG] [org.gradle.cache.internal.DefaultFileLockManager] Releasing lock on daemon addresses registry.
2021-07-22T21:30:35.853+0530 [DEBUG] [org.gradle.cache.internal.DefaultFileLockManager] Waiting to acquire shared lock on daemon addresses registry.
2021-07-22T21:30:35.853+0530 [DEBUG] [org.gradle.cache.internal.DefaultFileLockManager] Lock acquired on daemon addresses registry.
2021-07-22T21:30:35.854+0530 [DEBUG] [org.gradle.cache.internal.DefaultFileLockManager] Releasing lock on daemon addresses registry.
2021-07-22T21:30:45.848+0530 [DEBUG] [org.gradle.cache.internal.DefaultFileLockManager] Waiting to acquire shared lock on daemon addresses registry.
2021-07-22T21:30:45.848+0530 [DEBUG] [org.gradle.cache.internal.DefaultFileLockManager] Lock acquired on daemon addresses registry.
2021-07-22T21:30:45.849+0530 [DEBUG] [org.gradle.cache.internal.DefaultFileLockManager] Releasing lock on daemon addresses registry.
2021-07-22T21:30:45.851+0530 [DEBUG] [org.gradle.cache.internal.DefaultFileLockManager] Waiting to acquire shared lock on daemon addresses registry.
2021-07-22T21:30:45.851+0530 [DEBUG] [org.gradle.cache.internal.DefaultFileLockManager] Lock acquired on daemon addresses registry.
2021-07-22T21:30:45.852+0530 [DEBUG] [org.gradle.cache.internal.DefaultFileLockManager] Releasing lock on daemon addresses registry.
2021-07-22T21:30:45.852+0530 [DEBUG] [org.gradle.cache.internal.DefaultFileLockManager] Waiting to acquire shared lock on daemon addresses registry.
2021-07-22T21:30:45.852+0530 [DEBUG] [org.gradle.cache.internal.DefaultFileLockManager] Lock acquired on daemon addresses registry.
2021-07-22T21:30:45.852+0530 [DEBUG] [org.gradle.cache.internal.DefaultFileLockManager] Releasing lock on daemon addresses registry.
2021-07-22T21:30:55.854+0530 [DEBUG] [org.gradle.cache.internal.DefaultFileLockManager] Waiting to acquire shared lock on daemon addresses registry.
2021-07-22T21:30:55.854+0530 [DEBUG] [org.gradle.cache.internal.DefaultFileLockManager] Lock acquired on daemon addresses registry.
2021-07-22T21:30:55.854+0530 [DEBUG] [org.gradle.cache.internal.DefaultFileLockManager] Releasing lock on daemon addresses registry.
2021-07-22T21:30:55.855+0530 [DEBUG] [org.gradle.cache.internal.DefaultFileLockManager] Waiting to acquire shared lock on daemon addresses registry.
2021-07-22T21:30:55.855+0530 [DEBUG] [org.gradle.cache.internal.DefaultFileLockManager] Lock acquired on daemon addresses registry.
2021-07-22T21:30:55.856+0530 [DEBUG] [org.gradle.cache.internal.DefaultFileLockManager] Releasing lock on daemon addresses registry.
2021-07-22T21:30:55.856+0530 [DEBUG] [org.gradle.cache.internal.DefaultFileLockManager] Waiting to acquire shared lock on daemon addresses registry.
2021-07-22T21:30:55.856+0530 [DEBUG] [org.gradle.cache.internal.DefaultFileLockManager] Lock acquired on daemon addresses registry.
2021-07-22T21:30:55.857+0530 [DEBUG] [org.gradle.cache.internal.DefaultFileLockManager] Releasing lock on daemon addresses registry.
2021-07-22T21:31:05.859+0530 [DEBUG] [org.gradle.cache.internal.DefaultFileLockManager] Waiting to acquire shared lock on daemon addresses registry.
2021-07-22T21:31:05.859+0530 [DEBUG] [org.gradle.cache.internal.DefaultFileLockManager] Lock acquired on daemon addresses registry.
2021-07-22T21:31:05.860+0530 [DEBUG] [org.gradle.cache.internal.DefaultFileLockManager] Releasing lock on daemon addresses registry.
2021-07-22T21:31:05.861+0530 [DEBUG] [org.gradle.cache.internal.DefaultFileLockManager] Waiting to acquire shared lock on daemon addresses registry.
2021-07-22T21:31:05.861+0530 [DEBUG] [org.gradle.cache.internal.DefaultFileLockManager] Lock acquired on daemon addresses registry.
2021-07-22T21:31:05.861+0530 [DEBUG] [org.gradle.cache.internal.DefaultFileLockManager] Releasing lock on daemon addresses registry.
2021-07-22T21:31:05.862+0530 [DEBUG] [org.gradle.cache.internal.DefaultFileLockManager] Waiting to acquire shared lock on daemon addresses registry.
2021-07-22T21:31:05.863+0530 [DEBUG] [org.gradle.cache.internal.DefaultFileLockManager] Lock acquired on daemon addresses registry.
2021-07-22T21:31:05.863+0530 [DEBUG] [org.gradle.cache.internal.DefaultFileLockManager] Releasing lock on daemon addresses registry.
2021-07-22T21:31:15.854+0530 [DEBUG] [org.gradle.cache.internal.DefaultFileLockManager] Waiting to acquire shared lock on daemon addresses registry.
2021-07-22T21:31:15.855+0530 [DEBUG] [org.gradle.cache.internal.DefaultFileLockManager] Lock acquired on daemon addresses registry.
2021-07-22T21:31:15.855+0530 [DEBUG] [org.gradle.cache.internal.DefaultFileLockManager] Releasing lock on daemon addresses registry.
2021-07-22T21:31:15.856+0530 [DEBUG] [org.gradle.cache.internal.DefaultFileLockManager] Waiting to acquire shared lock on daemon addresses registry.
2021-07-22T21:31:15.856+0530 [DEBUG] [org.gradle.cache.internal.DefaultFileLockManager] Lock acquired on daemon addresses registry.
2021-07-22T21:31:15.856+0530 [DEBUG] [org.gradle.cache.internal.DefaultFileLockManager] Releasing lock on daemon addresses registry.
2021-07-22T21:31:15.856+0530 [DEBUG] [org.gradle.cache.internal.DefaultFileLockManager] Waiting to acquire shared lock on daemon addresses registry.
2021-07-22T21:31:15.856+0530 [DEBUG] [org.gradle.cache.internal.DefaultFileLockManager] Lock acquired on daemon addresses registry.
2021-07-22T21:31:15.857+0530 [DEBUG] [org.gradle.cache.internal.DefaultFileLockManager] Releasing lock on daemon addresses registry.
2021-07-22T21:31:18.434+0530 [DEBUG] [org.gradle.internal.remote.internal.inet.TcpIncomingConnector] Accepted connection from /127.0.0.1:62531 to /127.0.0.1:63212.
2021-07-22T21:31:18.439+0530 [DEBUG] [org.gradle.launcher.daemon.server.SynchronizedDispatchConnection] thread 181: received class org.gradle.launcher.daemon.protocol.StopWhenIdle
2021-07-22T21:31:18.439+0530 [DEBUG] [org.gradle.launcher.daemon.server.DefaultDaemonConnection] thread 181: Received non-IO message from client: StopWhenIdle[id=7d5c15d4-693c-4a46-9012-6cf94e583e63]
2021-07-22T21:31:18.439+0530 [INFO] [org.gradle.launcher.daemon.server.DefaultIncomingConnectionHandler] Received command: StopWhenIdle[id=7d5c15d4-693c-4a46-9012-6cf94e583e63].
2021-07-22T21:31:18.440+0530 [DEBUG] [org.gradle.launcher.daemon.server.DefaultIncomingConnectionHandler] Starting executing command: StopWhenIdle[id=7d5c15d4-693c-4a46-9012-6cf94e583e63] with connection: socket connection from /127.0.0.1:63212 to /127.0.0.1:62531.
2021-07-22T21:31:18.440+0530 [DEBUG] [org.gradle.launcher.daemon.server.DaemonRegistryUpdater] Storing daemon stop event: stop command received
2021-07-22T21:31:18.441+0530 [DEBUG] [org.gradle.launcher.daemon.registry.PersistentDaemonRegistry] Storing daemon stop event with timestamp 1626969678440
2021-07-22T21:31:18.441+0530 [DEBUG] [org.gradle.cache.internal.DefaultFileLockManager] Waiting to acquire exclusive lock on daemon addresses registry.
2021-07-22T21:31:18.450+0530 [DEBUG] [org.gradle.cache.internal.DefaultFileLockManager] Lock acquired on daemon addresses registry.
2021-07-22T21:31:18.451+0530 [DEBUG] [org.gradle.cache.internal.DefaultFileLockManager] Releasing lock on daemon addresses registry.
2021-07-22T21:31:18.452+0530 [LIFECYCLE] [org.gradle.launcher.daemon.server.DaemonStateCoordinator] Daemon will be stopped at the end of the build stop command received
2021-07-22T21:31:18.452+0530 [DEBUG] [org.gradle.launcher.daemon.server.DaemonStateCoordinator] Marking daemon stopped due to stop command received. The daemon is running a build: false
2021-07-22T21:31:18.452+0530 [DEBUG] [org.gradle.launcher.daemon.server.DaemonStateCoordinator] daemon has stopped.
2021-07-22T21:31:18.452+0530 [DEBUG] [org.gradle.launcher.daemon.server.SynchronizedDispatchConnection] thread 180: dispatching Success[value=null]
2021-07-22T21:31:18.452+0530 [DEBUG] [org.gradle.launcher.daemon.server.Daemon] stop() called on daemon
2021-07-22T21:31:18.452+0530 [INFO] [org.gradle.launcher.daemon.server.Daemon] Stop requested. Daemon is removing its presence from the registry...
2021-07-22T21:31:18.452+0530 [DEBUG] [org.gradle.launcher.daemon.server.DefaultIncomingConnectionHandler] Finishing executing command: StopWhenIdle[id=7d5c15d4-693c-4a46-9012-6cf94e583e63]
2021-07-22T21:31:18.452+0530 [DEBUG] [org.gradle.launcher.daemon.server.DaemonRegistryUpdater] Removing our presence to clients, eg. removing this address from the registry: [63362bf5-c8ff-4b73-9a84-956f72c6179f port:63212, addresses:[localhost/127.0.0.1]]
2021-07-22T21:31:18.452+0530 [DEBUG] [org.gradle.launcher.daemon.registry.PersistentDaemonRegistry] Removing daemon address: [63362bf5-c8ff-4b73-9a84-956f72c6179f port:63212, addresses:[localhost/127.0.0.1]]
2021-07-22T21:31:18.452+0530 [DEBUG] [org.gradle.launcher.daemon.server.SynchronizedDispatchConnection] thread 181: received class org.gradle.launcher.daemon.protocol.Finished
2021-07-22T21:31:18.452+0530 [DEBUG] [org.gradle.launcher.daemon.server.DefaultDaemonConnection] thread 181: Received non-IO message from client: org.gradle.launcher.daemon.protocol.Finished@53ce3c42
2021-07-22T21:31:18.453+0530 [DEBUG] [org.gradle.launcher.daemon.server.DefaultIncomingConnectionHandler] Received finished message: org.gradle.launcher.daemon.protocol.Finished@53ce3c42
2021-07-22T21:31:18.453+0530 [DEBUG] [org.gradle.launcher.daemon.server.SynchronizedDispatchConnection] thread 180: stopping connection
2021-07-22T21:31:18.453+0530 [DEBUG] [org.gradle.internal.remote.internal.inet.SocketConnection] Discarding EOFException: java.io.EOFException
2021-07-22T21:31:18.453+0530 [DEBUG] [org.gradle.launcher.daemon.server.SynchronizedDispatchConnection] thread 181: received null
2021-07-22T21:31:18.453+0530 [DEBUG] [org.gradle.launcher.daemon.server.DefaultDaemonConnection] thread 181: Received end-of-input from client.
2021-07-22T21:31:18.453+0530 [DEBUG] [org.gradle.cache.internal.DefaultFileLockManager] Waiting to acquire exclusive lock on daemon addresses registry.
2021-07-22T21:31:18.454+0530 [DEBUG] [org.gradle.launcher.daemon.server.SynchronizedDispatchConnection] thread 180: stopping connection
2021-07-22T21:31:18.454+0530 [DEBUG] [org.gradle.cache.internal.DefaultFileLockManager] Lock acquired on daemon addresses registry.
2021-07-22T21:31:18.459+0530 [DEBUG] [org.gradle.cache.internal.DefaultFileLockManager] Releasing lock on daemon addresses registry.
2021-07-22T21:31:18.459+0530 [DEBUG] [org.gradle.launcher.daemon.server.DaemonRegistryUpdater] Address removed from registry.
2021-07-22T21:31:18.466+0530 [DEBUG] [org.gradle.cache.internal.LockOnDemandCrossProcessCacheAccess] Releasing file lock for jars (E:\AndroidStudioProjects\Mivik\caches\jars-8)
2021-07-22T21:31:18.466+0530 [DEBUG] [org.gradle.cache.internal.DefaultFileLockManager] Releasing lock on jars (E:\AndroidStudioProjects\Mivik\caches\jars-8).
2021-07-22T21:31:18.467+0530 [DEBUG] [org.gradle.cache.internal.DefaultPersistentDirectoryStore] jars (E:\AndroidStudioProjects\Mivik\caches\jars-8) has last been fully cleaned up 6 hours ago
2021-07-22T21:31:18.468+0530 [DEBUG] [org.gradle.cache.internal.LockOnDemandCrossProcessCacheAccess] Releasing file lock for file content cache (E:\AndroidStudioProjects\Mivik\caches\6.7.1\fileContent)
2021-07-22T21:31:18.468+0530 [DEBUG] [org.gradle.cache.internal.DefaultFileLockManager] Releasing lock on file content cache (E:\AndroidStudioProjects\Mivik\caches\6.7.1\fileContent).
2021-07-22T21:31:18.469+0530 [DEBUG] [org.gradle.cache.internal.LockOnDemandCrossProcessCacheAccess] Releasing file lock for Java compile cache (E:\AndroidStudioProjects\Mivik\caches\6.7.1\javaCompile)
2021-07-22T21:31:18.469+0530 [DEBUG] [org.gradle.cache.internal.btree.BTreePersistentIndexedCache] Closing cache jarAnalysis.bin (E:\AndroidStudioProjects\Mivik\caches\6.7.1\javaCompile\jarAnalysis.bin)
2021-07-22T21:31:18.469+0530 [DEBUG] [org.gradle.cache.internal.DefaultFileLockManager] Releasing lock on Java compile cache (E:\AndroidStudioProjects\Mivik\caches\6.7.1\javaCompile).
2021-07-22T21:31:18.470+0530 [DEBUG] [org.gradle.cache.internal.LockOnDemandCrossProcessCacheAccess] Releasing file lock for Artifact transforms cache (E:\AndroidStudioProjects\Mivik\caches\transforms-2)
2021-07-22T21:31:18.471+0530 [DEBUG] [org.gradle.cache.internal.DefaultFileLockManager] Releasing lock on Artifact transforms cache (E:\AndroidStudioProjects\Mivik\caches\transforms-2).
2021-07-22T21:31:18.471+0530 [DEBUG] [org.gradle.cache.internal.DefaultPersistentDirectoryStore] Artifact transforms cache (E:\AndroidStudioProjects\Mivik\caches\transforms-2) has last been fully cleaned up 6 hours ago
2021-07-22T21:31:18.472+0530 [DEBUG] [org.gradle.cache.internal.LockOnDemandCrossProcessCacheAccess] Releasing file lock for artifact cache (E:\AndroidStudioProjects\Mivik\caches\modules-2)
2021-07-22T21:31:18.472+0530 [DEBUG] [org.gradle.cache.internal.btree.BTreePersistentIndexedCache] Closing cache module-artifacts.bin (E:\AndroidStudioProjects\Mivik\caches\modules-2\metadata-2.96\module-artifacts.bin)
2021-07-22T21:31:18.472+0530 [DEBUG] [org.gradle.cache.internal.btree.BTreePersistentIndexedCache] Closing cache module-metadata.bin (E:\AndroidStudioProjects\Mivik\caches\modules-2\metadata-2.96\module-metadata.bin)
2021-07-22T21:31:18.472+0530 [DEBUG] [org.gradle.cache.internal.btree.BTreePersistentIndexedCache] Closing cache module-artifact.bin (E:\AndroidStudioProjects\Mivik\caches\modules-2\metadata-2.96\module-artifact.bin)
2021-07-22T21:31:18.472+0530 [DEBUG] [org.gradle.cache.internal.DefaultFileLockManager] Releasing lock on artifact cache (E:\AndroidStudioProjects\Mivik\caches\modules-2).
2021-07-22T21:31:18.473+0530 [DEBUG] [org.gradle.cache.internal.DefaultPersistentDirectoryStore] artifact cache (E:\AndroidStudioProjects\Mivik\caches\modules-2) has last been fully cleaned up 6 hours ago
2021-07-22T21:31:18.473+0530 [DEBUG] [org.gradle.cache.internal.DefaultCacheAccess] Cache Generated Gradle JARs cache (E:\AndroidStudioProjects\Mivik\caches\6.7.1\generated-gradle-jars) was closed 0 times.
2021-07-22T21:31:18.473+0530 [DEBUG] [org.gradle.cache.internal.LockOnDemandCrossProcessCacheAccess] Releasing file lock for journal cache (E:\AndroidStudioProjects\Mivik\caches\journal-1)
2021-07-22T21:31:18.473+0530 [DEBUG] [org.gradle.cache.internal.btree.BTreePersistentIndexedCache] Closing cache file-access.bin (E:\AndroidStudioProjects\Mivik\caches\journal-1\file-access.bin)
2021-07-22T21:31:18.474+0530 [DEBUG] [org.gradle.cache.internal.DefaultFileLockManager] Releasing lock on journal cache (E:\AndroidStudioProjects\Mivik\caches\journal-1).
2021-07-22T21:31:18.475+0530 [DEBUG] [org.gradle.cache.internal.LockOnDemandCrossProcessCacheAccess] Releasing file lock for file hash cache (E:\AndroidStudioProjects\Mivik\caches\6.7.1\fileHashes)
2021-07-22T21:31:18.475+0530 [DEBUG] [org.gradle.cache.internal.btree.BTreePersistentIndexedCache] Closing cache fileHashes.bin (E:\AndroidStudioProjects\Mivik\caches\6.7.1\fileHashes\fileHashes.bin)
2021-07-22T21:31:18.475+0530 [DEBUG] [org.gradle.cache.internal.btree.BTreePersistentIndexedCache] Closing cache resourceHashesCache.bin (E:\AndroidStudioProjects\Mivik\caches\6.7.1\fileHashes\resourceHashesCache.bin)
2021-07-22T21:31:18.475+0530 [DEBUG] [org.gradle.cache.internal.DefaultFileLockManager] Releasing lock on file hash cache (E:\AndroidStudioProjects\Mivik\caches\6.7.1\fileHashes).
2021-07-22T21:31:18.476+0530 [DEBUG] [org.gradle.cache.internal.LockOnDemandCrossProcessCacheAccess] Releasing file lock for execution history cache (E:\AndroidStudioProjects\Mivik\caches\6.7.1\executionHistory)
2021-07-22T21:31:18.476+0530 [DEBUG] [org.gradle.cache.internal.btree.BTreePersistentIndexedCache] Closing cache executionHistory.bin (E:\AndroidStudioProjects\Mivik\caches\6.7.1\executionHistory\executionHistory.bin)
2021-07-22T21:31:18.476+0530 [DEBUG] [org.gradle.cache.internal.DefaultFileLockManager] Releasing lock on execution history cache (E:\AndroidStudioProjects\Mivik\caches\6.7.1\executionHistory).
Daemon vm is shutting down... The daemon has exited normally or was terminated in response to a user interrupt.
2021-07-22T21:31:18.478+0530 [DEBUG] [org.gradle.launcher.daemon.registry.PersistentDaemonRegistry] Removing daemon address: [63362bf5-c8ff-4b73-9a84-956f72c6179f port:63212, addresses:[localhost/127.0.0.1]]
2021-07-22T21:31:18.479+0530 [DEBUG] [org.gradle.cache.internal.DefaultFileLockManager] Waiting to acquire exclusive lock on daemon addresses registry.
2021-07-22T21:31:18.480+0530 [DEBUG] [org.gradle.cache.internal.DefaultFileLockManager] Lock acquired on daemon addresses registry.
2021-07-22T21:31:18.484+0530 [DEBUG] [org.gradle.cache.internal.DefaultFileLockManager] Releasing lock on daemon addresses registry.
