2021-07-31T20:38:13.326+0530 [DEBUG] [org.gradle.launcher.daemon.bootstrap.DaemonMain] Assuming the daemon was started with following jvm opts: [--add-opens, java.base/java.util=ALL-UNNAMED, --add-opens, java.base/java.lang=ALL-UNNAMED, --add-opens, java.base/java.lang.invoke=ALL-UNNAMED, --add-opens, java.prefs/java.util.prefs=ALL-UNNAMED, -Xmx2048m, -Dfile.encoding=UTF-8, -Duser.country=IN, -Duser.language=en, -Duser.variant]
2021-07-31T20:38:13.485+0530 [DEBUG] [org.gradle.internal.nativeintegration.services.NativeServices] Native-platform posix files integration is not available. Continuing with fallback.
2021-07-31T20:38:13.504+0530 [INFO] [org.gradle.launcher.daemon.server.Daemon] start() called on daemon - DefaultDaemonContext[uid=494440b6-9a75-411f-8e48-169e309171cf,javaHome=C:\Program Files\Android\Android Studio1\jre,daemonRegistryDir=E:\AndroidStudioProjects\Mivik\daemon,pid=600,idleTimeout=10800000,priority=NORMAL,daemonOpts=--add-opens,java.base/java.util=ALL-UNNAMED,--add-opens,java.base/java.lang=ALL-UNNAMED,--add-opens,java.base/java.lang.invoke=ALL-UNNAMED,--add-opens,java.prefs/java.util.prefs=ALL-UNNAMED,-Xmx2048m,-Dfile.encoding=UTF-8,-Duser.country=IN,-Duser.language=en,-Duser.variant]
2021-07-31T20:38:14.043+0530 [DEBUG] [org.gradle.internal.remote.internal.inet.InetAddresses] Adding IP addresses for network interface Software Loopback Interface 1
2021-07-31T20:38:14.045+0530 [DEBUG] [org.gradle.internal.remote.internal.inet.InetAddresses] Is this a loopback interface? true
2021-07-31T20:38:14.047+0530 [DEBUG] [org.gradle.internal.remote.internal.inet.InetAddresses] Adding loopback address /127.0.0.1
2021-07-31T20:38:14.048+0530 [DEBUG] [org.gradle.internal.remote.internal.inet.InetAddresses] Adding loopback address /0:0:0:0:0:0:0:1
2021-07-31T20:38:14.050+0530 [DEBUG] [org.gradle.internal.remote.internal.inet.InetAddresses] Adding IP addresses for network interface Microsoft 6to4 Adapter
2021-07-31T20:38:14.053+0530 [DEBUG] [org.gradle.internal.remote.internal.inet.InetAddresses] Is this a loopback interface? false
2021-07-31T20:38:14.053+0530 [DEBUG] [org.gradle.internal.remote.internal.inet.InetAddresses] Adding IP addresses for network interface Intel(R) Wireless-AC 9560 160MHz
2021-07-31T20:38:14.055+0530 [DEBUG] [org.gradle.internal.remote.internal.inet.InetAddresses] Is this a loopback interface? false
2021-07-31T20:38:14.055+0530 [DEBUG] [org.gradle.internal.remote.internal.inet.InetAddresses] Adding remote address /192.168.29.209
2021-07-31T20:38:14.056+0530 [DEBUG] [org.gradle.internal.remote.internal.inet.InetAddresses] Adding remote address /fe80:0:0:0:c5e3:cec9:3e26:84f0%wlan0
2021-07-31T20:38:14.056+0530 [DEBUG] [org.gradle.internal.remote.internal.inet.InetAddresses] Adding IP addresses for network interface Microsoft Wi-Fi Direct Virtual Adapter
2021-07-31T20:38:14.058+0530 [DEBUG] [org.gradle.internal.remote.internal.inet.InetAddresses] Is this a loopback interface? false
2021-07-31T20:38:14.059+0530 [DEBUG] [org.gradle.internal.remote.internal.inet.InetAddresses] Adding remote address /fe80:0:0:0:d0c3:9344:b847:468e%wlan1
2021-07-31T20:38:14.059+0530 [DEBUG] [org.gradle.internal.remote.internal.inet.InetAddresses] Adding IP addresses for network interface Bluetooth Device (Personal Area Network)
2021-07-31T20:38:14.061+0530 [DEBUG] [org.gradle.internal.remote.internal.inet.InetAddresses] Is this a loopback interface? false
2021-07-31T20:38:14.061+0530 [DEBUG] [org.gradle.internal.remote.internal.inet.InetAddresses] Adding remote address /fe80:0:0:0:7c8b:3303:fb8c:5303%eth0
2021-07-31T20:38:14.062+0530 [DEBUG] [org.gradle.internal.remote.internal.inet.InetAddresses] Adding IP addresses for network interface WAN Miniport (IP)
2021-07-31T20:38:14.064+0530 [DEBUG] [org.gradle.internal.remote.internal.inet.InetAddresses] Is this a loopback interface? false
2021-07-31T20:38:14.064+0530 [DEBUG] [org.gradle.internal.remote.internal.inet.InetAddresses] Adding IP addresses for network interface Microsoft IP-HTTPS Platform Adapter
2021-07-31T20:38:14.067+0530 [DEBUG] [org.gradle.internal.remote.internal.inet.InetAddresses] Is this a loopback interface? false
2021-07-31T20:38:14.067+0530 [DEBUG] [org.gradle.internal.remote.internal.inet.InetAddresses] Adding IP addresses for network interface WAN Miniport (SSTP)
2021-07-31T20:38:14.070+0530 [DEBUG] [org.gradle.internal.remote.internal.inet.InetAddresses] Is this a loopback interface? false
2021-07-31T20:38:14.070+0530 [DEBUG] [org.gradle.internal.remote.internal.inet.InetAddresses] Adding IP addresses for network interface WAN Miniport (PPPOE)
2021-07-31T20:38:14.074+0530 [DEBUG] [org.gradle.internal.remote.internal.inet.InetAddresses] Is this a loopback interface? false
2021-07-31T20:38:14.074+0530 [DEBUG] [org.gradle.internal.remote.internal.inet.InetAddresses] Adding IP addresses for network interface Microsoft Wi-Fi Direct Virtual Adapter #2
2021-07-31T20:38:14.077+0530 [DEBUG] [org.gradle.internal.remote.internal.inet.InetAddresses] Is this a loopback interface? false
2021-07-31T20:38:14.077+0530 [DEBUG] [org.gradle.internal.remote.internal.inet.InetAddresses] Adding remote address /fe80:0:0:0:3189:41ff:bc1:c92a%wlan2
2021-07-31T20:38:14.077+0530 [DEBUG] [org.gradle.internal.remote.internal.inet.InetAddresses] Adding IP addresses for network interface Microsoft Teredo Tunneling Adapter
2021-07-31T20:38:14.080+0530 [DEBUG] [org.gradle.internal.remote.internal.inet.InetAddresses] Is this a loopback interface? false
2021-07-31T20:38:14.080+0530 [DEBUG] [org.gradle.internal.remote.internal.inet.InetAddresses] Adding IP addresses for network interface Microsoft Kernel Debug Network Adapter
2021-07-31T20:38:14.082+0530 [DEBUG] [org.gradle.internal.remote.internal.inet.InetAddresses] Is this a loopback interface? false
2021-07-31T20:38:14.083+0530 [DEBUG] [org.gradle.internal.remote.internal.inet.InetAddresses] Adding IP addresses for network interface WAN Miniport (IPv6)
2021-07-31T20:38:14.085+0530 [DEBUG] [org.gradle.internal.remote.internal.inet.InetAddresses] Is this a loopback interface? false
2021-07-31T20:38:14.086+0530 [DEBUG] [org.gradle.internal.remote.internal.inet.InetAddresses] Adding IP addresses for network interface WAN Miniport (PPTP)
2021-07-31T20:38:14.088+0530 [DEBUG] [org.gradle.internal.remote.internal.inet.InetAddresses] Is this a loopback interface? false
2021-07-31T20:38:14.088+0530 [DEBUG] [org.gradle.internal.remote.internal.inet.InetAddresses] Adding IP addresses for network interface WAN Miniport (IKEv2)
2021-07-31T20:38:14.091+0530 [DEBUG] [org.gradle.internal.remote.internal.inet.InetAddresses] Is this a loopback interface? false
2021-07-31T20:38:14.091+0530 [DEBUG] [org.gradle.internal.remote.internal.inet.InetAddresses] Adding IP addresses for network interface Realtek Gaming GbE Family Controller
2021-07-31T20:38:14.093+0530 [DEBUG] [org.gradle.internal.remote.internal.inet.InetAddresses] Is this a loopback interface? false
2021-07-31T20:38:14.093+0530 [DEBUG] [org.gradle.internal.remote.internal.inet.InetAddresses] Adding remote address /fe80:0:0:0:356f:34db:5419:d24e%eth4
2021-07-31T20:38:14.094+0530 [DEBUG] [org.gradle.internal.remote.internal.inet.InetAddresses] Adding IP addresses for network interface WAN Miniport (L2TP)
2021-07-31T20:38:14.096+0530 [DEBUG] [org.gradle.internal.remote.internal.inet.InetAddresses] Is this a loopback interface? false
2021-07-31T20:38:14.097+0530 [DEBUG] [org.gradle.internal.remote.internal.inet.InetAddresses] Adding IP addresses for network interface WAN Miniport (Network Monitor)
2021-07-31T20:38:14.099+0530 [DEBUG] [org.gradle.internal.remote.internal.inet.InetAddresses] Is this a loopback interface? false
2021-07-31T20:38:14.099+0530 [DEBUG] [org.gradle.internal.remote.internal.inet.InetAddresses] Adding IP addresses for network interface Realtek Gaming GbE Family Controller-WFP Native MAC Layer LightWeight Filter-0000
2021-07-31T20:38:14.102+0530 [DEBUG] [org.gradle.internal.remote.internal.inet.InetAddresses] Is this a loopback interface? false
2021-07-31T20:38:14.102+0530 [DEBUG] [org.gradle.internal.remote.internal.inet.InetAddresses] Adding IP addresses for network interface Realtek Gaming GbE Family Controller-Realtek NDIS LightWeight Filter (NDIS 6.40)-0000
2021-07-31T20:38:14.104+0530 [DEBUG] [org.gradle.internal.remote.internal.inet.InetAddresses] Is this a loopback interface? false
2021-07-31T20:38:14.104+0530 [DEBUG] [org.gradle.internal.remote.internal.inet.InetAddresses] Adding IP addresses for network interface Realtek Gaming GbE Family Controller-QoS Packet Scheduler-0000
2021-07-31T20:38:14.107+0530 [DEBUG] [org.gradle.internal.remote.internal.inet.InetAddresses] Is this a loopback interface? false
2021-07-31T20:38:14.107+0530 [DEBUG] [org.gradle.internal.remote.internal.inet.InetAddresses] Adding IP addresses for network interface Realtek Gaming GbE Family Controller-WFP 802.3 MAC Layer LightWeight Filter-0000
2021-07-31T20:38:14.109+0530 [DEBUG] [org.gradle.internal.remote.internal.inet.InetAddresses] Is this a loopback interface? false
2021-07-31T20:38:14.109+0530 [DEBUG] [org.gradle.internal.remote.internal.inet.InetAddresses] Adding IP addresses for network interface Intel(R) Wireless-AC 9560 160MHz-WFP Native MAC Layer LightWeight Filter-0000
2021-07-31T20:38:14.111+0530 [DEBUG] [org.gradle.internal.remote.internal.inet.InetAddresses] Is this a loopback interface? false
2021-07-31T20:38:14.112+0530 [DEBUG] [org.gradle.internal.remote.internal.inet.InetAddresses] Adding IP addresses for network interface Intel(R) Wireless-AC 9560 160MHz-Virtual WiFi Filter Driver-0000
2021-07-31T20:38:14.113+0530 [DEBUG] [org.gradle.internal.remote.internal.inet.InetAddresses] Is this a loopback interface? false
2021-07-31T20:38:14.114+0530 [DEBUG] [org.gradle.internal.remote.internal.inet.InetAddresses] Adding IP addresses for network interface Intel(R) Wireless-AC 9560 160MHz-Native WiFi Filter Driver-0000
2021-07-31T20:38:14.116+0530 [DEBUG] [org.gradle.internal.remote.internal.inet.InetAddresses] Is this a loopback interface? false
2021-07-31T20:38:14.116+0530 [DEBUG] [org.gradle.internal.remote.internal.inet.InetAddresses] Adding IP addresses for network interface Intel(R) Wireless-AC 9560 160MHz-Realtek NDIS LightWeight Filter (NDIS 6.40)-0000
2021-07-31T20:38:14.118+0530 [DEBUG] [org.gradle.internal.remote.internal.inet.InetAddresses] Is this a loopback interface? false
2021-07-31T20:38:14.118+0530 [DEBUG] [org.gradle.internal.remote.internal.inet.InetAddresses] Adding IP addresses for network interface Intel(R) Wireless-AC 9560 160MHz-QoS Packet Scheduler-0000
2021-07-31T20:38:14.121+0530 [DEBUG] [org.gradle.internal.remote.internal.inet.InetAddresses] Is this a loopback interface? false
2021-07-31T20:38:14.121+0530 [DEBUG] [org.gradle.internal.remote.internal.inet.InetAddresses] Adding IP addresses for network interface Intel(R) Wireless-AC 9560 160MHz-WFP 802.3 MAC Layer LightWeight Filter-0000
2021-07-31T20:38:14.123+0530 [DEBUG] [org.gradle.internal.remote.internal.inet.InetAddresses] Is this a loopback interface? false
2021-07-31T20:38:14.123+0530 [DEBUG] [org.gradle.internal.remote.internal.inet.InetAddresses] Adding IP addresses for network interface Microsoft Wi-Fi Direct Virtual Adapter-WFP Native MAC Layer LightWeight Filter-0000
2021-07-31T20:38:14.125+0530 [DEBUG] [org.gradle.internal.remote.internal.inet.InetAddresses] Is this a loopback interface? false
2021-07-31T20:38:14.125+0530 [DEBUG] [org.gradle.internal.remote.internal.inet.InetAddresses] Adding IP addresses for network interface Microsoft Wi-Fi Direct Virtual Adapter-Native WiFi Filter Driver-0000
2021-07-31T20:38:14.127+0530 [DEBUG] [org.gradle.internal.remote.internal.inet.InetAddresses] Is this a loopback interface? false
2021-07-31T20:38:14.127+0530 [DEBUG] [org.gradle.internal.remote.internal.inet.InetAddresses] Adding IP addresses for network interface Microsoft Wi-Fi Direct Virtual Adapter-Realtek NDIS LightWeight Filter (NDIS 6.40)-0000
2021-07-31T20:38:14.129+0530 [DEBUG] [org.gradle.internal.remote.internal.inet.InetAddresses] Is this a loopback interface? false
2021-07-31T20:38:14.130+0530 [DEBUG] [org.gradle.internal.remote.internal.inet.InetAddresses] Adding IP addresses for network interface Microsoft Wi-Fi Direct Virtual Adapter-QoS Packet Scheduler-0000
2021-07-31T20:38:14.132+0530 [DEBUG] [org.gradle.internal.remote.internal.inet.InetAddresses] Is this a loopback interface? false
2021-07-31T20:38:14.132+0530 [DEBUG] [org.gradle.internal.remote.internal.inet.InetAddresses] Adding IP addresses for network interface Microsoft Wi-Fi Direct Virtual Adapter-WFP 802.3 MAC Layer LightWeight Filter-0000
2021-07-31T20:38:14.134+0530 [DEBUG] [org.gradle.internal.remote.internal.inet.InetAddresses] Is this a loopback interface? false
2021-07-31T20:38:14.134+0530 [DEBUG] [org.gradle.internal.remote.internal.inet.InetAddresses] Adding IP addresses for network interface WAN Miniport (IP)-WFP Native MAC Layer LightWeight Filter-0000
2021-07-31T20:38:14.136+0530 [DEBUG] [org.gradle.internal.remote.internal.inet.InetAddresses] Is this a loopback interface? false
2021-07-31T20:38:14.136+0530 [DEBUG] [org.gradle.internal.remote.internal.inet.InetAddresses] Adding IP addresses for network interface WAN Miniport (IP)-Realtek NDIS LightWeight Filter (NDIS 6.40)-0000
2021-07-31T20:38:14.138+0530 [DEBUG] [org.gradle.internal.remote.internal.inet.InetAddresses] Is this a loopback interface? false
2021-07-31T20:38:14.138+0530 [DEBUG] [org.gradle.internal.remote.internal.inet.InetAddresses] Adding IP addresses for network interface WAN Miniport (IP)-QoS Packet Scheduler-0000
2021-07-31T20:38:14.140+0530 [DEBUG] [org.gradle.internal.remote.internal.inet.InetAddresses] Is this a loopback interface? false
2021-07-31T20:38:14.140+0530 [DEBUG] [org.gradle.internal.remote.internal.inet.InetAddresses] Adding IP addresses for network interface WAN Miniport (IPv6)-WFP Native MAC Layer LightWeight Filter-0000
2021-07-31T20:38:14.142+0530 [DEBUG] [org.gradle.internal.remote.internal.inet.InetAddresses] Is this a loopback interface? false
2021-07-31T20:38:14.142+0530 [DEBUG] [org.gradle.internal.remote.internal.inet.InetAddresses] Adding IP addresses for network interface WAN Miniport (IPv6)-Realtek NDIS LightWeight Filter (NDIS 6.40)-0000
2021-07-31T20:38:14.144+0530 [DEBUG] [org.gradle.internal.remote.internal.inet.InetAddresses] Is this a loopback interface? false
2021-07-31T20:38:14.144+0530 [DEBUG] [org.gradle.internal.remote.internal.inet.InetAddresses] Adding IP addresses for network interface WAN Miniport (IPv6)-QoS Packet Scheduler-0000
2021-07-31T20:38:14.146+0530 [DEBUG] [org.gradle.internal.remote.internal.inet.InetAddresses] Is this a loopback interface? false
2021-07-31T20:38:14.146+0530 [DEBUG] [org.gradle.internal.remote.internal.inet.InetAddresses] Adding IP addresses for network interface WAN Miniport (Network Monitor)-WFP Native MAC Layer LightWeight Filter-0000
2021-07-31T20:38:14.148+0530 [DEBUG] [org.gradle.internal.remote.internal.inet.InetAddresses] Is this a loopback interface? false
2021-07-31T20:38:14.148+0530 [DEBUG] [org.gradle.internal.remote.internal.inet.InetAddresses] Adding IP addresses for network interface WAN Miniport (Network Monitor)-Realtek NDIS LightWeight Filter (NDIS 6.40)-0000
2021-07-31T20:38:14.150+0530 [DEBUG] [org.gradle.internal.remote.internal.inet.InetAddresses] Is this a loopback interface? false
2021-07-31T20:38:14.150+0530 [DEBUG] [org.gradle.internal.remote.internal.inet.InetAddresses] Adding IP addresses for network interface WAN Miniport (Network Monitor)-QoS Packet Scheduler-0000
2021-07-31T20:38:14.152+0530 [DEBUG] [org.gradle.internal.remote.internal.inet.InetAddresses] Is this a loopback interface? false
2021-07-31T20:38:14.152+0530 [DEBUG] [org.gradle.internal.remote.internal.inet.InetAddresses] Adding IP addresses for network interface Microsoft Wi-Fi Direct Virtual Adapter #2-WFP Native MAC Layer LightWeight Filter-0000
2021-07-31T20:38:14.154+0530 [DEBUG] [org.gradle.internal.remote.internal.inet.InetAddresses] Is this a loopback interface? false
2021-07-31T20:38:14.155+0530 [DEBUG] [org.gradle.internal.remote.internal.inet.InetAddresses] Adding IP addresses for network interface Microsoft Wi-Fi Direct Virtual Adapter #2-Native WiFi Filter Driver-0000
2021-07-31T20:38:14.157+0530 [DEBUG] [org.gradle.internal.remote.internal.inet.InetAddresses] Is this a loopback interface? false
2021-07-31T20:38:14.157+0530 [DEBUG] [org.gradle.internal.remote.internal.inet.InetAddresses] Adding IP addresses for network interface Microsoft Wi-Fi Direct Virtual Adapter #2-Realtek NDIS LightWeight Filter (NDIS 6.40)-0000
2021-07-31T20:38:14.159+0530 [DEBUG] [org.gradle.internal.remote.internal.inet.InetAddresses] Is this a loopback interface? false
2021-07-31T20:38:14.159+0530 [DEBUG] [org.gradle.internal.remote.internal.inet.InetAddresses] Adding IP addresses for network interface Microsoft Wi-Fi Direct Virtual Adapter #2-QoS Packet Scheduler-0000
2021-07-31T20:38:14.161+0530 [DEBUG] [org.gradle.internal.remote.internal.inet.InetAddresses] Is this a loopback interface? false
2021-07-31T20:38:14.161+0530 [DEBUG] [org.gradle.internal.remote.internal.inet.InetAddresses] Adding IP addresses for network interface Microsoft Wi-Fi Direct Virtual Adapter #2-WFP 802.3 MAC Layer LightWeight Filter-0000
2021-07-31T20:38:14.163+0530 [DEBUG] [org.gradle.internal.remote.internal.inet.InetAddresses] Is this a loopback interface? false
2021-07-31T20:38:14.164+0530 [DEBUG] [org.gradle.internal.remote.internal.inet.TcpIncomingConnector] Listening on [5e6aa992-7166-4c68-894e-65d4abce917d port:53624, addresses:[localhost/127.0.0.1]].
2021-07-31T20:38:14.173+0530 [DEBUG] [org.gradle.launcher.daemon.server.Daemon] Daemon starting at: Sat Jul 31 20:38:14 IST 2021, with address: [5e6aa992-7166-4c68-894e-65d4abce917d port:53624, addresses:[localhost/127.0.0.1]]
2021-07-31T20:38:14.173+0530 [INFO] [org.gradle.launcher.daemon.server.DaemonRegistryUpdater] Advertising the daemon address to the clients: [5e6aa992-7166-4c68-894e-65d4abce917d port:53624, addresses:[localhost/127.0.0.1]]
2021-07-31T20:38:14.173+0530 [DEBUG] [org.gradle.launcher.daemon.server.DaemonRegistryUpdater] Advertised daemon context: DefaultDaemonContext[uid=494440b6-9a75-411f-8e48-169e309171cf,javaHome=C:\Program Files\Android\Android Studio1\jre,daemonRegistryDir=E:\AndroidStudioProjects\Mivik\daemon,pid=600,idleTimeout=10800000,priority=NORMAL,daemonOpts=--add-opens,java.base/java.util=ALL-UNNAMED,--add-opens,java.base/java.lang=ALL-UNNAMED,--add-opens,java.base/java.lang.invoke=ALL-UNNAMED,--add-opens,java.prefs/java.util.prefs=ALL-UNNAMED,-Xmx2048m,-Dfile.encoding=UTF-8,-Duser.country=IN,-Duser.language=en,-Duser.variant]
2021-07-31T20:38:14.174+0530 [DEBUG] [org.gradle.launcher.daemon.registry.PersistentDaemonRegistry] Storing daemon address: [5e6aa992-7166-4c68-894e-65d4abce917d port:53624, addresses:[localhost/127.0.0.1]], context: DefaultDaemonContext[uid=494440b6-9a75-411f-8e48-169e309171cf,javaHome=C:\Program Files\Android\Android Studio1\jre,daemonRegistryDir=E:\AndroidStudioProjects\Mivik\daemon,pid=600,idleTimeout=10800000,priority=NORMAL,daemonOpts=--add-opens,java.base/java.util=ALL-UNNAMED,--add-opens,java.base/java.lang=ALL-UNNAMED,--add-opens,java.base/java.lang.invoke=ALL-UNNAMED,--add-opens,java.prefs/java.util.prefs=ALL-UNNAMED,-Xmx2048m,-Dfile.encoding=UTF-8,-Duser.country=IN,-Duser.language=en,-Duser.variant]
2021-07-31T20:38:14.180+0530 [DEBUG] [org.gradle.cache.internal.DefaultFileLockManager] Waiting to acquire exclusive lock on daemon addresses registry.
2021-07-31T20:38:14.183+0530 [DEBUG] [org.gradle.cache.internal.DefaultFileLockManager] Lock acquired on daemon addresses registry.
2021-07-31T20:38:14.187+0530 [DEBUG] [org.gradle.cache.internal.DefaultFileLockManager] Releasing lock on daemon addresses registry.
2021-07-31T20:38:14.187+0530 [LIFECYCLE] [org.gradle.launcher.daemon.server.Daemon] Daemon server started.
2021-07-31T20:38:14.189+0530 [DEBUG] [org.gradle.launcher.daemon.bootstrap.DaemonStartupCommunication] Completed writing the daemon greeting. Closing streams...
2021-07-31T20:38:14.194+0530 [DEBUG] [org.gradle.launcher.daemon.server.Daemon] stopOnExpiration() called on daemon
2021-07-31T20:38:14.195+0530 [DEBUG] [org.gradle.launcher.daemon.server.Daemon] awaitExpiration() called on daemon
2021-07-31T20:38:14.196+0530 [DEBUG] [org.gradle.launcher.daemon.server.DaemonStateCoordinator] daemon is running. Sleeping until state changes.
2021-07-31T20:38:14.202+0530 [DEBUG] [org.gradle.internal.remote.internal.inet.TcpIncomingConnector] Accepted connection from /127.0.0.1:53625 to /127.0.0.1:53624.
2021-07-31T20:38:14.276+0530 [DEBUG] [org.gradle.launcher.daemon.server.SynchronizedDispatchConnection] thread 20: received class org.gradle.launcher.daemon.protocol.Build
2021-07-31T20:38:14.277+0530 [DEBUG] [org.gradle.launcher.daemon.server.DefaultDaemonConnection] thread 20: Received non-IO message from client: Build{id=05c99625-bcdf-4498-bae6-15dc3a72e156, currentDir=E:\AndroidStudioProjects\earthquake_updates}
2021-07-31T20:38:14.277+0530 [INFO] [org.gradle.launcher.daemon.server.DefaultIncomingConnectionHandler] Received command: Build{id=05c99625-bcdf-4498-bae6-15dc3a72e156, currentDir=E:\AndroidStudioProjects\earthquake_updates}.
2021-07-31T20:38:14.277+0530 [DEBUG] [org.gradle.launcher.daemon.server.DefaultIncomingConnectionHandler] Starting executing command: Build{id=05c99625-bcdf-4498-bae6-15dc3a72e156, currentDir=E:\AndroidStudioProjects\earthquake_updates} with connection: socket connection from /127.0.0.1:53624 to /127.0.0.1:53625.
2021-07-31T20:38:14.280+0530 [ERROR] [org.gradle.launcher.daemon.server.DaemonStateCoordinator] Command execution: started DaemonCommandExecution[command = Build{id=05c99625-bcdf-4498-bae6-15dc3a72e156, currentDir=E:\AndroidStudioProjects\earthquake_updates}, connection = DefaultDaemonConnection: socket connection from /127.0.0.1:53624 to /127.0.0.1:53625] after 0.0 minutes of idle
2021-07-31T20:38:14.280+0530 [INFO] [org.gradle.launcher.daemon.server.DaemonRegistryUpdater] Marking the daemon as busy, address: [5e6aa992-7166-4c68-894e-65d4abce917d port:53624, addresses:[localhost/127.0.0.1]]
2021-07-31T20:38:14.280+0530 [DEBUG] [org.gradle.launcher.daemon.registry.PersistentDaemonRegistry] Marking busy by address: [5e6aa992-7166-4c68-894e-65d4abce917d port:53624, addresses:[localhost/127.0.0.1]]
2021-07-31T20:38:14.281+0530 [DEBUG] [org.gradle.cache.internal.DefaultFileLockManager] Waiting to acquire exclusive lock on daemon addresses registry.
2021-07-31T20:38:14.281+0530 [DEBUG] [org.gradle.cache.internal.DefaultFileLockManager] Lock acquired on daemon addresses registry.
2021-07-31T20:38:14.282+0530 [DEBUG] [org.gradle.cache.internal.DefaultFileLockManager] Releasing lock on daemon addresses registry.
2021-07-31T20:38:14.282+0530 [DEBUG] [org.gradle.launcher.daemon.server.DaemonStateCoordinator] resetting idle timer
2021-07-31T20:38:14.283+0530 [DEBUG] [org.gradle.launcher.daemon.server.DaemonStateCoordinator] daemon is running. Sleeping until state changes.
2021-07-31T20:38:14.283+0530 [INFO] [org.gradle.launcher.daemon.server.exec.StartBuildOrRespondWithBusy] Daemon is about to start building Build{id=05c99625-bcdf-4498-bae6-15dc3a72e156, currentDir=E:\AndroidStudioProjects\earthquake_updates}. Dispatching build started information...
2021-07-31T20:38:14.284+0530 [DEBUG] [org.gradle.launcher.daemon.server.SynchronizedDispatchConnection] thread 22: dispatching org.gradle.launcher.daemon.protocol.BuildStarted@32f0f5f8
2021-07-31T20:38:14.285+0530 [DEBUG] [org.gradle.launcher.daemon.server.exec.EstablishBuildEnvironment] Configuring env variables: [USERDOMAIN_ROAMINGPROFILE, LOCALAPPDATA, PROCESSOR_LEVEL, RegionCode, USERDOMAIN, LOGONSERVER, JAVA_HOME, SESSIONNAME, ALLUSERSPROFILE, INTEL_DEV_REDIST, PROCESSOR_ARCHITECTURE, MIC_LD_LIBRARY_PATH, PSModulePath, SystemDrive, OneDrive, APPDATA, USERNAME, ProgramFiles(x86), CommonProgramFiles, Path, PATHEXT, DriverData, OS, OneDriveConsumer, COMPUTERNAME, OnlineServices, PROCESSOR_REVISION, platformcode, CommonProgramW6432, Autorun, ComSpec, ProgramData, ProgramW6432, HOMEPATH, SystemRoot, TEMP, USERPROFILE, PROCESSOR_IDENTIFIER, HOMEDRIVE, TMP, ProgramFiles, PUBLIC, CommonProgramFiles(x86), NUMBER_OF_PROCESSORS, windir, =::, IDEA_INITIAL_DIRECTORY]
2021-07-31T20:38:14.289+0530 [DEBUG] [org.gradle.launcher.daemon.server.SynchronizedDispatchConnection] thread 20: received class org.gradle.launcher.daemon.protocol.CloseInput
2021-07-31T20:38:14.289+0530 [DEBUG] [org.gradle.launcher.daemon.server.DefaultDaemonConnection] thread 20: Received IO message from client: org.gradle.launcher.daemon.protocol.CloseInput@4e8fa6bd
2021-07-31T20:38:14.291+0530 [DEBUG] [org.gradle.launcher.daemon.server.exec.LogToClient] About to start relaying all logs to the client via the connection.
2021-07-31T20:38:14.292+0530 [INFO] [org.gradle.launcher.daemon.server.exec.LogToClient] The client will now receive all logging from the daemon (pid: 600). The daemon log file: E:\AndroidStudioProjects\Mivik\daemon\6.7.1\daemon-600.out.log
2021-07-31T20:38:14.295+0530 [INFO] [org.gradle.launcher.daemon.server.exec.LogAndCheckHealth] Starting build in new daemon [memory: 2.1 GB]
2021-07-31T20:38:14.296+0530 [INFO] [org.gradle.launcher.daemon.server.exec.ForwardClientInput] Closing daemon's stdin at end of input.
2021-07-31T20:38:14.296+0530 [INFO] [org.gradle.launcher.daemon.server.exec.ForwardClientInput] The daemon will no longer process any standard input.
2021-07-31T20:38:14.300+0530 [DEBUG] [org.gradle.launcher.daemon.server.exec.ExecuteBuild] The daemon has started executing the build.
2021-07-31T20:38:14.301+0530 [DEBUG] [org.gradle.launcher.daemon.server.exec.ExecuteBuild] Executing build with daemon context: DefaultDaemonContext[uid=494440b6-9a75-411f-8e48-169e309171cf,javaHome=C:\Program Files\Android\Android Studio1\jre,daemonRegistryDir=E:\AndroidStudioProjects\Mivik\daemon,pid=600,idleTimeout=10800000,priority=NORMAL,daemonOpts=--add-opens,java.base/java.util=ALL-UNNAMED,--add-opens,java.base/java.lang=ALL-UNNAMED,--add-opens,java.base/java.lang.invoke=ALL-UNNAMED,--add-opens,java.prefs/java.util.prefs=ALL-UNNAMED,-Xmx2048m,-Dfile.encoding=UTF-8,-Duser.country=IN,-Duser.language=en,-Duser.variant]

BUILD SUCCESSFUL in 21s
2021-07-31T20:38:30.396+0530 [DEBUG] [org.gradle.launcher.daemon.server.exec.ExecuteBuild] The daemon has finished executing the build.
2021-07-31T20:38:30.412+0530 [DEBUG] [org.gradle.launcher.daemon.server.DaemonStateCoordinator] daemon is running. Sleeping until state changes.
2021-07-31T20:38:30.412+0530 [DEBUG] [org.gradle.launcher.daemon.server.DaemonStateCoordinator] Command execution: finished waiting for DaemonCommandExecution[command = Build{id=05c99625-bcdf-4498-bae6-15dc3a72e156, currentDir=E:\AndroidStudioProjects\earthquake_updates}, connection = DefaultDaemonConnection: socket connection from /127.0.0.1:53624 to /127.0.0.1:53625]. Result org.gradle.launcher.daemon.server.DaemonStateCoordinator@21ed2345 with state Busy
2021-07-31T20:38:30.412+0530 [DEBUG] [org.gradle.launcher.daemon.server.DaemonStateCoordinator] Command execution: completed DaemonCommandExecution[command = Build{id=05c99625-bcdf-4498-bae6-15dc3a72e156, currentDir=E:\AndroidStudioProjects\earthquake_updates}, connection = DefaultDaemonConnection: socket connection from /127.0.0.1:53624 to /127.0.0.1:53625]
2021-07-31T20:38:30.413+0530 [DEBUG] [org.gradle.launcher.daemon.server.DaemonStateCoordinator] resetting idle timer
2021-07-31T20:38:30.413+0530 [INFO] [org.gradle.launcher.daemon.server.DaemonRegistryUpdater] Marking the daemon as idle, address: [5e6aa992-7166-4c68-894e-65d4abce917d port:53624, addresses:[localhost/127.0.0.1]]
2021-07-31T20:38:30.413+0530 [DEBUG] [org.gradle.launcher.daemon.registry.PersistentDaemonRegistry] Marking busy by address: [5e6aa992-7166-4c68-894e-65d4abce917d port:53624, addresses:[localhost/127.0.0.1]]
2021-07-31T20:38:30.414+0530 [DEBUG] [org.gradle.cache.internal.DefaultFileLockManager] Waiting to acquire exclusive lock on daemon addresses registry.
2021-07-31T20:38:30.414+0530 [DEBUG] [org.gradle.cache.internal.DefaultFileLockManager] Lock acquired on daemon addresses registry.
2021-07-31T20:38:30.415+0530 [DEBUG] [org.gradle.cache.internal.DefaultFileLockManager] Releasing lock on daemon addresses registry.
2021-07-31T20:38:30.416+0530 [DEBUG] [org.gradle.launcher.daemon.server.DaemonStateCoordinator] daemon is running. Sleeping until state changes.
2021-07-31T20:38:30.416+0530 [DEBUG] [org.gradle.launcher.daemon.server.exec.ReturnResult] Daemon is dispatching the build result: Success[value=org.gradle.launcher.exec.BuildActionResult@2c0be8ed]
2021-07-31T20:38:30.416+0530 [DEBUG] [org.gradle.launcher.daemon.server.SynchronizedDispatchConnection] thread 19: dispatching Success[value=org.gradle.launcher.exec.BuildActionResult@2c0be8ed]
2021-07-31T20:38:30.416+0530 [DEBUG] [org.gradle.launcher.daemon.server.DefaultIncomingConnectionHandler] Finishing executing command: Build{id=05c99625-bcdf-4498-bae6-15dc3a72e156, currentDir=E:\AndroidStudioProjects\earthquake_updates}
2021-07-31T20:38:30.445+0530 [DEBUG] [org.gradle.launcher.daemon.server.SynchronizedDispatchConnection] thread 20: received class org.gradle.launcher.daemon.protocol.Finished
2021-07-31T20:38:30.445+0530 [DEBUG] [org.gradle.launcher.daemon.server.DefaultDaemonConnection] thread 20: Received non-IO message from client: org.gradle.launcher.daemon.protocol.Finished@58f5bbfd
2021-07-31T20:38:30.446+0530 [DEBUG] [org.gradle.launcher.daemon.server.DefaultIncomingConnectionHandler] Received finished message: org.gradle.launcher.daemon.protocol.Finished@58f5bbfd
2021-07-31T20:38:30.446+0530 [DEBUG] [org.gradle.launcher.daemon.server.SynchronizedDispatchConnection] thread 19: stopping connection
2021-07-31T20:38:30.446+0530 [DEBUG] [org.gradle.internal.remote.internal.inet.SocketConnection] Discarding EOFException: java.io.EOFException
2021-07-31T20:38:30.446+0530 [DEBUG] [org.gradle.launcher.daemon.server.SynchronizedDispatchConnection] thread 20: received null
2021-07-31T20:38:30.446+0530 [DEBUG] [org.gradle.launcher.daemon.server.DefaultDaemonConnection] thread 20: Received end-of-input from client.
2021-07-31T20:38:30.447+0530 [DEBUG] [org.gradle.launcher.daemon.server.SynchronizedDispatchConnection] thread 19: stopping connection
2021-07-31T20:38:33.819+0530 [DEBUG] [org.gradle.process.internal.health.memory.DefaultMemoryManager] 842339532 memory requested, 437698560 free
2021-07-31T20:38:33.822+0530 [DEBUG] [org.gradle.workers.internal.WorkerDaemonExpiration] Will attempt to release 803 of memory
2021-07-31T20:38:33.822+0530 [DEBUG] [org.gradle.process.internal.health.memory.DefaultMemoryManager] 842339532 memory requested, 0 released, 437698560 free
2021-07-31T20:38:34.210+0530 [DEBUG] [org.gradle.cache.internal.DefaultFileLockManager] Waiting to acquire shared lock on daemon addresses registry.
2021-07-31T20:38:34.210+0530 [DEBUG] [org.gradle.cache.internal.DefaultFileLockManager] Lock acquired on daemon addresses registry.
2021-07-31T20:38:34.210+0530 [DEBUG] [org.gradle.cache.internal.DefaultFileLockManager] Releasing lock on daemon addresses registry.
2021-07-31T20:38:34.211+0530 [DEBUG] [org.gradle.cache.internal.DefaultFileLockManager] Waiting to acquire shared lock on daemon addresses registry.
2021-07-31T20:38:34.212+0530 [DEBUG] [org.gradle.cache.internal.DefaultFileLockManager] Lock acquired on daemon addresses registry.
2021-07-31T20:38:34.212+0530 [DEBUG] [org.gradle.cache.internal.DefaultFileLockManager] Releasing lock on daemon addresses registry.
2021-07-31T20:38:38.822+0530 [DEBUG] [org.gradle.process.internal.health.memory.DefaultMemoryManager] 842339532 memory requested, 486686720 free
2021-07-31T20:38:38.822+0530 [DEBUG] [org.gradle.workers.internal.WorkerDaemonExpiration] Will attempt to release 803 of memory
2021-07-31T20:38:38.823+0530 [DEBUG] [org.gradle.process.internal.health.memory.DefaultMemoryManager] 842339532 memory requested, 0 released, 486686720 free
2021-07-31T20:38:43.820+0530 [DEBUG] [org.gradle.process.internal.health.memory.DefaultMemoryManager] 842339532 memory requested, 524517376 free
2021-07-31T20:38:43.820+0530 [DEBUG] [org.gradle.workers.internal.WorkerDaemonExpiration] Will attempt to release 803 of memory
2021-07-31T20:38:43.820+0530 [DEBUG] [org.gradle.process.internal.health.memory.DefaultMemoryManager] 842339532 memory requested, 0 released, 524517376 free
2021-07-31T20:38:44.200+0530 [DEBUG] [org.gradle.cache.internal.DefaultFileLockManager] Waiting to acquire shared lock on daemon addresses registry.
2021-07-31T20:38:44.201+0530 [DEBUG] [org.gradle.cache.internal.DefaultFileLockManager] Lock acquired on daemon addresses registry.
2021-07-31T20:38:44.203+0530 [DEBUG] [org.gradle.cache.internal.DefaultFileLockManager] Releasing lock on daemon addresses registry.
2021-07-31T20:38:44.204+0530 [DEBUG] [org.gradle.cache.internal.DefaultFileLockManager] Waiting to acquire shared lock on daemon addresses registry.
2021-07-31T20:38:44.204+0530 [DEBUG] [org.gradle.cache.internal.DefaultFileLockManager] Lock acquired on daemon addresses registry.
2021-07-31T20:38:44.204+0530 [DEBUG] [org.gradle.cache.internal.DefaultFileLockManager] Releasing lock on daemon addresses registry.
2021-07-31T20:38:44.206+0530 [DEBUG] [org.gradle.cache.internal.DefaultFileLockManager] Waiting to acquire shared lock on daemon addresses registry.
2021-07-31T20:38:44.206+0530 [DEBUG] [org.gradle.cache.internal.DefaultFileLockManager] Lock acquired on daemon addresses registry.
2021-07-31T20:38:44.206+0530 [DEBUG] [org.gradle.cache.internal.DefaultFileLockManager] Releasing lock on daemon addresses registry.
2021-07-31T20:38:48.822+0530 [DEBUG] [org.gradle.process.internal.health.memory.DefaultMemoryManager] 842339532 memory requested, 483786752 free
2021-07-31T20:38:48.823+0530 [DEBUG] [org.gradle.workers.internal.WorkerDaemonExpiration] Will attempt to release 803 of memory
2021-07-31T20:38:48.823+0530 [DEBUG] [org.gradle.process.internal.health.memory.DefaultMemoryManager] 842339532 memory requested, 0 released, 483786752 free
2021-07-31T20:38:53.818+0530 [DEBUG] [org.gradle.process.internal.health.memory.DefaultMemoryManager] 842339532 memory requested, 489562112 free
2021-07-31T20:38:53.819+0530 [DEBUG] [org.gradle.workers.internal.WorkerDaemonExpiration] Will attempt to release 803 of memory
2021-07-31T20:38:53.819+0530 [DEBUG] [org.gradle.process.internal.health.memory.DefaultMemoryManager] 842339532 memory requested, 0 released, 489562112 free
2021-07-31T20:38:54.198+0530 [DEBUG] [org.gradle.cache.internal.DefaultFileLockManager] Waiting to acquire shared lock on daemon addresses registry.
2021-07-31T20:38:54.199+0530 [DEBUG] [org.gradle.cache.internal.DefaultFileLockManager] Lock acquired on daemon addresses registry.
2021-07-31T20:38:54.199+0530 [DEBUG] [org.gradle.cache.internal.DefaultFileLockManager] Releasing lock on daemon addresses registry.
2021-07-31T20:38:54.199+0530 [DEBUG] [org.gradle.cache.internal.DefaultFileLockManager] Waiting to acquire shared lock on daemon addresses registry.
2021-07-31T20:38:54.199+0530 [DEBUG] [org.gradle.cache.internal.DefaultFileLockManager] Lock acquired on daemon addresses registry.
2021-07-31T20:38:54.200+0530 [DEBUG] [org.gradle.cache.internal.DefaultFileLockManager] Releasing lock on daemon addresses registry.
2021-07-31T20:38:54.200+0530 [DEBUG] [org.gradle.cache.internal.DefaultFileLockManager] Waiting to acquire shared lock on daemon addresses registry.
2021-07-31T20:38:54.200+0530 [DEBUG] [org.gradle.cache.internal.DefaultFileLockManager] Lock acquired on daemon addresses registry.
2021-07-31T20:38:54.200+0530 [DEBUG] [org.gradle.cache.internal.DefaultFileLockManager] Releasing lock on daemon addresses registry.
2021-07-31T20:38:58.139+0530 [DEBUG] [org.gradle.internal.remote.internal.inet.TcpIncomingConnector] Accepted connection from /127.0.0.1:61266 to /127.0.0.1:53624.
2021-07-31T20:38:58.144+0530 [DEBUG] [org.gradle.launcher.daemon.server.SynchronizedDispatchConnection] thread 151: received class org.gradle.launcher.daemon.protocol.StopWhenIdle
2021-07-31T20:38:58.144+0530 [DEBUG] [org.gradle.launcher.daemon.server.DefaultDaemonConnection] thread 151: Received non-IO message from client: StopWhenIdle[id=d94df438-ccbf-49d8-a16f-22ecac1a3b73]
2021-07-31T20:38:58.145+0530 [INFO] [org.gradle.launcher.daemon.server.DefaultIncomingConnectionHandler] Received command: StopWhenIdle[id=d94df438-ccbf-49d8-a16f-22ecac1a3b73].
2021-07-31T20:38:58.145+0530 [DEBUG] [org.gradle.launcher.daemon.server.DefaultIncomingConnectionHandler] Starting executing command: StopWhenIdle[id=d94df438-ccbf-49d8-a16f-22ecac1a3b73] with connection: socket connection from /127.0.0.1:53624 to /127.0.0.1:61266.
2021-07-31T20:38:58.145+0530 [DEBUG] [org.gradle.launcher.daemon.server.DaemonRegistryUpdater] Storing daemon stop event: stop command received
2021-07-31T20:38:58.146+0530 [DEBUG] [org.gradle.launcher.daemon.registry.PersistentDaemonRegistry] Storing daemon stop event with timestamp 1627744138146
2021-07-31T20:38:58.146+0530 [DEBUG] [org.gradle.cache.internal.DefaultFileLockManager] Waiting to acquire exclusive lock on daemon addresses registry.
2021-07-31T20:38:58.146+0530 [DEBUG] [org.gradle.cache.internal.DefaultFileLockManager] Lock acquired on daemon addresses registry.
2021-07-31T20:38:58.147+0530 [DEBUG] [org.gradle.cache.internal.DefaultFileLockManager] Releasing lock on daemon addresses registry.
2021-07-31T20:38:58.147+0530 [LIFECYCLE] [org.gradle.launcher.daemon.server.DaemonStateCoordinator] Daemon will be stopped at the end of the build stop command received
2021-07-31T20:38:58.147+0530 [DEBUG] [org.gradle.launcher.daemon.server.DaemonStateCoordinator] Marking daemon stopped due to stop command received. The daemon is running a build: false
2021-07-31T20:38:58.147+0530 [DEBUG] [org.gradle.launcher.daemon.server.DaemonStateCoordinator] daemon has stopped.
2021-07-31T20:38:58.147+0530 [DEBUG] [org.gradle.launcher.daemon.server.SynchronizedDispatchConnection] thread 19: dispatching Success[value=null]
2021-07-31T20:38:58.147+0530 [DEBUG] [org.gradle.launcher.daemon.server.Daemon] stop() called on daemon
2021-07-31T20:38:58.148+0530 [INFO] [org.gradle.launcher.daemon.server.Daemon] Stop requested. Daemon is removing its presence from the registry...
2021-07-31T20:38:58.148+0530 [DEBUG] [org.gradle.launcher.daemon.server.DefaultIncomingConnectionHandler] Finishing executing command: StopWhenIdle[id=d94df438-ccbf-49d8-a16f-22ecac1a3b73]
2021-07-31T20:38:58.148+0530 [DEBUG] [org.gradle.launcher.daemon.server.SynchronizedDispatchConnection] thread 151: received class org.gradle.launcher.daemon.protocol.Finished
2021-07-31T20:38:58.148+0530 [DEBUG] [org.gradle.launcher.daemon.server.DaemonRegistryUpdater] Removing our presence to clients, eg. removing this address from the registry: [5e6aa992-7166-4c68-894e-65d4abce917d port:53624, addresses:[localhost/127.0.0.1]]
2021-07-31T20:38:58.148+0530 [DEBUG] [org.gradle.launcher.daemon.server.DefaultDaemonConnection] thread 151: Received non-IO message from client: org.gradle.launcher.daemon.protocol.Finished@5dfedb0d
2021-07-31T20:38:58.148+0530 [DEBUG] [org.gradle.launcher.daemon.registry.PersistentDaemonRegistry] Removing daemon address: [5e6aa992-7166-4c68-894e-65d4abce917d port:53624, addresses:[localhost/127.0.0.1]]
2021-07-31T20:38:58.148+0530 [DEBUG] [org.gradle.internal.remote.internal.inet.SocketConnection] Discarding EOFException: java.io.EOFException
2021-07-31T20:38:58.148+0530 [DEBUG] [org.gradle.launcher.daemon.server.DefaultIncomingConnectionHandler] Received finished message: org.gradle.launcher.daemon.protocol.Finished@5dfedb0d
2021-07-31T20:38:58.149+0530 [DEBUG] [org.gradle.launcher.daemon.server.SynchronizedDispatchConnection] thread 151: received null
2021-07-31T20:38:58.149+0530 [DEBUG] [org.gradle.launcher.daemon.server.SynchronizedDispatchConnection] thread 19: stopping connection
2021-07-31T20:38:58.149+0530 [DEBUG] [org.gradle.launcher.daemon.server.DefaultDaemonConnection] thread 151: Received end-of-input from client.
2021-07-31T20:38:58.149+0530 [DEBUG] [org.gradle.cache.internal.DefaultFileLockManager] Waiting to acquire exclusive lock on daemon addresses registry.
2021-07-31T20:38:58.150+0530 [DEBUG] [org.gradle.launcher.daemon.server.SynchronizedDispatchConnection] thread 19: stopping connection
2021-07-31T20:38:58.150+0530 [DEBUG] [org.gradle.cache.internal.DefaultFileLockManager] Lock acquired on daemon addresses registry.
2021-07-31T20:38:58.153+0530 [DEBUG] [org.gradle.cache.internal.DefaultFileLockManager] Releasing lock on daemon addresses registry.
2021-07-31T20:38:58.153+0530 [DEBUG] [org.gradle.launcher.daemon.server.DaemonRegistryUpdater] Address removed from registry.
2021-07-31T20:38:58.179+0530 [DEBUG] [org.gradle.cache.internal.LockOnDemandCrossProcessCacheAccess] Releasing file lock for jars (E:\AndroidStudioProjects\Mivik\caches\jars-8)
2021-07-31T20:38:58.180+0530 [DEBUG] [org.gradle.cache.internal.DefaultFileLockManager] Releasing lock on jars (E:\AndroidStudioProjects\Mivik\caches\jars-8).
2021-07-31T20:38:58.181+0530 [DEBUG] [org.gradle.cache.internal.DefaultPersistentDirectoryStore] jars (E:\AndroidStudioProjects\Mivik\caches\jars-8) has last been fully cleaned up 6 hours ago
2021-07-31T20:38:58.181+0530 [DEBUG] [org.gradle.cache.internal.LockOnDemandCrossProcessCacheAccess] Releasing file lock for file content cache (E:\AndroidStudioProjects\Mivik\caches\6.7.1\fileContent)
2021-07-31T20:38:58.181+0530 [DEBUG] [org.gradle.cache.internal.DefaultFileLockManager] Releasing lock on file content cache (E:\AndroidStudioProjects\Mivik\caches\6.7.1\fileContent).
2021-07-31T20:38:58.182+0530 [DEBUG] [org.gradle.cache.internal.LockOnDemandCrossProcessCacheAccess] Releasing file lock for Artifact transforms cache (E:\AndroidStudioProjects\Mivik\caches\transforms-2)
2021-07-31T20:38:58.183+0530 [DEBUG] [org.gradle.cache.internal.DefaultFileLockManager] Releasing lock on Artifact transforms cache (E:\AndroidStudioProjects\Mivik\caches\transforms-2).
2021-07-31T20:38:58.183+0530 [DEBUG] [org.gradle.cache.internal.DefaultPersistentDirectoryStore] Artifact transforms cache (E:\AndroidStudioProjects\Mivik\caches\transforms-2) has last been fully cleaned up 6 hours ago
2021-07-31T20:38:58.183+0530 [DEBUG] [org.gradle.cache.internal.LockOnDemandCrossProcessCacheAccess] Releasing file lock for artifact cache (E:\AndroidStudioProjects\Mivik\caches\modules-2)
2021-07-31T20:38:58.183+0530 [DEBUG] [org.gradle.cache.internal.btree.BTreePersistentIndexedCache] Closing cache module-artifacts.bin (E:\AndroidStudioProjects\Mivik\caches\modules-2\metadata-2.96\module-artifacts.bin)
2021-07-31T20:38:58.183+0530 [DEBUG] [org.gradle.cache.internal.btree.BTreePersistentIndexedCache] Closing cache module-metadata.bin (E:\AndroidStudioProjects\Mivik\caches\modules-2\metadata-2.96\module-metadata.bin)
2021-07-31T20:38:58.184+0530 [DEBUG] [org.gradle.cache.internal.btree.BTreePersistentIndexedCache] Closing cache module-artifact.bin (E:\AndroidStudioProjects\Mivik\caches\modules-2\metadata-2.96\module-artifact.bin)
2021-07-31T20:38:58.184+0530 [DEBUG] [org.gradle.cache.internal.btree.BTreePersistentIndexedCache] Closing cache module-versions.bin (E:\AndroidStudioProjects\Mivik\caches\modules-2\metadata-2.96\module-versions.bin)
2021-07-31T20:38:58.184+0530 [DEBUG] [org.gradle.cache.internal.DefaultFileLockManager] Releasing lock on artifact cache (E:\AndroidStudioProjects\Mivik\caches\modules-2).
2021-07-31T20:38:58.184+0530 [DEBUG] [org.gradle.cache.internal.DefaultPersistentDirectoryStore] artifact cache (E:\AndroidStudioProjects\Mivik\caches\modules-2) has last been fully cleaned up 6 hours ago
2021-07-31T20:38:58.184+0530 [DEBUG] [org.gradle.cache.internal.DefaultCacheAccess] Cache Generated Gradle JARs cache (E:\AndroidStudioProjects\Mivik\caches\6.7.1\generated-gradle-jars) was closed 0 times.
2021-07-31T20:38:58.185+0530 [DEBUG] [org.gradle.cache.internal.LockOnDemandCrossProcessCacheAccess] Releasing file lock for journal cache (E:\AndroidStudioProjects\Mivik\caches\journal-1)
2021-07-31T20:38:58.185+0530 [DEBUG] [org.gradle.cache.internal.btree.BTreePersistentIndexedCache] Closing cache file-access.bin (E:\AndroidStudioProjects\Mivik\caches\journal-1\file-access.bin)
2021-07-31T20:38:58.185+0530 [DEBUG] [org.gradle.cache.internal.DefaultFileLockManager] Releasing lock on journal cache (E:\AndroidStudioProjects\Mivik\caches\journal-1).
2021-07-31T20:38:58.186+0530 [DEBUG] [org.gradle.cache.internal.LockOnDemandCrossProcessCacheAccess] Releasing file lock for file hash cache (E:\AndroidStudioProjects\Mivik\caches\6.7.1\fileHashes)
2021-07-31T20:38:58.186+0530 [DEBUG] [org.gradle.cache.internal.btree.BTreePersistentIndexedCache] Closing cache fileHashes.bin (E:\AndroidStudioProjects\Mivik\caches\6.7.1\fileHashes\fileHashes.bin)
2021-07-31T20:38:58.186+0530 [DEBUG] [org.gradle.cache.internal.btree.BTreePersistentIndexedCache] Closing cache resourceHashesCache.bin (E:\AndroidStudioProjects\Mivik\caches\6.7.1\fileHashes\resourceHashesCache.bin)
2021-07-31T20:38:58.186+0530 [DEBUG] [org.gradle.cache.internal.DefaultFileLockManager] Releasing lock on file hash cache (E:\AndroidStudioProjects\Mivik\caches\6.7.1\fileHashes).
2021-07-31T20:38:58.187+0530 [DEBUG] [org.gradle.cache.internal.LockOnDemandCrossProcessCacheAccess] Releasing file lock for execution history cache (E:\AndroidStudioProjects\Mivik\caches\6.7.1\executionHistory)
2021-07-31T20:38:58.187+0530 [DEBUG] [org.gradle.cache.internal.btree.BTreePersistentIndexedCache] Closing cache executionHistory.bin (E:\AndroidStudioProjects\Mivik\caches\6.7.1\executionHistory\executionHistory.bin)
2021-07-31T20:38:58.187+0530 [DEBUG] [org.gradle.cache.internal.DefaultFileLockManager] Releasing lock on execution history cache (E:\AndroidStudioProjects\Mivik\caches\6.7.1\executionHistory).
Daemon vm is shutting down... The daemon has exited normally or was terminated in response to a user interrupt.
2021-07-31T20:38:58.188+0530 [DEBUG] [org.gradle.launcher.daemon.registry.PersistentDaemonRegistry] Removing daemon address: [5e6aa992-7166-4c68-894e-65d4abce917d port:53624, addresses:[localhost/127.0.0.1]]
2021-07-31T20:38:58.189+0530 [DEBUG] [org.gradle.cache.internal.DefaultFileLockManager] Waiting to acquire exclusive lock on daemon addresses registry.
2021-07-31T20:38:58.189+0530 [DEBUG] [org.gradle.cache.internal.DefaultFileLockManager] Lock acquired on daemon addresses registry.
2021-07-31T20:38:58.191+0530 [DEBUG] [org.gradle.cache.internal.DefaultFileLockManager] Releasing lock on daemon addresses registry.
