2021-07-31T13:53:55.146+0530 [DEBUG] [org.gradle.launcher.daemon.bootstrap.DaemonMain] Assuming the daemon was started with following jvm opts: [--add-opens, java.base/java.util=ALL-UNNAMED, --add-opens, java.base/java.lang=ALL-UNNAMED, --add-opens, java.base/java.lang.invoke=ALL-UNNAMED, --add-opens, java.prefs/java.util.prefs=ALL-UNNAMED, -Xmx2048m, -Dfile.encoding=UTF-8, -Duser.country=IN, -Duser.language=en, -Duser.variant]
2021-07-31T13:53:55.263+0530 [DEBUG] [org.gradle.internal.nativeintegration.services.NativeServices] Native-platform posix files integration is not available. Continuing with fallback.
2021-07-31T13:53:55.282+0530 [INFO] [org.gradle.launcher.daemon.server.Daemon] start() called on daemon - DefaultDaemonContext[uid=e37f18b6-ab57-45d4-96d7-34c630a355ad,javaHome=C:\Program Files\Android\Android Studio1\jre,daemonRegistryDir=E:\AndroidStudioProjects\Mivik\daemon,pid=10388,idleTimeout=10800000,priority=NORMAL,daemonOpts=--add-opens,java.base/java.util=ALL-UNNAMED,--add-opens,java.base/java.lang=ALL-UNNAMED,--add-opens,java.base/java.lang.invoke=ALL-UNNAMED,--add-opens,java.prefs/java.util.prefs=ALL-UNNAMED,-Xmx2048m,-Dfile.encoding=UTF-8,-Duser.country=IN,-Duser.language=en,-Duser.variant]
2021-07-31T13:53:55.689+0530 [DEBUG] [org.gradle.internal.remote.internal.inet.InetAddresses] Adding IP addresses for network interface Software Loopback Interface 1
2021-07-31T13:53:55.691+0530 [DEBUG] [org.gradle.internal.remote.internal.inet.InetAddresses] Is this a loopback interface? true
2021-07-31T13:53:55.693+0530 [DEBUG] [org.gradle.internal.remote.internal.inet.InetAddresses] Adding loopback address /127.0.0.1
2021-07-31T13:53:55.694+0530 [DEBUG] [org.gradle.internal.remote.internal.inet.InetAddresses] Adding loopback address /0:0:0:0:0:0:0:1
2021-07-31T13:53:55.696+0530 [DEBUG] [org.gradle.internal.remote.internal.inet.InetAddresses] Adding IP addresses for network interface Microsoft 6to4 Adapter
2021-07-31T13:53:55.698+0530 [DEBUG] [org.gradle.internal.remote.internal.inet.InetAddresses] Is this a loopback interface? false
2021-07-31T13:53:55.698+0530 [DEBUG] [org.gradle.internal.remote.internal.inet.InetAddresses] Adding IP addresses for network interface Intel(R) Wireless-AC 9560 160MHz
2021-07-31T13:53:55.700+0530 [DEBUG] [org.gradle.internal.remote.internal.inet.InetAddresses] Is this a loopback interface? false
2021-07-31T13:53:55.701+0530 [DEBUG] [org.gradle.internal.remote.internal.inet.InetAddresses] Adding remote address /192.168.29.209
2021-07-31T13:53:55.701+0530 [DEBUG] [org.gradle.internal.remote.internal.inet.InetAddresses] Adding remote address /fe80:0:0:0:c5e3:cec9:3e26:84f0%wlan0
2021-07-31T13:53:55.701+0530 [DEBUG] [org.gradle.internal.remote.internal.inet.InetAddresses] Adding IP addresses for network interface Microsoft Wi-Fi Direct Virtual Adapter
2021-07-31T13:53:55.703+0530 [DEBUG] [org.gradle.internal.remote.internal.inet.InetAddresses] Is this a loopback interface? false
2021-07-31T13:53:55.703+0530 [DEBUG] [org.gradle.internal.remote.internal.inet.InetAddresses] Adding remote address /fe80:0:0:0:d0c3:9344:b847:468e%wlan1
2021-07-31T13:53:55.703+0530 [DEBUG] [org.gradle.internal.remote.internal.inet.InetAddresses] Adding IP addresses for network interface Bluetooth Device (Personal Area Network)
2021-07-31T13:53:55.705+0530 [DEBUG] [org.gradle.internal.remote.internal.inet.InetAddresses] Is this a loopback interface? false
2021-07-31T13:53:55.706+0530 [DEBUG] [org.gradle.internal.remote.internal.inet.InetAddresses] Adding remote address /fe80:0:0:0:7c8b:3303:fb8c:5303%eth0
2021-07-31T13:53:55.706+0530 [DEBUG] [org.gradle.internal.remote.internal.inet.InetAddresses] Adding IP addresses for network interface WAN Miniport (IP)
2021-07-31T13:53:55.708+0530 [DEBUG] [org.gradle.internal.remote.internal.inet.InetAddresses] Is this a loopback interface? false
2021-07-31T13:53:55.708+0530 [DEBUG] [org.gradle.internal.remote.internal.inet.InetAddresses] Adding IP addresses for network interface Microsoft IP-HTTPS Platform Adapter
2021-07-31T13:53:55.710+0530 [DEBUG] [org.gradle.internal.remote.internal.inet.InetAddresses] Is this a loopback interface? false
2021-07-31T13:53:55.710+0530 [DEBUG] [org.gradle.internal.remote.internal.inet.InetAddresses] Adding IP addresses for network interface WAN Miniport (SSTP)
2021-07-31T13:53:55.712+0530 [DEBUG] [org.gradle.internal.remote.internal.inet.InetAddresses] Is this a loopback interface? false
2021-07-31T13:53:55.712+0530 [DEBUG] [org.gradle.internal.remote.internal.inet.InetAddresses] Adding IP addresses for network interface WAN Miniport (PPPOE)
2021-07-31T13:53:55.714+0530 [DEBUG] [org.gradle.internal.remote.internal.inet.InetAddresses] Is this a loopback interface? false
2021-07-31T13:53:55.714+0530 [DEBUG] [org.gradle.internal.remote.internal.inet.InetAddresses] Adding IP addresses for network interface Microsoft Wi-Fi Direct Virtual Adapter #2
2021-07-31T13:53:55.717+0530 [DEBUG] [org.gradle.internal.remote.internal.inet.InetAddresses] Is this a loopback interface? false
2021-07-31T13:53:55.717+0530 [DEBUG] [org.gradle.internal.remote.internal.inet.InetAddresses] Adding remote address /fe80:0:0:0:3189:41ff:bc1:c92a%wlan2
2021-07-31T13:53:55.717+0530 [DEBUG] [org.gradle.internal.remote.internal.inet.InetAddresses] Adding IP addresses for network interface Microsoft Teredo Tunneling Adapter
2021-07-31T13:53:55.719+0530 [DEBUG] [org.gradle.internal.remote.internal.inet.InetAddresses] Is this a loopback interface? false
2021-07-31T13:53:55.719+0530 [DEBUG] [org.gradle.internal.remote.internal.inet.InetAddresses] Adding IP addresses for network interface Microsoft Kernel Debug Network Adapter
2021-07-31T13:53:55.721+0530 [DEBUG] [org.gradle.internal.remote.internal.inet.InetAddresses] Is this a loopback interface? false
2021-07-31T13:53:55.721+0530 [DEBUG] [org.gradle.internal.remote.internal.inet.InetAddresses] Adding IP addresses for network interface WAN Miniport (IPv6)
2021-07-31T13:53:55.723+0530 [DEBUG] [org.gradle.internal.remote.internal.inet.InetAddresses] Is this a loopback interface? false
2021-07-31T13:53:55.724+0530 [DEBUG] [org.gradle.internal.remote.internal.inet.InetAddresses] Adding IP addresses for network interface WAN Miniport (PPTP)
2021-07-31T13:53:55.726+0530 [DEBUG] [org.gradle.internal.remote.internal.inet.InetAddresses] Is this a loopback interface? false
2021-07-31T13:53:55.726+0530 [DEBUG] [org.gradle.internal.remote.internal.inet.InetAddresses] Adding IP addresses for network interface WAN Miniport (IKEv2)
2021-07-31T13:53:55.728+0530 [DEBUG] [org.gradle.internal.remote.internal.inet.InetAddresses] Is this a loopback interface? false
2021-07-31T13:53:55.728+0530 [DEBUG] [org.gradle.internal.remote.internal.inet.InetAddresses] Adding IP addresses for network interface Realtek Gaming GbE Family Controller
2021-07-31T13:53:55.730+0530 [DEBUG] [org.gradle.internal.remote.internal.inet.InetAddresses] Is this a loopback interface? false
2021-07-31T13:53:55.730+0530 [DEBUG] [org.gradle.internal.remote.internal.inet.InetAddresses] Adding remote address /fe80:0:0:0:356f:34db:5419:d24e%eth4
2021-07-31T13:53:55.730+0530 [DEBUG] [org.gradle.internal.remote.internal.inet.InetAddresses] Adding IP addresses for network interface WAN Miniport (L2TP)
2021-07-31T13:53:55.732+0530 [DEBUG] [org.gradle.internal.remote.internal.inet.InetAddresses] Is this a loopback interface? false
2021-07-31T13:53:55.732+0530 [DEBUG] [org.gradle.internal.remote.internal.inet.InetAddresses] Adding IP addresses for network interface WAN Miniport (Network Monitor)
2021-07-31T13:53:55.734+0530 [DEBUG] [org.gradle.internal.remote.internal.inet.InetAddresses] Is this a loopback interface? false
2021-07-31T13:53:55.734+0530 [DEBUG] [org.gradle.internal.remote.internal.inet.InetAddresses] Adding IP addresses for network interface Realtek Gaming GbE Family Controller-WFP Native MAC Layer LightWeight Filter-0000
2021-07-31T13:53:55.736+0530 [DEBUG] [org.gradle.internal.remote.internal.inet.InetAddresses] Is this a loopback interface? false
2021-07-31T13:53:55.736+0530 [DEBUG] [org.gradle.internal.remote.internal.inet.InetAddresses] Adding IP addresses for network interface Realtek Gaming GbE Family Controller-Realtek NDIS LightWeight Filter (NDIS 6.40)-0000
2021-07-31T13:53:55.739+0530 [DEBUG] [org.gradle.internal.remote.internal.inet.InetAddresses] Is this a loopback interface? false
2021-07-31T13:53:55.739+0530 [DEBUG] [org.gradle.internal.remote.internal.inet.InetAddresses] Adding IP addresses for network interface Realtek Gaming GbE Family Controller-QoS Packet Scheduler-0000
2021-07-31T13:53:55.741+0530 [DEBUG] [org.gradle.internal.remote.internal.inet.InetAddresses] Is this a loopback interface? false
2021-07-31T13:53:55.741+0530 [DEBUG] [org.gradle.internal.remote.internal.inet.InetAddresses] Adding IP addresses for network interface Realtek Gaming GbE Family Controller-WFP 802.3 MAC Layer LightWeight Filter-0000
2021-07-31T13:53:55.743+0530 [DEBUG] [org.gradle.internal.remote.internal.inet.InetAddresses] Is this a loopback interface? false
2021-07-31T13:53:55.743+0530 [DEBUG] [org.gradle.internal.remote.internal.inet.InetAddresses] Adding IP addresses for network interface Intel(R) Wireless-AC 9560 160MHz-WFP Native MAC Layer LightWeight Filter-0000
2021-07-31T13:53:55.745+0530 [DEBUG] [org.gradle.internal.remote.internal.inet.InetAddresses] Is this a loopback interface? false
2021-07-31T13:53:55.745+0530 [DEBUG] [org.gradle.internal.remote.internal.inet.InetAddresses] Adding IP addresses for network interface Intel(R) Wireless-AC 9560 160MHz-Virtual WiFi Filter Driver-0000
2021-07-31T13:53:55.747+0530 [DEBUG] [org.gradle.internal.remote.internal.inet.InetAddresses] Is this a loopback interface? false
2021-07-31T13:53:55.747+0530 [DEBUG] [org.gradle.internal.remote.internal.inet.InetAddresses] Adding IP addresses for network interface Intel(R) Wireless-AC 9560 160MHz-Native WiFi Filter Driver-0000
2021-07-31T13:53:55.749+0530 [DEBUG] [org.gradle.internal.remote.internal.inet.InetAddresses] Is this a loopback interface? false
2021-07-31T13:53:55.749+0530 [DEBUG] [org.gradle.internal.remote.internal.inet.InetAddresses] Adding IP addresses for network interface Intel(R) Wireless-AC 9560 160MHz-Realtek NDIS LightWeight Filter (NDIS 6.40)-0000
2021-07-31T13:53:55.751+0530 [DEBUG] [org.gradle.internal.remote.internal.inet.InetAddresses] Is this a loopback interface? false
2021-07-31T13:53:55.751+0530 [DEBUG] [org.gradle.internal.remote.internal.inet.InetAddresses] Adding IP addresses for network interface Intel(R) Wireless-AC 9560 160MHz-QoS Packet Scheduler-0000
2021-07-31T13:53:55.754+0530 [DEBUG] [org.gradle.internal.remote.internal.inet.InetAddresses] Is this a loopback interface? false
2021-07-31T13:53:55.754+0530 [DEBUG] [org.gradle.internal.remote.internal.inet.InetAddresses] Adding IP addresses for network interface Intel(R) Wireless-AC 9560 160MHz-WFP 802.3 MAC Layer LightWeight Filter-0000
2021-07-31T13:53:55.756+0530 [DEBUG] [org.gradle.internal.remote.internal.inet.InetAddresses] Is this a loopback interface? false
2021-07-31T13:53:55.756+0530 [DEBUG] [org.gradle.internal.remote.internal.inet.InetAddresses] Adding IP addresses for network interface Microsoft Wi-Fi Direct Virtual Adapter-WFP Native MAC Layer LightWeight Filter-0000
2021-07-31T13:53:55.758+0530 [DEBUG] [org.gradle.internal.remote.internal.inet.InetAddresses] Is this a loopback interface? false
2021-07-31T13:53:55.758+0530 [DEBUG] [org.gradle.internal.remote.internal.inet.InetAddresses] Adding IP addresses for network interface Microsoft Wi-Fi Direct Virtual Adapter-Native WiFi Filter Driver-0000
2021-07-31T13:53:55.760+0530 [DEBUG] [org.gradle.internal.remote.internal.inet.InetAddresses] Is this a loopback interface? false
2021-07-31T13:53:55.760+0530 [DEBUG] [org.gradle.internal.remote.internal.inet.InetAddresses] Adding IP addresses for network interface Microsoft Wi-Fi Direct Virtual Adapter-Realtek NDIS LightWeight Filter (NDIS 6.40)-0000
2021-07-31T13:53:55.762+0530 [DEBUG] [org.gradle.internal.remote.internal.inet.InetAddresses] Is this a loopback interface? false
2021-07-31T13:53:55.762+0530 [DEBUG] [org.gradle.internal.remote.internal.inet.InetAddresses] Adding IP addresses for network interface Microsoft Wi-Fi Direct Virtual Adapter-QoS Packet Scheduler-0000
2021-07-31T13:53:55.764+0530 [DEBUG] [org.gradle.internal.remote.internal.inet.InetAddresses] Is this a loopback interface? false
2021-07-31T13:53:55.764+0530 [DEBUG] [org.gradle.internal.remote.internal.inet.InetAddresses] Adding IP addresses for network interface Microsoft Wi-Fi Direct Virtual Adapter-WFP 802.3 MAC Layer LightWeight Filter-0000
2021-07-31T13:53:55.766+0530 [DEBUG] [org.gradle.internal.remote.internal.inet.InetAddresses] Is this a loopback interface? false
2021-07-31T13:53:55.766+0530 [DEBUG] [org.gradle.internal.remote.internal.inet.InetAddresses] Adding IP addresses for network interface WAN Miniport (IP)-WFP Native MAC Layer LightWeight Filter-0000
2021-07-31T13:53:55.768+0530 [DEBUG] [org.gradle.internal.remote.internal.inet.InetAddresses] Is this a loopback interface? false
2021-07-31T13:53:55.768+0530 [DEBUG] [org.gradle.internal.remote.internal.inet.InetAddresses] Adding IP addresses for network interface WAN Miniport (IP)-Realtek NDIS LightWeight Filter (NDIS 6.40)-0000
2021-07-31T13:53:55.770+0530 [DEBUG] [org.gradle.internal.remote.internal.inet.InetAddresses] Is this a loopback interface? false
2021-07-31T13:53:55.770+0530 [DEBUG] [org.gradle.internal.remote.internal.inet.InetAddresses] Adding IP addresses for network interface WAN Miniport (IP)-QoS Packet Scheduler-0000
2021-07-31T13:53:55.772+0530 [DEBUG] [org.gradle.internal.remote.internal.inet.InetAddresses] Is this a loopback interface? false
2021-07-31T13:53:55.773+0530 [DEBUG] [org.gradle.internal.remote.internal.inet.InetAddresses] Adding IP addresses for network interface WAN Miniport (IPv6)-WFP Native MAC Layer LightWeight Filter-0000
2021-07-31T13:53:55.775+0530 [DEBUG] [org.gradle.internal.remote.internal.inet.InetAddresses] Is this a loopback interface? false
2021-07-31T13:53:55.775+0530 [DEBUG] [org.gradle.internal.remote.internal.inet.InetAddresses] Adding IP addresses for network interface WAN Miniport (IPv6)-Realtek NDIS LightWeight Filter (NDIS 6.40)-0000
2021-07-31T13:53:55.777+0530 [DEBUG] [org.gradle.internal.remote.internal.inet.InetAddresses] Is this a loopback interface? false
2021-07-31T13:53:55.777+0530 [DEBUG] [org.gradle.internal.remote.internal.inet.InetAddresses] Adding IP addresses for network interface WAN Miniport (IPv6)-QoS Packet Scheduler-0000
2021-07-31T13:53:55.779+0530 [DEBUG] [org.gradle.internal.remote.internal.inet.InetAddresses] Is this a loopback interface? false
2021-07-31T13:53:55.779+0530 [DEBUG] [org.gradle.internal.remote.internal.inet.InetAddresses] Adding IP addresses for network interface WAN Miniport (Network Monitor)-WFP Native MAC Layer LightWeight Filter-0000
2021-07-31T13:53:55.781+0530 [DEBUG] [org.gradle.internal.remote.internal.inet.InetAddresses] Is this a loopback interface? false
2021-07-31T13:53:55.781+0530 [DEBUG] [org.gradle.internal.remote.internal.inet.InetAddresses] Adding IP addresses for network interface WAN Miniport (Network Monitor)-Realtek NDIS LightWeight Filter (NDIS 6.40)-0000
2021-07-31T13:53:55.783+0530 [DEBUG] [org.gradle.internal.remote.internal.inet.InetAddresses] Is this a loopback interface? false
2021-07-31T13:53:55.783+0530 [DEBUG] [org.gradle.internal.remote.internal.inet.InetAddresses] Adding IP addresses for network interface WAN Miniport (Network Monitor)-QoS Packet Scheduler-0000
2021-07-31T13:53:55.785+0530 [DEBUG] [org.gradle.internal.remote.internal.inet.InetAddresses] Is this a loopback interface? false
2021-07-31T13:53:55.785+0530 [DEBUG] [org.gradle.internal.remote.internal.inet.InetAddresses] Adding IP addresses for network interface Microsoft Wi-Fi Direct Virtual Adapter #2-WFP Native MAC Layer LightWeight Filter-0000
2021-07-31T13:53:55.787+0530 [DEBUG] [org.gradle.internal.remote.internal.inet.InetAddresses] Is this a loopback interface? false
2021-07-31T13:53:55.787+0530 [DEBUG] [org.gradle.internal.remote.internal.inet.InetAddresses] Adding IP addresses for network interface Microsoft Wi-Fi Direct Virtual Adapter #2-Native WiFi Filter Driver-0000
2021-07-31T13:53:55.789+0530 [DEBUG] [org.gradle.internal.remote.internal.inet.InetAddresses] Is this a loopback interface? false
2021-07-31T13:53:55.789+0530 [DEBUG] [org.gradle.internal.remote.internal.inet.InetAddresses] Adding IP addresses for network interface Microsoft Wi-Fi Direct Virtual Adapter #2-Realtek NDIS LightWeight Filter (NDIS 6.40)-0000
2021-07-31T13:53:55.791+0530 [DEBUG] [org.gradle.internal.remote.internal.inet.InetAddresses] Is this a loopback interface? false
2021-07-31T13:53:55.791+0530 [DEBUG] [org.gradle.internal.remote.internal.inet.InetAddresses] Adding IP addresses for network interface Microsoft Wi-Fi Direct Virtual Adapter #2-QoS Packet Scheduler-0000
2021-07-31T13:53:55.793+0530 [DEBUG] [org.gradle.internal.remote.internal.inet.InetAddresses] Is this a loopback interface? false
2021-07-31T13:53:55.793+0530 [DEBUG] [org.gradle.internal.remote.internal.inet.InetAddresses] Adding IP addresses for network interface Microsoft Wi-Fi Direct Virtual Adapter #2-WFP 802.3 MAC Layer LightWeight Filter-0000
2021-07-31T13:53:55.795+0530 [DEBUG] [org.gradle.internal.remote.internal.inet.InetAddresses] Is this a loopback interface? false
2021-07-31T13:53:55.797+0530 [DEBUG] [org.gradle.internal.remote.internal.inet.TcpIncomingConnector] Listening on [4797a7bc-0ba4-4d1f-92bf-d5dd13e74b9f port:49629, addresses:[localhost/127.0.0.1]].
2021-07-31T13:53:55.803+0530 [DEBUG] [org.gradle.launcher.daemon.server.Daemon] Daemon starting at: Sat Jul 31 13:53:55 IST 2021, with address: [4797a7bc-0ba4-4d1f-92bf-d5dd13e74b9f port:49629, addresses:[localhost/127.0.0.1]]
2021-07-31T13:53:55.803+0530 [INFO] [org.gradle.launcher.daemon.server.DaemonRegistryUpdater] Advertising the daemon address to the clients: [4797a7bc-0ba4-4d1f-92bf-d5dd13e74b9f port:49629, addresses:[localhost/127.0.0.1]]
2021-07-31T13:53:55.804+0530 [DEBUG] [org.gradle.launcher.daemon.server.DaemonRegistryUpdater] Advertised daemon context: DefaultDaemonContext[uid=e37f18b6-ab57-45d4-96d7-34c630a355ad,javaHome=C:\Program Files\Android\Android Studio1\jre,daemonRegistryDir=E:\AndroidStudioProjects\Mivik\daemon,pid=10388,idleTimeout=10800000,priority=NORMAL,daemonOpts=--add-opens,java.base/java.util=ALL-UNNAMED,--add-opens,java.base/java.lang=ALL-UNNAMED,--add-opens,java.base/java.lang.invoke=ALL-UNNAMED,--add-opens,java.prefs/java.util.prefs=ALL-UNNAMED,-Xmx2048m,-Dfile.encoding=UTF-8,-Duser.country=IN,-Duser.language=en,-Duser.variant]
2021-07-31T13:53:55.804+0530 [DEBUG] [org.gradle.launcher.daemon.registry.PersistentDaemonRegistry] Storing daemon address: [4797a7bc-0ba4-4d1f-92bf-d5dd13e74b9f port:49629, addresses:[localhost/127.0.0.1]], context: DefaultDaemonContext[uid=e37f18b6-ab57-45d4-96d7-34c630a355ad,javaHome=C:\Program Files\Android\Android Studio1\jre,daemonRegistryDir=E:\AndroidStudioProjects\Mivik\daemon,pid=10388,idleTimeout=10800000,priority=NORMAL,daemonOpts=--add-opens,java.base/java.util=ALL-UNNAMED,--add-opens,java.base/java.lang=ALL-UNNAMED,--add-opens,java.base/java.lang.invoke=ALL-UNNAMED,--add-opens,java.prefs/java.util.prefs=ALL-UNNAMED,-Xmx2048m,-Dfile.encoding=UTF-8,-Duser.country=IN,-Duser.language=en,-Duser.variant]
2021-07-31T13:53:55.810+0530 [DEBUG] [org.gradle.cache.internal.DefaultFileLockManager] Waiting to acquire exclusive lock on daemon addresses registry.
2021-07-31T13:53:55.812+0530 [DEBUG] [org.gradle.cache.internal.DefaultFileLockManager] Lock acquired on daemon addresses registry.
2021-07-31T13:53:55.815+0530 [DEBUG] [org.gradle.cache.internal.DefaultFileLockManager] Releasing lock on daemon addresses registry.
2021-07-31T13:53:55.815+0530 [LIFECYCLE] [org.gradle.launcher.daemon.server.Daemon] Daemon server started.
2021-07-31T13:53:55.816+0530 [DEBUG] [org.gradle.launcher.daemon.bootstrap.DaemonStartupCommunication] Completed writing the daemon greeting. Closing streams...
2021-07-31T13:53:55.819+0530 [DEBUG] [org.gradle.launcher.daemon.server.Daemon] stopOnExpiration() called on daemon
2021-07-31T13:53:55.820+0530 [DEBUG] [org.gradle.launcher.daemon.server.Daemon] awaitExpiration() called on daemon
2021-07-31T13:53:55.820+0530 [DEBUG] [org.gradle.launcher.daemon.server.DaemonStateCoordinator] daemon is running. Sleeping until state changes.
2021-07-31T13:53:55.827+0530 [DEBUG] [org.gradle.internal.remote.internal.inet.TcpIncomingConnector] Accepted connection from /127.0.0.1:49630 to /127.0.0.1:49629.
2021-07-31T13:53:55.893+0530 [DEBUG] [org.gradle.launcher.daemon.server.SynchronizedDispatchConnection] thread 20: received class org.gradle.launcher.daemon.protocol.Build
2021-07-31T13:53:55.893+0530 [DEBUG] [org.gradle.launcher.daemon.server.DefaultDaemonConnection] thread 20: Received non-IO message from client: Build{id=728ba820-2541-4d6b-bf09-f43d54953c61, currentDir=E:\earthquake_updates}
2021-07-31T13:53:55.894+0530 [INFO] [org.gradle.launcher.daemon.server.DefaultIncomingConnectionHandler] Received command: Build{id=728ba820-2541-4d6b-bf09-f43d54953c61, currentDir=E:\earthquake_updates}.
2021-07-31T13:53:55.894+0530 [DEBUG] [org.gradle.launcher.daemon.server.DefaultIncomingConnectionHandler] Starting executing command: Build{id=728ba820-2541-4d6b-bf09-f43d54953c61, currentDir=E:\earthquake_updates} with connection: socket connection from /127.0.0.1:49629 to /127.0.0.1:49630.
2021-07-31T13:53:55.897+0530 [ERROR] [org.gradle.launcher.daemon.server.DaemonStateCoordinator] Command execution: started DaemonCommandExecution[command = Build{id=728ba820-2541-4d6b-bf09-f43d54953c61, currentDir=E:\earthquake_updates}, connection = DefaultDaemonConnection: socket connection from /127.0.0.1:49629 to /127.0.0.1:49630] after 0.0 minutes of idle
2021-07-31T13:53:55.897+0530 [INFO] [org.gradle.launcher.daemon.server.DaemonRegistryUpdater] Marking the daemon as busy, address: [4797a7bc-0ba4-4d1f-92bf-d5dd13e74b9f port:49629, addresses:[localhost/127.0.0.1]]
2021-07-31T13:53:55.897+0530 [DEBUG] [org.gradle.launcher.daemon.registry.PersistentDaemonRegistry] Marking busy by address: [4797a7bc-0ba4-4d1f-92bf-d5dd13e74b9f port:49629, addresses:[localhost/127.0.0.1]]
2021-07-31T13:53:55.898+0530 [DEBUG] [org.gradle.cache.internal.DefaultFileLockManager] Waiting to acquire exclusive lock on daemon addresses registry.
2021-07-31T13:53:55.898+0530 [DEBUG] [org.gradle.cache.internal.DefaultFileLockManager] Lock acquired on daemon addresses registry.
2021-07-31T13:53:55.899+0530 [DEBUG] [org.gradle.cache.internal.DefaultFileLockManager] Releasing lock on daemon addresses registry.
2021-07-31T13:53:55.899+0530 [DEBUG] [org.gradle.launcher.daemon.server.DaemonStateCoordinator] resetting idle timer
2021-07-31T13:53:55.899+0530 [DEBUG] [org.gradle.launcher.daemon.server.DaemonStateCoordinator] daemon is running. Sleeping until state changes.
2021-07-31T13:53:55.900+0530 [INFO] [org.gradle.launcher.daemon.server.exec.StartBuildOrRespondWithBusy] Daemon is about to start building Build{id=728ba820-2541-4d6b-bf09-f43d54953c61, currentDir=E:\earthquake_updates}. Dispatching build started information...
2021-07-31T13:53:55.900+0530 [DEBUG] [org.gradle.launcher.daemon.server.SynchronizedDispatchConnection] thread 22: dispatching org.gradle.launcher.daemon.protocol.BuildStarted@4b706a19
2021-07-31T13:53:55.902+0530 [DEBUG] [org.gradle.launcher.daemon.server.exec.EstablishBuildEnvironment] Configuring env variables: [USERDOMAIN_ROAMINGPROFILE, LOCALAPPDATA, PROCESSOR_LEVEL, RegionCode, USERDOMAIN, LOGONSERVER, JAVA_HOME, SESSIONNAME, ALLUSERSPROFILE, INTEL_DEV_REDIST, PROCESSOR_ARCHITECTURE, MIC_LD_LIBRARY_PATH, PSModulePath, SystemDrive, OneDrive, APPDATA, USERNAME, ProgramFiles(x86), CommonProgramFiles, Path, PATHEXT, DriverData, OS, OneDriveConsumer, COMPUTERNAME, OnlineServices, PROCESSOR_REVISION, platformcode, CommonProgramW6432, Autorun, ComSpec, ProgramData, ProgramW6432, HOMEPATH, SystemRoot, TEMP, USERPROFILE, PROCESSOR_IDENTIFIER, HOMEDRIVE, TMP, ProgramFiles, PUBLIC, CommonProgramFiles(x86), NUMBER_OF_PROCESSORS, windir, =::, IDEA_INITIAL_DIRECTORY]
2021-07-31T13:53:55.904+0530 [DEBUG] [org.gradle.launcher.daemon.server.SynchronizedDispatchConnection] thread 20: received class org.gradle.launcher.daemon.protocol.CloseInput
2021-07-31T13:53:55.904+0530 [DEBUG] [org.gradle.launcher.daemon.server.DefaultDaemonConnection] thread 20: Received IO message from client: org.gradle.launcher.daemon.protocol.CloseInput@127a9181
2021-07-31T13:53:55.907+0530 [DEBUG] [org.gradle.launcher.daemon.server.exec.LogToClient] About to start relaying all logs to the client via the connection.
2021-07-31T13:53:55.907+0530 [INFO] [org.gradle.launcher.daemon.server.exec.LogToClient] The client will now receive all logging from the daemon (pid: 10388). The daemon log file: E:\AndroidStudioProjects\Mivik\daemon\6.7.1\daemon-10388.out.log
2021-07-31T13:53:55.909+0530 [INFO] [org.gradle.launcher.daemon.server.exec.LogAndCheckHealth] Starting build in new daemon [memory: 2.1 GB]
2021-07-31T13:53:55.911+0530 [INFO] [org.gradle.launcher.daemon.server.exec.ForwardClientInput] Closing daemon's stdin at end of input.
2021-07-31T13:53:55.911+0530 [INFO] [org.gradle.launcher.daemon.server.exec.ForwardClientInput] The daemon will no longer process any standard input.
2021-07-31T13:53:55.915+0530 [DEBUG] [org.gradle.launcher.daemon.server.exec.ExecuteBuild] The daemon has started executing the build.
2021-07-31T13:53:55.916+0530 [DEBUG] [org.gradle.launcher.daemon.server.exec.ExecuteBuild] Executing build with daemon context: DefaultDaemonContext[uid=e37f18b6-ab57-45d4-96d7-34c630a355ad,javaHome=C:\Program Files\Android\Android Studio1\jre,daemonRegistryDir=E:\AndroidStudioProjects\Mivik\daemon,pid=10388,idleTimeout=10800000,priority=NORMAL,daemonOpts=--add-opens,java.base/java.util=ALL-UNNAMED,--add-opens,java.base/java.lang=ALL-UNNAMED,--add-opens,java.base/java.lang.invoke=ALL-UNNAMED,--add-opens,java.prefs/java.util.prefs=ALL-UNNAMED,-Xmx2048m,-Dfile.encoding=UTF-8,-Duser.country=IN,-Duser.language=en,-Duser.variant]

BUILD SUCCESSFUL in 21s
2021-07-31T13:54:13.472+0530 [DEBUG] [org.gradle.launcher.daemon.server.exec.ExecuteBuild] The daemon has finished executing the build.
2021-07-31T13:54:13.489+0530 [DEBUG] [org.gradle.launcher.daemon.server.DaemonStateCoordinator] daemon is running. Sleeping until state changes.
2021-07-31T13:54:13.489+0530 [DEBUG] [org.gradle.launcher.daemon.server.DaemonStateCoordinator] Command execution: finished waiting for DaemonCommandExecution[command = Build{id=728ba820-2541-4d6b-bf09-f43d54953c61, currentDir=E:\earthquake_updates}, connection = DefaultDaemonConnection: socket connection from /127.0.0.1:49629 to /127.0.0.1:49630]. Result org.gradle.launcher.daemon.server.DaemonStateCoordinator@618abfaf with state Busy
2021-07-31T13:54:13.489+0530 [DEBUG] [org.gradle.launcher.daemon.server.DaemonStateCoordinator] Command execution: completed DaemonCommandExecution[command = Build{id=728ba820-2541-4d6b-bf09-f43d54953c61, currentDir=E:\earthquake_updates}, connection = DefaultDaemonConnection: socket connection from /127.0.0.1:49629 to /127.0.0.1:49630]
2021-07-31T13:54:13.489+0530 [DEBUG] [org.gradle.launcher.daemon.server.DaemonStateCoordinator] resetting idle timer
2021-07-31T13:54:13.489+0530 [INFO] [org.gradle.launcher.daemon.server.DaemonRegistryUpdater] Marking the daemon as idle, address: [4797a7bc-0ba4-4d1f-92bf-d5dd13e74b9f port:49629, addresses:[localhost/127.0.0.1]]
2021-07-31T13:54:13.489+0530 [DEBUG] [org.gradle.launcher.daemon.registry.PersistentDaemonRegistry] Marking busy by address: [4797a7bc-0ba4-4d1f-92bf-d5dd13e74b9f port:49629, addresses:[localhost/127.0.0.1]]
2021-07-31T13:54:13.490+0530 [DEBUG] [org.gradle.cache.internal.DefaultFileLockManager] Waiting to acquire exclusive lock on daemon addresses registry.
2021-07-31T13:54:13.490+0530 [DEBUG] [org.gradle.cache.internal.DefaultFileLockManager] Lock acquired on daemon addresses registry.
2021-07-31T13:54:13.491+0530 [DEBUG] [org.gradle.cache.internal.DefaultFileLockManager] Releasing lock on daemon addresses registry.
2021-07-31T13:54:13.491+0530 [DEBUG] [org.gradle.launcher.daemon.server.DaemonStateCoordinator] daemon is running. Sleeping until state changes.
2021-07-31T13:54:13.491+0530 [DEBUG] [org.gradle.launcher.daemon.server.exec.ReturnResult] Daemon is dispatching the build result: Success[value=org.gradle.launcher.exec.BuildActionResult@6097be58]
2021-07-31T13:54:13.491+0530 [DEBUG] [org.gradle.launcher.daemon.server.SynchronizedDispatchConnection] thread 19: dispatching Success[value=org.gradle.launcher.exec.BuildActionResult@6097be58]
2021-07-31T13:54:13.492+0530 [DEBUG] [org.gradle.launcher.daemon.server.DefaultIncomingConnectionHandler] Finishing executing command: Build{id=728ba820-2541-4d6b-bf09-f43d54953c61, currentDir=E:\earthquake_updates}
2021-07-31T13:54:13.493+0530 [DEBUG] [org.gradle.launcher.daemon.server.SynchronizedDispatchConnection] thread 20: received class org.gradle.launcher.daemon.protocol.Finished
2021-07-31T13:54:13.493+0530 [DEBUG] [org.gradle.launcher.daemon.server.DefaultDaemonConnection] thread 20: Received non-IO message from client: org.gradle.launcher.daemon.protocol.Finished@5fe5a17e
2021-07-31T13:54:13.493+0530 [DEBUG] [org.gradle.launcher.daemon.server.DefaultIncomingConnectionHandler] Received finished message: org.gradle.launcher.daemon.protocol.Finished@5fe5a17e
2021-07-31T13:54:13.493+0530 [DEBUG] [org.gradle.launcher.daemon.server.SynchronizedDispatchConnection] thread 19: stopping connection
2021-07-31T13:54:13.494+0530 [DEBUG] [org.gradle.internal.remote.internal.inet.SocketConnection] Discarding EOFException: java.io.EOFException
2021-07-31T13:54:13.494+0530 [DEBUG] [org.gradle.launcher.daemon.server.SynchronizedDispatchConnection] thread 20: received null
2021-07-31T13:54:13.494+0530 [DEBUG] [org.gradle.launcher.daemon.server.DefaultDaemonConnection] thread 20: Received end-of-input from client.
2021-07-31T13:54:13.495+0530 [DEBUG] [org.gradle.launcher.daemon.server.SynchronizedDispatchConnection] thread 19: stopping connection
2021-07-31T13:54:15.822+0530 [DEBUG] [org.gradle.cache.internal.DefaultFileLockManager] Waiting to acquire shared lock on daemon addresses registry.
2021-07-31T13:54:15.823+0530 [DEBUG] [org.gradle.cache.internal.DefaultFileLockManager] Lock acquired on daemon addresses registry.
2021-07-31T13:54:15.823+0530 [DEBUG] [org.gradle.cache.internal.DefaultFileLockManager] Releasing lock on daemon addresses registry.
2021-07-31T13:54:15.824+0530 [DEBUG] [org.gradle.cache.internal.DefaultFileLockManager] Waiting to acquire shared lock on daemon addresses registry.
2021-07-31T13:54:15.824+0530 [DEBUG] [org.gradle.cache.internal.DefaultFileLockManager] Lock acquired on daemon addresses registry.
2021-07-31T13:54:15.825+0530 [DEBUG] [org.gradle.cache.internal.DefaultFileLockManager] Releasing lock on daemon addresses registry.
2021-07-31T13:54:15.870+0530 [DEBUG] [org.gradle.process.internal.health.memory.DefaultMemoryManager] 842339532 memory requested, 405405696 free
2021-07-31T13:54:15.870+0530 [DEBUG] [org.gradle.workers.internal.WorkerDaemonExpiration] Will attempt to release 803 of memory
2021-07-31T13:54:15.870+0530 [DEBUG] [org.gradle.process.internal.health.memory.DefaultMemoryManager] 842339532 memory requested, 0 released, 405405696 free
2021-07-31T13:54:20.872+0530 [DEBUG] [org.gradle.process.internal.health.memory.DefaultMemoryManager] 842339532 memory requested, 415563776 free
2021-07-31T13:54:20.872+0530 [DEBUG] [org.gradle.workers.internal.WorkerDaemonExpiration] Will attempt to release 803 of memory
2021-07-31T13:54:20.872+0530 [DEBUG] [org.gradle.process.internal.health.memory.DefaultMemoryManager] 842339532 memory requested, 0 released, 415563776 free
2021-07-31T13:54:25.833+0530 [DEBUG] [org.gradle.cache.internal.DefaultFileLockManager] Waiting to acquire shared lock on daemon addresses registry.
2021-07-31T13:54:25.834+0530 [DEBUG] [org.gradle.cache.internal.DefaultFileLockManager] Lock acquired on daemon addresses registry.
2021-07-31T13:54:25.834+0530 [DEBUG] [org.gradle.cache.internal.DefaultFileLockManager] Releasing lock on daemon addresses registry.
2021-07-31T13:54:25.836+0530 [DEBUG] [org.gradle.cache.internal.DefaultFileLockManager] Waiting to acquire shared lock on daemon addresses registry.
2021-07-31T13:54:25.836+0530 [DEBUG] [org.gradle.cache.internal.DefaultFileLockManager] Lock acquired on daemon addresses registry.
2021-07-31T13:54:25.837+0530 [DEBUG] [org.gradle.cache.internal.DefaultFileLockManager] Releasing lock on daemon addresses registry.
2021-07-31T13:54:25.838+0530 [DEBUG] [org.gradle.cache.internal.DefaultFileLockManager] Waiting to acquire shared lock on daemon addresses registry.
2021-07-31T13:54:25.839+0530 [DEBUG] [org.gradle.cache.internal.DefaultFileLockManager] Lock acquired on daemon addresses registry.
2021-07-31T13:54:25.839+0530 [DEBUG] [org.gradle.cache.internal.DefaultFileLockManager] Releasing lock on daemon addresses registry.
2021-07-31T13:54:25.864+0530 [DEBUG] [org.gradle.process.internal.health.memory.DefaultMemoryManager] 842339532 memory requested, 395345920 free
2021-07-31T13:54:25.864+0530 [DEBUG] [org.gradle.workers.internal.WorkerDaemonExpiration] Will attempt to release 803 of memory
2021-07-31T13:54:25.865+0530 [DEBUG] [org.gradle.process.internal.health.memory.DefaultMemoryManager] 842339532 memory requested, 0 released, 395345920 free
2021-07-31T13:54:30.868+0530 [DEBUG] [org.gradle.process.internal.health.memory.DefaultMemoryManager] 842339532 memory requested, 361316352 free
2021-07-31T13:54:30.868+0530 [DEBUG] [org.gradle.workers.internal.WorkerDaemonExpiration] Will attempt to release 803 of memory
2021-07-31T13:54:30.868+0530 [DEBUG] [org.gradle.process.internal.health.memory.DefaultMemoryManager] 842339532 memory requested, 0 released, 361316352 free
2021-07-31T13:54:35.825+0530 [DEBUG] [org.gradle.cache.internal.DefaultFileLockManager] Waiting to acquire shared lock on daemon addresses registry.
2021-07-31T13:54:35.825+0530 [DEBUG] [org.gradle.cache.internal.DefaultFileLockManager] Lock acquired on daemon addresses registry.
2021-07-31T13:54:35.826+0530 [DEBUG] [org.gradle.cache.internal.DefaultFileLockManager] Releasing lock on daemon addresses registry.
2021-07-31T13:54:35.827+0530 [DEBUG] [org.gradle.cache.internal.DefaultFileLockManager] Waiting to acquire shared lock on daemon addresses registry.
2021-07-31T13:54:35.827+0530 [DEBUG] [org.gradle.cache.internal.DefaultFileLockManager] Lock acquired on daemon addresses registry.
2021-07-31T13:54:35.828+0530 [DEBUG] [org.gradle.cache.internal.DefaultFileLockManager] Releasing lock on daemon addresses registry.
2021-07-31T13:54:35.828+0530 [DEBUG] [org.gradle.cache.internal.DefaultFileLockManager] Waiting to acquire shared lock on daemon addresses registry.
2021-07-31T13:54:35.828+0530 [DEBUG] [org.gradle.cache.internal.DefaultFileLockManager] Lock acquired on daemon addresses registry.
2021-07-31T13:54:35.828+0530 [DEBUG] [org.gradle.cache.internal.DefaultFileLockManager] Releasing lock on daemon addresses registry.
2021-07-31T13:54:35.871+0530 [DEBUG] [org.gradle.process.internal.health.memory.DefaultMemoryManager] 842339532 memory requested, 364769280 free
2021-07-31T13:54:35.871+0530 [DEBUG] [org.gradle.workers.internal.WorkerDaemonExpiration] Will attempt to release 803 of memory
2021-07-31T13:54:35.871+0530 [DEBUG] [org.gradle.process.internal.health.memory.DefaultMemoryManager] 842339532 memory requested, 0 released, 364769280 free
2021-07-31T13:54:40.870+0530 [DEBUG] [org.gradle.process.internal.health.memory.DefaultMemoryManager] 842339532 memory requested, 357224448 free
2021-07-31T13:54:40.870+0530 [DEBUG] [org.gradle.workers.internal.WorkerDaemonExpiration] Will attempt to release 803 of memory
2021-07-31T13:54:40.871+0530 [DEBUG] [org.gradle.process.internal.health.memory.DefaultMemoryManager] 842339532 memory requested, 0 released, 357224448 free
2021-07-31T13:54:45.834+0530 [DEBUG] [org.gradle.cache.internal.DefaultFileLockManager] Waiting to acquire shared lock on daemon addresses registry.
2021-07-31T13:54:45.835+0530 [DEBUG] [org.gradle.cache.internal.DefaultFileLockManager] Lock acquired on daemon addresses registry.
2021-07-31T13:54:45.835+0530 [DEBUG] [org.gradle.cache.internal.DefaultFileLockManager] Releasing lock on daemon addresses registry.
2021-07-31T13:54:45.836+0530 [DEBUG] [org.gradle.cache.internal.DefaultFileLockManager] Waiting to acquire shared lock on daemon addresses registry.
2021-07-31T13:54:45.836+0530 [DEBUG] [org.gradle.cache.internal.DefaultFileLockManager] Lock acquired on daemon addresses registry.
2021-07-31T13:54:45.837+0530 [DEBUG] [org.gradle.cache.internal.DefaultFileLockManager] Releasing lock on daemon addresses registry.
2021-07-31T13:54:45.838+0530 [DEBUG] [org.gradle.cache.internal.DefaultFileLockManager] Waiting to acquire shared lock on daemon addresses registry.
2021-07-31T13:54:45.838+0530 [DEBUG] [org.gradle.cache.internal.DefaultFileLockManager] Lock acquired on daemon addresses registry.
2021-07-31T13:54:45.838+0530 [DEBUG] [org.gradle.cache.internal.DefaultFileLockManager] Releasing lock on daemon addresses registry.
2021-07-31T13:54:45.871+0530 [DEBUG] [org.gradle.process.internal.health.memory.DefaultMemoryManager] 842339532 memory requested, 347639808 free
2021-07-31T13:54:45.871+0530 [DEBUG] [org.gradle.workers.internal.WorkerDaemonExpiration] Will attempt to release 803 of memory
2021-07-31T13:54:45.871+0530 [DEBUG] [org.gradle.process.internal.health.memory.DefaultMemoryManager] 842339532 memory requested, 0 released, 347639808 free
2021-07-31T13:54:49.934+0530 [DEBUG] [org.gradle.internal.remote.internal.inet.TcpIncomingConnector] Accepted connection from /127.0.0.1:49642 to /127.0.0.1:49629.
2021-07-31T13:54:49.950+0530 [DEBUG] [org.gradle.launcher.daemon.server.SynchronizedDispatchConnection] thread 151: received class org.gradle.launcher.daemon.protocol.Build
2021-07-31T13:54:49.950+0530 [DEBUG] [org.gradle.launcher.daemon.server.DefaultDaemonConnection] thread 151: Received non-IO message from client: Build{id=0c370274-81b7-4f0d-95d1-147107dd64d8, currentDir=E:\AndroidStudioProjects\mivikoriginal}
2021-07-31T13:54:49.951+0530 [INFO] [org.gradle.launcher.daemon.server.DefaultIncomingConnectionHandler] Received command: Build{id=0c370274-81b7-4f0d-95d1-147107dd64d8, currentDir=E:\AndroidStudioProjects\mivikoriginal}.
2021-07-31T13:54:49.951+0530 [DEBUG] [org.gradle.launcher.daemon.server.DefaultIncomingConnectionHandler] Starting executing command: Build{id=0c370274-81b7-4f0d-95d1-147107dd64d8, currentDir=E:\AndroidStudioProjects\mivikoriginal} with connection: socket connection from /127.0.0.1:49629 to /127.0.0.1:49642.
2021-07-31T13:54:49.951+0530 [ERROR] [org.gradle.launcher.daemon.server.DaemonStateCoordinator] Command execution: started DaemonCommandExecution[command = Build{id=0c370274-81b7-4f0d-95d1-147107dd64d8, currentDir=E:\AndroidStudioProjects\mivikoriginal}, connection = DefaultDaemonConnection: socket connection from /127.0.0.1:49629 to /127.0.0.1:49642] after 0.0 minutes of idle
2021-07-31T13:54:49.951+0530 [INFO] [org.gradle.launcher.daemon.server.DaemonRegistryUpdater] Marking the daemon as busy, address: [4797a7bc-0ba4-4d1f-92bf-d5dd13e74b9f port:49629, addresses:[localhost/127.0.0.1]]
2021-07-31T13:54:49.951+0530 [DEBUG] [org.gradle.launcher.daemon.registry.PersistentDaemonRegistry] Marking busy by address: [4797a7bc-0ba4-4d1f-92bf-d5dd13e74b9f port:49629, addresses:[localhost/127.0.0.1]]
2021-07-31T13:54:49.952+0530 [DEBUG] [org.gradle.cache.internal.DefaultFileLockManager] Waiting to acquire exclusive lock on daemon addresses registry.
2021-07-31T13:54:49.952+0530 [DEBUG] [org.gradle.cache.internal.DefaultFileLockManager] Lock acquired on daemon addresses registry.
2021-07-31T13:54:49.953+0530 [DEBUG] [org.gradle.cache.internal.DefaultFileLockManager] Releasing lock on daemon addresses registry.
2021-07-31T13:54:49.953+0530 [DEBUG] [org.gradle.launcher.daemon.server.DaemonStateCoordinator] resetting idle timer
2021-07-31T13:54:49.953+0530 [DEBUG] [org.gradle.launcher.daemon.server.DaemonStateCoordinator] daemon is running. Sleeping until state changes.
2021-07-31T13:54:49.953+0530 [INFO] [org.gradle.launcher.daemon.server.exec.StartBuildOrRespondWithBusy] Daemon is about to start building Build{id=0c370274-81b7-4f0d-95d1-147107dd64d8, currentDir=E:\AndroidStudioProjects\mivikoriginal}. Dispatching build started information...
2021-07-31T13:54:49.953+0530 [DEBUG] [org.gradle.launcher.daemon.server.SynchronizedDispatchConnection] thread 22: dispatching org.gradle.launcher.daemon.protocol.BuildStarted@3ef32a4a
2021-07-31T13:54:49.954+0530 [DEBUG] [org.gradle.launcher.daemon.server.exec.EstablishBuildEnvironment] Configuring env variables: [USERDOMAIN_ROAMINGPROFILE, LOCALAPPDATA, PROCESSOR_LEVEL, RegionCode, USERDOMAIN, LOGONSERVER, JAVA_HOME, SESSIONNAME, ALLUSERSPROFILE, INTEL_DEV_REDIST, PROCESSOR_ARCHITECTURE, MIC_LD_LIBRARY_PATH, PSModulePath, SystemDrive, OneDrive, APPDATA, USERNAME, ProgramFiles(x86), CommonProgramFiles, Path, PATHEXT, DriverData, OS, OneDriveConsumer, COMPUTERNAME, OnlineServices, PROCESSOR_REVISION, platformcode, CommonProgramW6432, Autorun, ComSpec, ProgramData, ProgramW6432, HOMEPATH, SystemRoot, TEMP, USERPROFILE, PROCESSOR_IDENTIFIER, HOMEDRIVE, TMP, ProgramFiles, PUBLIC, CommonProgramFiles(x86), NUMBER_OF_PROCESSORS, windir, =::, IDEA_INITIAL_DIRECTORY]
2021-07-31T13:54:49.955+0530 [DEBUG] [org.gradle.launcher.daemon.server.SynchronizedDispatchConnection] thread 151: received class org.gradle.launcher.daemon.protocol.CloseInput
2021-07-31T13:54:49.955+0530 [DEBUG] [org.gradle.launcher.daemon.server.DefaultDaemonConnection] thread 151: Received IO message from client: org.gradle.launcher.daemon.protocol.CloseInput@1728dda
2021-07-31T13:54:49.956+0530 [DEBUG] [org.gradle.launcher.daemon.server.exec.LogToClient] About to start relaying all logs to the client via the connection.
2021-07-31T13:54:49.956+0530 [INFO] [org.gradle.launcher.daemon.server.exec.LogToClient] The client will now receive all logging from the daemon (pid: 10388). The daemon log file: E:\AndroidStudioProjects\Mivik\daemon\6.7.1\daemon-10388.out.log
2021-07-31T13:54:49.957+0530 [INFO] [org.gradle.launcher.daemon.server.exec.LogAndCheckHealth] Starting 2nd build in daemon [uptime: 54.772 secs, performance: 100%]
2021-07-31T13:54:49.957+0530 [DEBUG] [org.gradle.launcher.daemon.server.exec.ExecuteBuild] The daemon has started executing the build.
2021-07-31T13:54:49.957+0530 [INFO] [org.gradle.launcher.daemon.server.exec.ForwardClientInput] Closing daemon's stdin at end of input.
2021-07-31T13:54:49.957+0530 [DEBUG] [org.gradle.launcher.daemon.server.exec.ExecuteBuild] Executing build with daemon context: DefaultDaemonContext[uid=e37f18b6-ab57-45d4-96d7-34c630a355ad,javaHome=C:\Program Files\Android\Android Studio1\jre,daemonRegistryDir=E:\AndroidStudioProjects\Mivik\daemon,pid=10388,idleTimeout=10800000,priority=NORMAL,daemonOpts=--add-opens,java.base/java.util=ALL-UNNAMED,--add-opens,java.base/java.lang=ALL-UNNAMED,--add-opens,java.base/java.lang.invoke=ALL-UNNAMED,--add-opens,java.prefs/java.util.prefs=ALL-UNNAMED,-Xmx2048m,-Dfile.encoding=UTF-8,-Duser.country=IN,-Duser.language=en,-Duser.variant]
2021-07-31T13:54:49.957+0530 [INFO] [org.gradle.launcher.daemon.server.exec.ForwardClientInput] The daemon will no longer process any standard input.

BUILD SUCCESSFUL in 2s
2021-07-31T13:54:52.556+0530 [DEBUG] [org.gradle.launcher.daemon.server.exec.ExecuteBuild] The daemon has finished executing the build.
2021-07-31T13:54:52.572+0530 [DEBUG] [org.gradle.launcher.daemon.server.DaemonStateCoordinator] daemon is running. Sleeping until state changes.
2021-07-31T13:54:52.572+0530 [DEBUG] [org.gradle.launcher.daemon.server.DaemonStateCoordinator] Command execution: finished waiting for DaemonCommandExecution[command = Build{id=0c370274-81b7-4f0d-95d1-147107dd64d8, currentDir=E:\AndroidStudioProjects\mivikoriginal}, connection = DefaultDaemonConnection: socket connection from /127.0.0.1:49629 to /127.0.0.1:49642]. Result org.gradle.launcher.daemon.server.DaemonStateCoordinator@618abfaf with state Busy
2021-07-31T13:54:52.572+0530 [DEBUG] [org.gradle.launcher.daemon.server.DaemonStateCoordinator] Command execution: completed DaemonCommandExecution[command = Build{id=0c370274-81b7-4f0d-95d1-147107dd64d8, currentDir=E:\AndroidStudioProjects\mivikoriginal}, connection = DefaultDaemonConnection: socket connection from /127.0.0.1:49629 to /127.0.0.1:49642]
2021-07-31T13:54:52.573+0530 [DEBUG] [org.gradle.launcher.daemon.server.DaemonStateCoordinator] resetting idle timer
2021-07-31T13:54:52.573+0530 [INFO] [org.gradle.launcher.daemon.server.DaemonRegistryUpdater] Marking the daemon as idle, address: [4797a7bc-0ba4-4d1f-92bf-d5dd13e74b9f port:49629, addresses:[localhost/127.0.0.1]]
2021-07-31T13:54:52.573+0530 [DEBUG] [org.gradle.launcher.daemon.registry.PersistentDaemonRegistry] Marking busy by address: [4797a7bc-0ba4-4d1f-92bf-d5dd13e74b9f port:49629, addresses:[localhost/127.0.0.1]]
2021-07-31T13:54:52.573+0530 [DEBUG] [org.gradle.cache.internal.DefaultFileLockManager] Waiting to acquire exclusive lock on daemon addresses registry.
2021-07-31T13:54:52.574+0530 [DEBUG] [org.gradle.cache.internal.DefaultFileLockManager] Lock acquired on daemon addresses registry.
2021-07-31T13:54:52.577+0530 [DEBUG] [org.gradle.cache.internal.DefaultFileLockManager] Releasing lock on daemon addresses registry.
2021-07-31T13:54:52.577+0530 [DEBUG] [org.gradle.launcher.daemon.server.DaemonStateCoordinator] daemon is running. Sleeping until state changes.
2021-07-31T13:54:52.577+0530 [DEBUG] [org.gradle.launcher.daemon.server.exec.ReturnResult] Daemon is dispatching the build result: Success[value=org.gradle.launcher.exec.BuildActionResult@7d664d4]
2021-07-31T13:54:52.577+0530 [DEBUG] [org.gradle.launcher.daemon.server.SynchronizedDispatchConnection] thread 19: dispatching Success[value=org.gradle.launcher.exec.BuildActionResult@7d664d4]
2021-07-31T13:54:52.578+0530 [DEBUG] [org.gradle.launcher.daemon.server.DefaultIncomingConnectionHandler] Finishing executing command: Build{id=0c370274-81b7-4f0d-95d1-147107dd64d8, currentDir=E:\AndroidStudioProjects\mivikoriginal}
2021-07-31T13:54:52.609+0530 [DEBUG] [org.gradle.launcher.daemon.server.SynchronizedDispatchConnection] thread 151: received class org.gradle.launcher.daemon.protocol.Finished
2021-07-31T13:54:52.610+0530 [DEBUG] [org.gradle.launcher.daemon.server.DefaultDaemonConnection] thread 151: Received non-IO message from client: org.gradle.launcher.daemon.protocol.Finished@fb56384
2021-07-31T13:54:52.610+0530 [DEBUG] [org.gradle.launcher.daemon.server.DefaultIncomingConnectionHandler] Received finished message: org.gradle.launcher.daemon.protocol.Finished@fb56384
2021-07-31T13:54:52.610+0530 [DEBUG] [org.gradle.internal.remote.internal.inet.SocketConnection] Discarding EOFException: java.io.EOFException
2021-07-31T13:54:52.610+0530 [DEBUG] [org.gradle.launcher.daemon.server.SynchronizedDispatchConnection] thread 19: stopping connection
2021-07-31T13:54:52.610+0530 [DEBUG] [org.gradle.launcher.daemon.server.SynchronizedDispatchConnection] thread 151: received null
2021-07-31T13:54:52.610+0530 [DEBUG] [org.gradle.launcher.daemon.server.DefaultDaemonConnection] thread 151: Received end-of-input from client.
2021-07-31T13:54:52.611+0530 [DEBUG] [org.gradle.launcher.daemon.server.SynchronizedDispatchConnection] thread 19: stopping connection
2021-07-31T13:54:55.823+0530 [DEBUG] [org.gradle.cache.internal.DefaultFileLockManager] Waiting to acquire shared lock on daemon addresses registry.
2021-07-31T13:54:55.823+0530 [DEBUG] [org.gradle.cache.internal.DefaultFileLockManager] Lock acquired on daemon addresses registry.
2021-07-31T13:54:55.829+0530 [DEBUG] [org.gradle.cache.internal.DefaultFileLockManager] Releasing lock on daemon addresses registry.
2021-07-31T13:54:55.831+0530 [DEBUG] [org.gradle.cache.internal.DefaultFileLockManager] Waiting to acquire shared lock on daemon addresses registry.
2021-07-31T13:54:55.831+0530 [DEBUG] [org.gradle.cache.internal.DefaultFileLockManager] Lock acquired on daemon addresses registry.
2021-07-31T13:54:55.832+0530 [DEBUG] [org.gradle.cache.internal.DefaultFileLockManager] Releasing lock on daemon addresses registry.
2021-07-31T13:54:55.870+0530 [DEBUG] [org.gradle.process.internal.health.memory.DefaultMemoryManager] 842339532 memory requested, 348876800 free
2021-07-31T13:54:55.870+0530 [DEBUG] [org.gradle.workers.internal.WorkerDaemonExpiration] Will attempt to release 803 of memory
2021-07-31T13:54:55.870+0530 [DEBUG] [org.gradle.process.internal.health.memory.DefaultMemoryManager] 842339532 memory requested, 0 released, 348876800 free
2021-07-31T13:55:00.864+0530 [DEBUG] [org.gradle.process.internal.health.memory.DefaultMemoryManager] 842339532 memory requested, 331173888 free
2021-07-31T13:55:00.864+0530 [DEBUG] [org.gradle.workers.internal.WorkerDaemonExpiration] Will attempt to release 803 of memory
2021-07-31T13:55:00.864+0530 [DEBUG] [org.gradle.process.internal.health.memory.DefaultMemoryManager] 842339532 memory requested, 0 released, 331173888 free
2021-07-31T13:55:05.829+0530 [DEBUG] [org.gradle.cache.internal.DefaultFileLockManager] Waiting to acquire shared lock on daemon addresses registry.
2021-07-31T13:55:05.829+0530 [DEBUG] [org.gradle.cache.internal.DefaultFileLockManager] Lock acquired on daemon addresses registry.
2021-07-31T13:55:05.830+0530 [DEBUG] [org.gradle.cache.internal.DefaultFileLockManager] Releasing lock on daemon addresses registry.
2021-07-31T13:55:05.831+0530 [DEBUG] [org.gradle.cache.internal.DefaultFileLockManager] Waiting to acquire shared lock on daemon addresses registry.
2021-07-31T13:55:05.831+0530 [DEBUG] [org.gradle.cache.internal.DefaultFileLockManager] Lock acquired on daemon addresses registry.
2021-07-31T13:55:05.832+0530 [DEBUG] [org.gradle.cache.internal.DefaultFileLockManager] Releasing lock on daemon addresses registry.
2021-07-31T13:55:05.833+0530 [DEBUG] [org.gradle.cache.internal.DefaultFileLockManager] Waiting to acquire shared lock on daemon addresses registry.
2021-07-31T13:55:05.833+0530 [DEBUG] [org.gradle.cache.internal.DefaultFileLockManager] Lock acquired on daemon addresses registry.
2021-07-31T13:55:05.834+0530 [DEBUG] [org.gradle.cache.internal.DefaultFileLockManager] Releasing lock on daemon addresses registry.
2021-07-31T13:55:05.875+0530 [DEBUG] [org.gradle.process.internal.health.memory.DefaultMemoryManager] 842339532 memory requested, 340758528 free
2021-07-31T13:55:05.875+0530 [DEBUG] [org.gradle.workers.internal.WorkerDaemonExpiration] Will attempt to release 803 of memory
2021-07-31T13:55:05.875+0530 [DEBUG] [org.gradle.process.internal.health.memory.DefaultMemoryManager] 842339532 memory requested, 0 released, 340758528 free
2021-07-31T13:55:10.876+0530 [DEBUG] [org.gradle.process.internal.health.memory.DefaultMemoryManager] 842339532 memory requested, 357429248 free
2021-07-31T13:55:10.876+0530 [DEBUG] [org.gradle.workers.internal.WorkerDaemonExpiration] Will attempt to release 803 of memory
2021-07-31T13:55:10.876+0530 [DEBUG] [org.gradle.process.internal.health.memory.DefaultMemoryManager] 842339532 memory requested, 0 released, 357429248 free
2021-07-31T13:55:15.828+0530 [DEBUG] [org.gradle.cache.internal.DefaultFileLockManager] Waiting to acquire shared lock on daemon addresses registry.
2021-07-31T13:55:15.828+0530 [DEBUG] [org.gradle.cache.internal.DefaultFileLockManager] Lock acquired on daemon addresses registry.
2021-07-31T13:55:15.828+0530 [DEBUG] [org.gradle.cache.internal.DefaultFileLockManager] Releasing lock on daemon addresses registry.
2021-07-31T13:55:15.829+0530 [DEBUG] [org.gradle.cache.internal.DefaultFileLockManager] Waiting to acquire shared lock on daemon addresses registry.
2021-07-31T13:55:15.829+0530 [DEBUG] [org.gradle.cache.internal.DefaultFileLockManager] Lock acquired on daemon addresses registry.
2021-07-31T13:55:15.829+0530 [DEBUG] [org.gradle.cache.internal.DefaultFileLockManager] Releasing lock on daemon addresses registry.
2021-07-31T13:55:15.830+0530 [DEBUG] [org.gradle.cache.internal.DefaultFileLockManager] Waiting to acquire shared lock on daemon addresses registry.
2021-07-31T13:55:15.830+0530 [DEBUG] [org.gradle.cache.internal.DefaultFileLockManager] Lock acquired on daemon addresses registry.
2021-07-31T13:55:15.830+0530 [DEBUG] [org.gradle.cache.internal.DefaultFileLockManager] Releasing lock on daemon addresses registry.
2021-07-31T13:55:15.876+0530 [DEBUG] [org.gradle.process.internal.health.memory.DefaultMemoryManager] 842339532 memory requested, 353406976 free
2021-07-31T13:55:15.876+0530 [DEBUG] [org.gradle.workers.internal.WorkerDaemonExpiration] Will attempt to release 803 of memory
2021-07-31T13:55:15.876+0530 [DEBUG] [org.gradle.process.internal.health.memory.DefaultMemoryManager] 842339532 memory requested, 0 released, 353406976 free
2021-07-31T13:55:20.874+0530 [DEBUG] [org.gradle.process.internal.health.memory.DefaultMemoryManager] 842339532 memory requested, 329551872 free
2021-07-31T13:55:20.875+0530 [DEBUG] [org.gradle.workers.internal.WorkerDaemonExpiration] Will attempt to release 803 of memory
2021-07-31T13:55:20.875+0530 [DEBUG] [org.gradle.process.internal.health.memory.DefaultMemoryManager] 842339532 memory requested, 0 released, 329551872 free
2021-07-31T13:55:25.836+0530 [DEBUG] [org.gradle.cache.internal.DefaultFileLockManager] Waiting to acquire shared lock on daemon addresses registry.
2021-07-31T13:55:25.836+0530 [DEBUG] [org.gradle.cache.internal.DefaultFileLockManager] Lock acquired on daemon addresses registry.
2021-07-31T13:55:25.836+0530 [DEBUG] [org.gradle.cache.internal.DefaultFileLockManager] Releasing lock on daemon addresses registry.
2021-07-31T13:55:25.836+0530 [DEBUG] [org.gradle.cache.internal.DefaultFileLockManager] Waiting to acquire shared lock on daemon addresses registry.
2021-07-31T13:55:25.837+0530 [DEBUG] [org.gradle.cache.internal.DefaultFileLockManager] Lock acquired on daemon addresses registry.
2021-07-31T13:55:25.837+0530 [DEBUG] [org.gradle.cache.internal.DefaultFileLockManager] Releasing lock on daemon addresses registry.
2021-07-31T13:55:25.837+0530 [DEBUG] [org.gradle.cache.internal.DefaultFileLockManager] Waiting to acquire shared lock on daemon addresses registry.
2021-07-31T13:55:25.837+0530 [DEBUG] [org.gradle.cache.internal.DefaultFileLockManager] Lock acquired on daemon addresses registry.
2021-07-31T13:55:25.837+0530 [DEBUG] [org.gradle.cache.internal.DefaultFileLockManager] Releasing lock on daemon addresses registry.
2021-07-31T13:55:25.867+0530 [DEBUG] [org.gradle.process.internal.health.memory.DefaultMemoryManager] 842339532 memory requested, 323551232 free
2021-07-31T13:55:25.867+0530 [DEBUG] [org.gradle.workers.internal.WorkerDaemonExpiration] Will attempt to release 803 of memory
2021-07-31T13:55:25.867+0530 [DEBUG] [org.gradle.process.internal.health.memory.DefaultMemoryManager] 842339532 memory requested, 0 released, 323551232 free
2021-07-31T13:55:30.868+0530 [DEBUG] [org.gradle.process.internal.health.memory.DefaultMemoryManager] 842339532 memory requested, 356380672 free
2021-07-31T13:55:30.869+0530 [DEBUG] [org.gradle.workers.internal.WorkerDaemonExpiration] Will attempt to release 803 of memory
2021-07-31T13:55:30.869+0530 [DEBUG] [org.gradle.process.internal.health.memory.DefaultMemoryManager] 842339532 memory requested, 0 released, 356380672 free
2021-07-31T13:55:33.536+0530 [DEBUG] [org.gradle.internal.remote.internal.inet.TcpIncomingConnector] Accepted connection from /127.0.0.1:49647 to /127.0.0.1:49629.
2021-07-31T13:55:33.545+0530 [DEBUG] [org.gradle.launcher.daemon.server.SynchronizedDispatchConnection] thread 178: received class org.gradle.launcher.daemon.protocol.StopWhenIdle
2021-07-31T13:55:33.545+0530 [DEBUG] [org.gradle.launcher.daemon.server.DefaultDaemonConnection] thread 178: Received non-IO message from client: StopWhenIdle[id=8c1a6981-017c-4b91-9351-72b55135036d]
2021-07-31T13:55:33.546+0530 [INFO] [org.gradle.launcher.daemon.server.DefaultIncomingConnectionHandler] Received command: StopWhenIdle[id=8c1a6981-017c-4b91-9351-72b55135036d].
2021-07-31T13:55:33.546+0530 [DEBUG] [org.gradle.launcher.daemon.server.DefaultIncomingConnectionHandler] Starting executing command: StopWhenIdle[id=8c1a6981-017c-4b91-9351-72b55135036d] with connection: socket connection from /127.0.0.1:49629 to /127.0.0.1:49647.
2021-07-31T13:55:33.546+0530 [DEBUG] [org.gradle.launcher.daemon.server.DaemonRegistryUpdater] Storing daemon stop event: stop command received
2021-07-31T13:55:33.551+0530 [DEBUG] [org.gradle.launcher.daemon.registry.PersistentDaemonRegistry] Storing daemon stop event with timestamp 1627719933546
2021-07-31T13:55:33.552+0530 [DEBUG] [org.gradle.cache.internal.DefaultFileLockManager] Waiting to acquire exclusive lock on daemon addresses registry.
2021-07-31T13:55:33.552+0530 [DEBUG] [org.gradle.cache.internal.DefaultFileLockManager] Lock acquired on daemon addresses registry.
2021-07-31T13:55:33.553+0530 [DEBUG] [org.gradle.cache.internal.DefaultFileLockManager] Releasing lock on daemon addresses registry.
2021-07-31T13:55:33.553+0530 [LIFECYCLE] [org.gradle.launcher.daemon.server.DaemonStateCoordinator] Daemon will be stopped at the end of the build stop command received
2021-07-31T13:55:33.554+0530 [DEBUG] [org.gradle.launcher.daemon.server.DaemonStateCoordinator] Marking daemon stopped due to stop command received. The daemon is running a build: false
2021-07-31T13:55:33.554+0530 [DEBUG] [org.gradle.launcher.daemon.server.SynchronizedDispatchConnection] thread 19: dispatching Success[value=null]
2021-07-31T13:55:33.554+0530 [DEBUG] [org.gradle.launcher.daemon.server.DaemonStateCoordinator] daemon has stopped.
2021-07-31T13:55:33.554+0530 [DEBUG] [org.gradle.launcher.daemon.server.Daemon] stop() called on daemon
2021-07-31T13:55:33.554+0530 [INFO] [org.gradle.launcher.daemon.server.Daemon] Stop requested. Daemon is removing its presence from the registry...
2021-07-31T13:55:33.554+0530 [DEBUG] [org.gradle.launcher.daemon.server.DefaultIncomingConnectionHandler] Finishing executing command: StopWhenIdle[id=8c1a6981-017c-4b91-9351-72b55135036d]
2021-07-31T13:55:33.555+0530 [DEBUG] [org.gradle.launcher.daemon.server.DaemonRegistryUpdater] Removing our presence to clients, eg. removing this address from the registry: [4797a7bc-0ba4-4d1f-92bf-d5dd13e74b9f port:49629, addresses:[localhost/127.0.0.1]]
2021-07-31T13:55:33.555+0530 [DEBUG] [org.gradle.launcher.daemon.server.SynchronizedDispatchConnection] thread 178: received class org.gradle.launcher.daemon.protocol.Finished
2021-07-31T13:55:33.555+0530 [DEBUG] [org.gradle.launcher.daemon.server.DefaultDaemonConnection] thread 178: Received non-IO message from client: org.gradle.launcher.daemon.protocol.Finished@7ce6e492
2021-07-31T13:55:33.555+0530 [DEBUG] [org.gradle.launcher.daemon.registry.PersistentDaemonRegistry] Removing daemon address: [4797a7bc-0ba4-4d1f-92bf-d5dd13e74b9f port:49629, addresses:[localhost/127.0.0.1]]
2021-07-31T13:55:33.556+0530 [DEBUG] [org.gradle.launcher.daemon.server.DefaultIncomingConnectionHandler] Received finished message: org.gradle.launcher.daemon.protocol.Finished@7ce6e492
2021-07-31T13:55:33.557+0530 [DEBUG] [org.gradle.internal.remote.internal.inet.SocketConnection] Discarding EOFException: java.io.EOFException
2021-07-31T13:55:33.558+0530 [DEBUG] [org.gradle.launcher.daemon.server.SynchronizedDispatchConnection] thread 178: received null
2021-07-31T13:55:33.558+0530 [DEBUG] [org.gradle.launcher.daemon.server.DefaultDaemonConnection] thread 178: Received end-of-input from client.
2021-07-31T13:55:33.557+0530 [DEBUG] [org.gradle.launcher.daemon.server.SynchronizedDispatchConnection] thread 19: stopping connection
2021-07-31T13:55:33.560+0530 [DEBUG] [org.gradle.launcher.daemon.server.SynchronizedDispatchConnection] thread 19: stopping connection
2021-07-31T13:55:33.561+0530 [DEBUG] [org.gradle.cache.internal.DefaultFileLockManager] Waiting to acquire exclusive lock on daemon addresses registry.
2021-07-31T13:55:33.565+0530 [DEBUG] [org.gradle.cache.internal.DefaultFileLockManager] Lock acquired on daemon addresses registry.
2021-07-31T13:55:33.572+0530 [DEBUG] [org.gradle.cache.internal.DefaultFileLockManager] Releasing lock on daemon addresses registry.
2021-07-31T13:55:33.573+0530 [DEBUG] [org.gradle.launcher.daemon.server.DaemonRegistryUpdater] Address removed from registry.
2021-07-31T13:55:33.654+0530 [DEBUG] [org.gradle.cache.internal.LockOnDemandCrossProcessCacheAccess] Releasing file lock for jars (E:\AndroidStudioProjects\Mivik\caches\jars-8)
2021-07-31T13:55:33.655+0530 [DEBUG] [org.gradle.cache.internal.DefaultFileLockManager] Releasing lock on jars (E:\AndroidStudioProjects\Mivik\caches\jars-8).
2021-07-31T13:55:33.746+0530 [DEBUG] [org.gradle.cache.internal.DefaultPersistentDirectoryStore] jars (E:\AndroidStudioProjects\Mivik\caches\jars-8) has last been fully cleaned up 27 hours ago
2021-07-31T13:55:33.749+0530 [DEBUG] [org.gradle.cache.internal.AbstractCacheCleanup] jars (E:\AndroidStudioProjects\Mivik\caches\jars-8) cleanup deleted 0 files/directories.
2021-07-31T13:55:33.749+0530 [INFO] [org.gradle.cache.internal.LeastRecentlyUsedCacheCleanup] jars (E:\AndroidStudioProjects\Mivik\caches\jars-8) removing files not accessed on or after Sat Jul 24 13:53:56 IST 2021.
2021-07-31T13:55:33.766+0530 [DEBUG] [org.gradle.cache.internal.AbstractCacheCleanup] jars (E:\AndroidStudioProjects\Mivik\caches\jars-8) cleanup deleted 0 files/directories.
2021-07-31T13:55:33.767+0530 [INFO] [org.gradle.cache.internal.DefaultPersistentDirectoryStore] jars (E:\AndroidStudioProjects\Mivik\caches\jars-8) cleaned up in 0.02 secs.
2021-07-31T13:55:33.768+0530 [DEBUG] [org.gradle.cache.internal.LockOnDemandCrossProcessCacheAccess] Releasing file lock for file content cache (E:\AndroidStudioProjects\Mivik\caches\6.7.1\fileContent)
2021-07-31T13:55:33.768+0530 [DEBUG] [org.gradle.cache.internal.DefaultFileLockManager] Releasing lock on file content cache (E:\AndroidStudioProjects\Mivik\caches\6.7.1\fileContent).
2021-07-31T13:55:33.770+0530 [DEBUG] [org.gradle.cache.internal.LockOnDemandCrossProcessCacheAccess] Releasing file lock for Artifact transforms cache (E:\AndroidStudioProjects\Mivik\caches\transforms-2)
2021-07-31T13:55:33.770+0530 [DEBUG] [org.gradle.cache.internal.DefaultFileLockManager] Releasing lock on Artifact transforms cache (E:\AndroidStudioProjects\Mivik\caches\transforms-2).
2021-07-31T13:55:33.771+0530 [DEBUG] [org.gradle.cache.internal.DefaultPersistentDirectoryStore] Artifact transforms cache (E:\AndroidStudioProjects\Mivik\caches\transforms-2) has last been fully cleaned up 27 hours ago
2021-07-31T13:55:33.771+0530 [INFO] [org.gradle.cache.internal.LeastRecentlyUsedCacheCleanup] Artifact transforms cache (E:\AndroidStudioProjects\Mivik\caches\transforms-2) [subdir: E:\AndroidStudioProjects\Mivik\caches\transforms-2\files-2.1] removing files not accessed on or after Sat Jul 24 13:53:58 IST 2021.
2021-07-31T13:55:33.880+0530 [INFO] [org.gradle.cache.internal.LoggingEvictionListener] Cache entries evicted. In-memory cache of E:\AndroidStudioProjects\Mivik\caches\journal-1\file-access.bin: Size{2336} MaxSize{2400}, CacheStats{hitCount=329, missCount=1367, loadSuccessCount=1368, loadExceptionCount=0, totalLoadTime=82736988, evictionCount=1} 
Performance may suffer from in-memory cache misses. Increase max heap size of Gradle build process to reduce cache misses.
2021-07-31T13:55:33.900+0530 [INFO] [org.gradle.cache.internal.LoggingEvictionListener] Cache entries evicted. In-memory cache of E:\AndroidStudioProjects\Mivik\caches\journal-1\file-access.bin: Size{2400} MaxSize{2400}, CacheStats{hitCount=351, missCount=1671, loadSuccessCount=1672, loadExceptionCount=0, totalLoadTime=95815582, evictionCount=241} 
Performance may suffer from in-memory cache misses. Increase max heap size of Gradle build process to reduce cache misses.
2021-07-31T13:55:33.916+0530 [INFO] [org.gradle.cache.internal.LoggingEvictionListener] Cache entries evicted. In-memory cache of E:\AndroidStudioProjects\Mivik\caches\journal-1\file-access.bin: Size{2400} MaxSize{2400}, CacheStats{hitCount=360, missCount=1911, loadSuccessCount=1912, loadExceptionCount=0, totalLoadTime=106394477, evictionCount=481} 
Performance may suffer from in-memory cache misses. Increase max heap size of Gradle build process to reduce cache misses.
2021-07-31T13:55:33.930+0530 [INFO] [org.gradle.cache.internal.LoggingEvictionListener] Cache entries evicted. In-memory cache of E:\AndroidStudioProjects\Mivik\caches\journal-1\file-access.bin: Size{2400} MaxSize{2400}, CacheStats{hitCount=360, missCount=2151, loadSuccessCount=2152, loadExceptionCount=0, totalLoadTime=116256486, evictionCount=721} 
Performance may suffer from in-memory cache misses. Increase max heap size of Gradle build process to reduce cache misses.
2021-07-31T13:55:33.945+0530 [INFO] [org.gradle.cache.internal.LoggingEvictionListener] Cache entries evicted. In-memory cache of E:\AndroidStudioProjects\Mivik\caches\journal-1\file-access.bin: Size{2400} MaxSize{2400}, CacheStats{hitCount=360, missCount=2391, loadSuccessCount=2392, loadExceptionCount=0, totalLoadTime=127032479, evictionCount=961} 
Performance may suffer from in-memory cache misses. Increase max heap size of Gradle build process to reduce cache misses.
2021-07-31T13:55:33.960+0530 [INFO] [org.gradle.cache.internal.LoggingEvictionListener] Cache entries evicted. In-memory cache of E:\AndroidStudioProjects\Mivik\caches\journal-1\file-access.bin: Size{2400} MaxSize{2400}, CacheStats{hitCount=360, missCount=2631, loadSuccessCount=2632, loadExceptionCount=0, totalLoadTime=137669684, evictionCount=1201} 
Performance may suffer from in-memory cache misses. Increase max heap size of Gradle build process to reduce cache misses.
2021-07-31T13:55:33.973+0530 [INFO] [org.gradle.cache.internal.LoggingEvictionListener] Cache entries evicted. In-memory cache of E:\AndroidStudioProjects\Mivik\caches\journal-1\file-access.bin: Size{2400} MaxSize{2400}, CacheStats{hitCount=360, missCount=2871, loadSuccessCount=2872, loadExceptionCount=0, totalLoadTime=147265784, evictionCount=1441} 
Performance may suffer from in-memory cache misses. Increase max heap size of Gradle build process to reduce cache misses.
2021-07-31T13:55:34.039+0530 [INFO] [org.gradle.cache.internal.LoggingEvictionListener] Cache entries evicted. In-memory cache of E:\AndroidStudioProjects\Mivik\caches\journal-1\file-access.bin: Size{2400} MaxSize{2400}, CacheStats{hitCount=360, missCount=3111, loadSuccessCount=3112, loadExceptionCount=0, totalLoadTime=209006898, evictionCount=1681} 
Performance may suffer from in-memory cache misses. Increase max heap size of Gradle build process to reduce cache misses.
2021-07-31T13:55:34.056+0530 [INFO] [org.gradle.cache.internal.LoggingEvictionListener] Cache entries evicted. In-memory cache of E:\AndroidStudioProjects\Mivik\caches\journal-1\file-access.bin: Size{2400} MaxSize{2400}, CacheStats{hitCount=360, missCount=3351, loadSuccessCount=3352, loadExceptionCount=0, totalLoadTime=220914196, evictionCount=1921} 
Performance may suffer from in-memory cache misses. Increase max heap size of Gradle build process to reduce cache misses.
2021-07-31T13:55:34.069+0530 [INFO] [org.gradle.cache.internal.LoggingEvictionListener] Cache entries evicted. In-memory cache of E:\AndroidStudioProjects\Mivik\caches\journal-1\file-access.bin: Size{2400} MaxSize{2400}, CacheStats{hitCount=360, missCount=3591, loadSuccessCount=3592, loadExceptionCount=0, totalLoadTime=230771796, evictionCount=2161} 
Performance may suffer from in-memory cache misses. Increase max heap size of Gradle build process to reduce cache misses.
2021-07-31T13:55:34.081+0530 [DEBUG] [org.gradle.cache.internal.AbstractCacheCleanup] Artifact transforms cache (E:\AndroidStudioProjects\Mivik\caches\transforms-2) [subdir: E:\AndroidStudioProjects\Mivik\caches\transforms-2\files-2.1] cleanup deleted 0 files/directories.
2021-07-31T13:55:34.082+0530 [INFO] [org.gradle.cache.internal.DefaultPersistentDirectoryStore] Artifact transforms cache (E:\AndroidStudioProjects\Mivik\caches\transforms-2) cleaned up in 0.31 secs.
2021-07-31T13:55:34.082+0530 [DEBUG] [org.gradle.cache.internal.LockOnDemandCrossProcessCacheAccess] Releasing file lock for artifact cache (E:\AndroidStudioProjects\Mivik\caches\modules-2)
2021-07-31T13:55:34.082+0530 [DEBUG] [org.gradle.cache.internal.btree.BTreePersistentIndexedCache] Closing cache module-artifacts.bin (E:\AndroidStudioProjects\Mivik\caches\modules-2\metadata-2.96\module-artifacts.bin)
2021-07-31T13:55:34.082+0530 [DEBUG] [org.gradle.cache.internal.btree.BTreePersistentIndexedCache] Closing cache module-metadata.bin (E:\AndroidStudioProjects\Mivik\caches\modules-2\metadata-2.96\module-metadata.bin)
2021-07-31T13:55:34.083+0530 [DEBUG] [org.gradle.cache.internal.btree.BTreePersistentIndexedCache] Closing cache module-artifact.bin (E:\AndroidStudioProjects\Mivik\caches\modules-2\metadata-2.96\module-artifact.bin)
2021-07-31T13:55:34.083+0530 [DEBUG] [org.gradle.cache.internal.btree.BTreePersistentIndexedCache] Closing cache resource-at-url.bin (E:\AndroidStudioProjects\Mivik\caches\modules-2\metadata-2.96\resource-at-url.bin)
2021-07-31T13:55:34.083+0530 [DEBUG] [org.gradle.cache.internal.btree.BTreePersistentIndexedCache] Closing cache module-versions.bin (E:\AndroidStudioProjects\Mivik\caches\modules-2\metadata-2.96\module-versions.bin)
2021-07-31T13:55:34.083+0530 [DEBUG] [org.gradle.cache.internal.DefaultFileLockManager] Releasing lock on artifact cache (E:\AndroidStudioProjects\Mivik\caches\modules-2).
2021-07-31T13:55:34.084+0530 [DEBUG] [org.gradle.cache.internal.DefaultPersistentDirectoryStore] artifact cache (E:\AndroidStudioProjects\Mivik\caches\modules-2) has last been fully cleaned up 27 hours ago
2021-07-31T13:55:34.085+0530 [DEBUG] [org.gradle.cache.internal.AbstractCacheCleanup] artifact cache (E:\AndroidStudioProjects\Mivik\caches\modules-2) cleanup deleted 0 files/directories.
2021-07-31T13:55:34.085+0530 [DEBUG] [org.gradle.cache.internal.AbstractCacheCleanup] artifact cache (E:\AndroidStudioProjects\Mivik\caches\modules-2) [subdir: E:\AndroidStudioProjects\Mivik\caches\modules-2\resources-2.1] cleanup deleted 0 files/directories.
2021-07-31T13:55:34.086+0530 [INFO] [org.gradle.cache.internal.LeastRecentlyUsedCacheCleanup] artifact cache (E:\AndroidStudioProjects\Mivik\caches\modules-2) [subdir: E:\AndroidStudioProjects\Mivik\caches\modules-2\resources-2.1] removing files not accessed on or after Thu Jul 01 13:54:01 IST 2021.
2021-07-31T13:55:34.086+0530 [DEBUG] [org.gradle.cache.internal.AbstractCacheCleanup] artifact cache (E:\AndroidStudioProjects\Mivik\caches\modules-2) [subdir: E:\AndroidStudioProjects\Mivik\caches\modules-2\resources-2.1] cleanup deleted 0 files/directories.
2021-07-31T13:55:34.087+0530 [DEBUG] [org.gradle.cache.internal.AbstractCacheCleanup] artifact cache (E:\AndroidStudioProjects\Mivik\caches\modules-2) [subdir: E:\AndroidStudioProjects\Mivik\caches\modules-2\files-2.1] cleanup deleted 0 files/directories.
2021-07-31T13:55:34.087+0530 [INFO] [org.gradle.cache.internal.LeastRecentlyUsedCacheCleanup] artifact cache (E:\AndroidStudioProjects\Mivik\caches\modules-2) [subdir: E:\AndroidStudioProjects\Mivik\caches\modules-2\files-2.1] removing files not accessed on or after Thu Jul 01 13:54:01 IST 2021.
2021-07-31T13:55:34.091+0530 [INFO] [org.gradle.cache.internal.LoggingEvictionListener] Cache entries evicted. In-memory cache of E:\AndroidStudioProjects\Mivik\caches\journal-1\file-access.bin: Size{2400} MaxSize{2400}, CacheStats{hitCount=360, missCount=3831, loadSuccessCount=3832, loadExceptionCount=0, totalLoadTime=240567594, evictionCount=2401} 
Performance may suffer from in-memory cache misses. Increase max heap size of Gradle build process to reduce cache misses.
2021-07-31T13:55:34.117+0530 [INFO] [org.gradle.cache.internal.LoggingEvictionListener] Cache entries evicted. In-memory cache of E:\AndroidStudioProjects\Mivik\caches\journal-1\file-access.bin: Size{2400} MaxSize{2400}, CacheStats{hitCount=360, missCount=4071, loadSuccessCount=4072, loadExceptionCount=0, totalLoadTime=251015095, evictionCount=2641} 
Performance may suffer from in-memory cache misses. Increase max heap size of Gradle build process to reduce cache misses.
2021-07-31T13:55:34.141+0530 [INFO] [org.gradle.cache.internal.LoggingEvictionListener] Cache entries evicted. In-memory cache of E:\AndroidStudioProjects\Mivik\caches\journal-1\file-access.bin: Size{2400} MaxSize{2400}, CacheStats{hitCount=360, missCount=4311, loadSuccessCount=4312, loadExceptionCount=0, totalLoadTime=261031894, evictionCount=2881} 
Performance may suffer from in-memory cache misses. Increase max heap size of Gradle build process to reduce cache misses.
2021-07-31T13:55:34.165+0530 [INFO] [org.gradle.cache.internal.LoggingEvictionListener] Cache entries evicted. In-memory cache of E:\AndroidStudioProjects\Mivik\caches\journal-1\file-access.bin: Size{2400} MaxSize{2400}, CacheStats{hitCount=360, missCount=4551, loadSuccessCount=4552, loadExceptionCount=0, totalLoadTime=270377678, evictionCount=3121} 
Performance may suffer from in-memory cache misses. Increase max heap size of Gradle build process to reduce cache misses.
2021-07-31T13:55:34.201+0530 [INFO] [org.gradle.cache.internal.LoggingEvictionListener] Cache entries evicted. In-memory cache of E:\AndroidStudioProjects\Mivik\caches\journal-1\file-access.bin: Size{2400} MaxSize{2400}, CacheStats{hitCount=360, missCount=4791, loadSuccessCount=4792, loadExceptionCount=0, totalLoadTime=284145796, evictionCount=3361} 
Performance may suffer from in-memory cache misses. Increase max heap size of Gradle build process to reduce cache misses.
2021-07-31T13:55:34.237+0530 [INFO] [org.gradle.cache.internal.LoggingEvictionListener] Cache entries evicted. In-memory cache of E:\AndroidStudioProjects\Mivik\caches\journal-1\file-access.bin: Size{2400} MaxSize{2400}, CacheStats{hitCount=360, missCount=5031, loadSuccessCount=5032, loadExceptionCount=0, totalLoadTime=298662775, evictionCount=3601} 
Performance may suffer from in-memory cache misses. Increase max heap size of Gradle build process to reduce cache misses.
2021-07-31T13:55:34.238+0530 [DEBUG] [org.gradle.cache.internal.AbstractCacheCleanup] artifact cache (E:\AndroidStudioProjects\Mivik\caches\modules-2) [subdir: E:\AndroidStudioProjects\Mivik\caches\modules-2\files-2.1] cleanup deleted 0 files/directories.
2021-07-31T13:55:34.239+0530 [DEBUG] [org.gradle.cache.internal.AbstractCacheCleanup] artifact cache (E:\AndroidStudioProjects\Mivik\caches\modules-2) [subdir: E:\AndroidStudioProjects\Mivik\caches\modules-2\metadata-2.96] cleanup deleted 0 files/directories.
2021-07-31T13:55:34.239+0530 [INFO] [org.gradle.cache.internal.DefaultPersistentDirectoryStore] artifact cache (E:\AndroidStudioProjects\Mivik\caches\modules-2) cleaned up in 0.155 secs.
2021-07-31T13:55:34.241+0530 [DEBUG] [org.gradle.cache.internal.LockOnDemandCrossProcessCacheAccess] Releasing file lock for journal cache (E:\AndroidStudioProjects\Mivik\caches\journal-1)
2021-07-31T13:55:34.241+0530 [DEBUG] [org.gradle.cache.internal.btree.BTreePersistentIndexedCache] Closing cache file-access.bin (E:\AndroidStudioProjects\Mivik\caches\journal-1\file-access.bin)
2021-07-31T13:55:34.241+0530 [DEBUG] [org.gradle.cache.internal.DefaultFileLockManager] Releasing lock on journal cache (E:\AndroidStudioProjects\Mivik\caches\journal-1).
2021-07-31T13:55:34.242+0530 [DEBUG] [org.gradle.cache.internal.DefaultCacheAccess] Cache Generated Gradle JARs cache (E:\AndroidStudioProjects\Mivik\caches\6.7.1\generated-gradle-jars) was closed 0 times.
2021-07-31T13:55:34.243+0530 [DEBUG] [org.gradle.cache.internal.LockOnDemandCrossProcessCacheAccess] Releasing file lock for file hash cache (E:\AndroidStudioProjects\Mivik\caches\6.7.1\fileHashes)
2021-07-31T13:55:34.243+0530 [DEBUG] [org.gradle.cache.internal.btree.BTreePersistentIndexedCache] Closing cache fileHashes.bin (E:\AndroidStudioProjects\Mivik\caches\6.7.1\fileHashes\fileHashes.bin)
2021-07-31T13:55:34.243+0530 [DEBUG] [org.gradle.cache.internal.btree.BTreePersistentIndexedCache] Closing cache resourceHashesCache.bin (E:\AndroidStudioProjects\Mivik\caches\6.7.1\fileHashes\resourceHashesCache.bin)
2021-07-31T13:55:34.244+0530 [DEBUG] [org.gradle.cache.internal.DefaultFileLockManager] Releasing lock on file hash cache (E:\AndroidStudioProjects\Mivik\caches\6.7.1\fileHashes).
2021-07-31T13:55:34.245+0530 [DEBUG] [org.gradle.cache.internal.LockOnDemandCrossProcessCacheAccess] Releasing file lock for execution history cache (E:\AndroidStudioProjects\Mivik\caches\6.7.1\executionHistory)
2021-07-31T13:55:34.245+0530 [DEBUG] [org.gradle.cache.internal.btree.BTreePersistentIndexedCache] Closing cache executionHistory.bin (E:\AndroidStudioProjects\Mivik\caches\6.7.1\executionHistory\executionHistory.bin)
2021-07-31T13:55:34.245+0530 [DEBUG] [org.gradle.cache.internal.DefaultFileLockManager] Releasing lock on execution history cache (E:\AndroidStudioProjects\Mivik\caches\6.7.1\executionHistory).
2021-07-31T13:55:34.253+0530 [DEBUG] [org.gradle.cache.internal.VersionSpecificCacheCleanupAction] Processed version-specific caches at E:\AndroidStudioProjects\Mivik\caches for cleanup in 0.001 secs
2021-07-31T13:55:34.361+0530 [DEBUG] [org.gradle.cache.internal.WrapperDistributionCleanupAction] Skipping distribution for Gradle 2.10 at E:\AndroidStudioProjects\Mivik\wrapper\dists\gradle-2.10-all\a4w5fzrkeut1ox71xslb49gst because it was recently added
Daemon vm is shutting down... The daemon has exited normally or was terminated in response to a user interrupt.
2021-07-31T13:55:34.362+0530 [DEBUG] [org.gradle.launcher.daemon.registry.PersistentDaemonRegistry] Removing daemon address: [4797a7bc-0ba4-4d1f-92bf-d5dd13e74b9f port:49629, addresses:[localhost/127.0.0.1]]
2021-07-31T13:55:34.363+0530 [DEBUG] [org.gradle.cache.internal.DefaultFileLockManager] Waiting to acquire exclusive lock on daemon addresses registry.
2021-07-31T13:55:34.363+0530 [DEBUG] [org.gradle.cache.internal.DefaultFileLockManager] Lock acquired on daemon addresses registry.
2021-07-31T13:55:34.366+0530 [DEBUG] [org.gradle.cache.internal.DefaultFileLockManager] Releasing lock on daemon addresses registry.
