2021-07-30T10:54:47.257+0530 [DEBUG] [org.gradle.launcher.daemon.bootstrap.DaemonMain] Assuming the daemon was started with following jvm opts: [--add-opens, java.base/java.util=ALL-UNNAMED, --add-opens, java.base/java.lang=ALL-UNNAMED, --add-opens, java.base/java.lang.invoke=ALL-UNNAMED, --add-opens, java.prefs/java.util.prefs=ALL-UNNAMED, -Xmx2048m, -Dfile.encoding=UTF-8, -Duser.country=IN, -Duser.language=en, -Duser.variant]
2021-07-30T10:54:47.402+0530 [DEBUG] [org.gradle.internal.nativeintegration.services.NativeServices] Native-platform posix files integration is not available. Continuing with fallback.
2021-07-30T10:54:47.419+0530 [INFO] [org.gradle.launcher.daemon.server.Daemon] start() called on daemon - DefaultDaemonContext[uid=50bbaba9-b28a-4fde-81e6-bebe509b7528,javaHome=C:\Program Files\Android\Android Studio1\jre,daemonRegistryDir=E:\AndroidStudioProjects\Mivik\daemon,pid=12784,idleTimeout=10800000,priority=NORMAL,daemonOpts=--add-opens,java.base/java.util=ALL-UNNAMED,--add-opens,java.base/java.lang=ALL-UNNAMED,--add-opens,java.base/java.lang.invoke=ALL-UNNAMED,--add-opens,java.prefs/java.util.prefs=ALL-UNNAMED,-Xmx2048m,-Dfile.encoding=UTF-8,-Duser.country=IN,-Duser.language=en,-Duser.variant]
2021-07-30T10:54:48.570+0530 [DEBUG] [org.gradle.internal.remote.internal.inet.InetAddresses] Adding IP addresses for network interface Software Loopback Interface 1
2021-07-30T10:54:48.576+0530 [DEBUG] [org.gradle.internal.remote.internal.inet.InetAddresses] Is this a loopback interface? true
2021-07-30T10:54:48.581+0530 [DEBUG] [org.gradle.internal.remote.internal.inet.InetAddresses] Adding loopback address /127.0.0.1
2021-07-30T10:54:48.583+0530 [DEBUG] [org.gradle.internal.remote.internal.inet.InetAddresses] Adding loopback address /0:0:0:0:0:0:0:1
2021-07-30T10:54:48.589+0530 [DEBUG] [org.gradle.internal.remote.internal.inet.InetAddresses] Adding IP addresses for network interface Microsoft 6to4 Adapter
2021-07-30T10:54:48.596+0530 [DEBUG] [org.gradle.internal.remote.internal.inet.InetAddresses] Is this a loopback interface? false
2021-07-30T10:54:48.597+0530 [DEBUG] [org.gradle.internal.remote.internal.inet.InetAddresses] Adding IP addresses for network interface Intel(R) Wireless-AC 9560 160MHz
2021-07-30T10:54:48.604+0530 [DEBUG] [org.gradle.internal.remote.internal.inet.InetAddresses] Is this a loopback interface? false
2021-07-30T10:54:48.605+0530 [DEBUG] [org.gradle.internal.remote.internal.inet.InetAddresses] Adding remote address /192.168.29.209
2021-07-30T10:54:48.605+0530 [DEBUG] [org.gradle.internal.remote.internal.inet.InetAddresses] Adding remote address /fe80:0:0:0:c5e3:cec9:3e26:84f0%wlan0
2021-07-30T10:54:48.606+0530 [DEBUG] [org.gradle.internal.remote.internal.inet.InetAddresses] Adding IP addresses for network interface Microsoft Wi-Fi Direct Virtual Adapter
2021-07-30T10:54:48.612+0530 [DEBUG] [org.gradle.internal.remote.internal.inet.InetAddresses] Is this a loopback interface? false
2021-07-30T10:54:48.613+0530 [DEBUG] [org.gradle.internal.remote.internal.inet.InetAddresses] Adding remote address /fe80:0:0:0:d0c3:9344:b847:468e%wlan1
2021-07-30T10:54:48.614+0530 [DEBUG] [org.gradle.internal.remote.internal.inet.InetAddresses] Adding IP addresses for network interface Bluetooth Device (Personal Area Network)
2021-07-30T10:54:48.620+0530 [DEBUG] [org.gradle.internal.remote.internal.inet.InetAddresses] Is this a loopback interface? false
2021-07-30T10:54:48.621+0530 [DEBUG] [org.gradle.internal.remote.internal.inet.InetAddresses] Adding remote address /fe80:0:0:0:7c8b:3303:fb8c:5303%eth0
2021-07-30T10:54:48.621+0530 [DEBUG] [org.gradle.internal.remote.internal.inet.InetAddresses] Adding IP addresses for network interface WAN Miniport (IP)
2021-07-30T10:54:48.627+0530 [DEBUG] [org.gradle.internal.remote.internal.inet.InetAddresses] Is this a loopback interface? false
2021-07-30T10:54:48.628+0530 [DEBUG] [org.gradle.internal.remote.internal.inet.InetAddresses] Adding IP addresses for network interface Microsoft IP-HTTPS Platform Adapter
2021-07-30T10:54:48.634+0530 [DEBUG] [org.gradle.internal.remote.internal.inet.InetAddresses] Is this a loopback interface? false
2021-07-30T10:54:48.635+0530 [DEBUG] [org.gradle.internal.remote.internal.inet.InetAddresses] Adding IP addresses for network interface WAN Miniport (SSTP)
2021-07-30T10:54:48.642+0530 [DEBUG] [org.gradle.internal.remote.internal.inet.InetAddresses] Is this a loopback interface? false
2021-07-30T10:54:48.642+0530 [DEBUG] [org.gradle.internal.remote.internal.inet.InetAddresses] Adding IP addresses for network interface WAN Miniport (PPPOE)
2021-07-30T10:54:48.649+0530 [DEBUG] [org.gradle.internal.remote.internal.inet.InetAddresses] Is this a loopback interface? false
2021-07-30T10:54:48.649+0530 [DEBUG] [org.gradle.internal.remote.internal.inet.InetAddresses] Adding IP addresses for network interface Microsoft Wi-Fi Direct Virtual Adapter #2
2021-07-30T10:54:48.655+0530 [DEBUG] [org.gradle.internal.remote.internal.inet.InetAddresses] Is this a loopback interface? false
2021-07-30T10:54:48.656+0530 [DEBUG] [org.gradle.internal.remote.internal.inet.InetAddresses] Adding remote address /fe80:0:0:0:3189:41ff:bc1:c92a%wlan2
2021-07-30T10:54:48.656+0530 [DEBUG] [org.gradle.internal.remote.internal.inet.InetAddresses] Adding IP addresses for network interface Microsoft Teredo Tunneling Adapter
2021-07-30T10:54:48.663+0530 [DEBUG] [org.gradle.internal.remote.internal.inet.InetAddresses] Is this a loopback interface? false
2021-07-30T10:54:48.663+0530 [DEBUG] [org.gradle.internal.remote.internal.inet.InetAddresses] Adding IP addresses for network interface Microsoft Kernel Debug Network Adapter
2021-07-30T10:54:48.670+0530 [DEBUG] [org.gradle.internal.remote.internal.inet.InetAddresses] Is this a loopback interface? false
2021-07-30T10:54:48.670+0530 [DEBUG] [org.gradle.internal.remote.internal.inet.InetAddresses] Adding IP addresses for network interface WAN Miniport (IPv6)
2021-07-30T10:54:48.677+0530 [DEBUG] [org.gradle.internal.remote.internal.inet.InetAddresses] Is this a loopback interface? false
2021-07-30T10:54:48.678+0530 [DEBUG] [org.gradle.internal.remote.internal.inet.InetAddresses] Adding IP addresses for network interface WAN Miniport (PPTP)
2021-07-30T10:54:48.684+0530 [DEBUG] [org.gradle.internal.remote.internal.inet.InetAddresses] Is this a loopback interface? false
2021-07-30T10:54:48.685+0530 [DEBUG] [org.gradle.internal.remote.internal.inet.InetAddresses] Adding IP addresses for network interface WAN Miniport (IKEv2)
2021-07-30T10:54:48.692+0530 [DEBUG] [org.gradle.internal.remote.internal.inet.InetAddresses] Is this a loopback interface? false
2021-07-30T10:54:48.692+0530 [DEBUG] [org.gradle.internal.remote.internal.inet.InetAddresses] Adding IP addresses for network interface Realtek Gaming GbE Family Controller
2021-07-30T10:54:48.698+0530 [DEBUG] [org.gradle.internal.remote.internal.inet.InetAddresses] Is this a loopback interface? false
2021-07-30T10:54:48.699+0530 [DEBUG] [org.gradle.internal.remote.internal.inet.InetAddresses] Adding remote address /fe80:0:0:0:356f:34db:5419:d24e%eth4
2021-07-30T10:54:48.699+0530 [DEBUG] [org.gradle.internal.remote.internal.inet.InetAddresses] Adding IP addresses for network interface WAN Miniport (L2TP)
2021-07-30T10:54:48.706+0530 [DEBUG] [org.gradle.internal.remote.internal.inet.InetAddresses] Is this a loopback interface? false
2021-07-30T10:54:48.706+0530 [DEBUG] [org.gradle.internal.remote.internal.inet.InetAddresses] Adding IP addresses for network interface WAN Miniport (Network Monitor)
2021-07-30T10:54:48.712+0530 [DEBUG] [org.gradle.internal.remote.internal.inet.InetAddresses] Is this a loopback interface? false
2021-07-30T10:54:48.713+0530 [DEBUG] [org.gradle.internal.remote.internal.inet.InetAddresses] Adding IP addresses for network interface Realtek Gaming GbE Family Controller-WFP Native MAC Layer LightWeight Filter-0000
2021-07-30T10:54:48.719+0530 [DEBUG] [org.gradle.internal.remote.internal.inet.InetAddresses] Is this a loopback interface? false
2021-07-30T10:54:48.720+0530 [DEBUG] [org.gradle.internal.remote.internal.inet.InetAddresses] Adding IP addresses for network interface Realtek Gaming GbE Family Controller-Realtek NDIS LightWeight Filter (NDIS 6.40)-0000
2021-07-30T10:54:48.726+0530 [DEBUG] [org.gradle.internal.remote.internal.inet.InetAddresses] Is this a loopback interface? false
2021-07-30T10:54:48.726+0530 [DEBUG] [org.gradle.internal.remote.internal.inet.InetAddresses] Adding IP addresses for network interface Realtek Gaming GbE Family Controller-QoS Packet Scheduler-0000
2021-07-30T10:54:48.733+0530 [DEBUG] [org.gradle.internal.remote.internal.inet.InetAddresses] Is this a loopback interface? false
2021-07-30T10:54:48.733+0530 [DEBUG] [org.gradle.internal.remote.internal.inet.InetAddresses] Adding IP addresses for network interface Realtek Gaming GbE Family Controller-WFP 802.3 MAC Layer LightWeight Filter-0000
2021-07-30T10:54:48.739+0530 [DEBUG] [org.gradle.internal.remote.internal.inet.InetAddresses] Is this a loopback interface? false
2021-07-30T10:54:48.740+0530 [DEBUG] [org.gradle.internal.remote.internal.inet.InetAddresses] Adding IP addresses for network interface Intel(R) Wireless-AC 9560 160MHz-WFP Native MAC Layer LightWeight Filter-0000
2021-07-30T10:54:48.746+0530 [DEBUG] [org.gradle.internal.remote.internal.inet.InetAddresses] Is this a loopback interface? false
2021-07-30T10:54:48.746+0530 [DEBUG] [org.gradle.internal.remote.internal.inet.InetAddresses] Adding IP addresses for network interface Intel(R) Wireless-AC 9560 160MHz-Virtual WiFi Filter Driver-0000
2021-07-30T10:54:48.753+0530 [DEBUG] [org.gradle.internal.remote.internal.inet.InetAddresses] Is this a loopback interface? false
2021-07-30T10:54:48.753+0530 [DEBUG] [org.gradle.internal.remote.internal.inet.InetAddresses] Adding IP addresses for network interface Intel(R) Wireless-AC 9560 160MHz-Native WiFi Filter Driver-0000
2021-07-30T10:54:48.759+0530 [DEBUG] [org.gradle.internal.remote.internal.inet.InetAddresses] Is this a loopback interface? false
2021-07-30T10:54:48.760+0530 [DEBUG] [org.gradle.internal.remote.internal.inet.InetAddresses] Adding IP addresses for network interface Intel(R) Wireless-AC 9560 160MHz-Realtek NDIS LightWeight Filter (NDIS 6.40)-0000
2021-07-30T10:54:48.766+0530 [DEBUG] [org.gradle.internal.remote.internal.inet.InetAddresses] Is this a loopback interface? false
2021-07-30T10:54:48.766+0530 [DEBUG] [org.gradle.internal.remote.internal.inet.InetAddresses] Adding IP addresses for network interface Intel(R) Wireless-AC 9560 160MHz-QoS Packet Scheduler-0000
2021-07-30T10:54:48.773+0530 [DEBUG] [org.gradle.internal.remote.internal.inet.InetAddresses] Is this a loopback interface? false
2021-07-30T10:54:48.774+0530 [DEBUG] [org.gradle.internal.remote.internal.inet.InetAddresses] Adding IP addresses for network interface Intel(R) Wireless-AC 9560 160MHz-WFP 802.3 MAC Layer LightWeight Filter-0000
2021-07-30T10:54:48.780+0530 [DEBUG] [org.gradle.internal.remote.internal.inet.InetAddresses] Is this a loopback interface? false
2021-07-30T10:54:48.780+0530 [DEBUG] [org.gradle.internal.remote.internal.inet.InetAddresses] Adding IP addresses for network interface Microsoft Wi-Fi Direct Virtual Adapter-WFP Native MAC Layer LightWeight Filter-0000
2021-07-30T10:54:48.786+0530 [DEBUG] [org.gradle.internal.remote.internal.inet.InetAddresses] Is this a loopback interface? false
2021-07-30T10:54:48.787+0530 [DEBUG] [org.gradle.internal.remote.internal.inet.InetAddresses] Adding IP addresses for network interface Microsoft Wi-Fi Direct Virtual Adapter-Native WiFi Filter Driver-0000
2021-07-30T10:54:48.793+0530 [DEBUG] [org.gradle.internal.remote.internal.inet.InetAddresses] Is this a loopback interface? false
2021-07-30T10:54:48.793+0530 [DEBUG] [org.gradle.internal.remote.internal.inet.InetAddresses] Adding IP addresses for network interface Microsoft Wi-Fi Direct Virtual Adapter-Realtek NDIS LightWeight Filter (NDIS 6.40)-0000
2021-07-30T10:54:48.800+0530 [DEBUG] [org.gradle.internal.remote.internal.inet.InetAddresses] Is this a loopback interface? false
2021-07-30T10:54:48.800+0530 [DEBUG] [org.gradle.internal.remote.internal.inet.InetAddresses] Adding IP addresses for network interface Microsoft Wi-Fi Direct Virtual Adapter-QoS Packet Scheduler-0000
2021-07-30T10:54:48.806+0530 [DEBUG] [org.gradle.internal.remote.internal.inet.InetAddresses] Is this a loopback interface? false
2021-07-30T10:54:48.806+0530 [DEBUG] [org.gradle.internal.remote.internal.inet.InetAddresses] Adding IP addresses for network interface Microsoft Wi-Fi Direct Virtual Adapter-WFP 802.3 MAC Layer LightWeight Filter-0000
2021-07-30T10:54:48.813+0530 [DEBUG] [org.gradle.internal.remote.internal.inet.InetAddresses] Is this a loopback interface? false
2021-07-30T10:54:48.813+0530 [DEBUG] [org.gradle.internal.remote.internal.inet.InetAddresses] Adding IP addresses for network interface WAN Miniport (IP)-WFP Native MAC Layer LightWeight Filter-0000
2021-07-30T10:54:48.819+0530 [DEBUG] [org.gradle.internal.remote.internal.inet.InetAddresses] Is this a loopback interface? false
2021-07-30T10:54:48.820+0530 [DEBUG] [org.gradle.internal.remote.internal.inet.InetAddresses] Adding IP addresses for network interface WAN Miniport (IP)-Realtek NDIS LightWeight Filter (NDIS 6.40)-0000
2021-07-30T10:54:48.826+0530 [DEBUG] [org.gradle.internal.remote.internal.inet.InetAddresses] Is this a loopback interface? false
2021-07-30T10:54:48.827+0530 [DEBUG] [org.gradle.internal.remote.internal.inet.InetAddresses] Adding IP addresses for network interface WAN Miniport (IP)-QoS Packet Scheduler-0000
2021-07-30T10:54:48.833+0530 [DEBUG] [org.gradle.internal.remote.internal.inet.InetAddresses] Is this a loopback interface? false
2021-07-30T10:54:48.834+0530 [DEBUG] [org.gradle.internal.remote.internal.inet.InetAddresses] Adding IP addresses for network interface WAN Miniport (IPv6)-WFP Native MAC Layer LightWeight Filter-0000
2021-07-30T10:54:48.841+0530 [DEBUG] [org.gradle.internal.remote.internal.inet.InetAddresses] Is this a loopback interface? false
2021-07-30T10:54:48.841+0530 [DEBUG] [org.gradle.internal.remote.internal.inet.InetAddresses] Adding IP addresses for network interface WAN Miniport (IPv6)-Realtek NDIS LightWeight Filter (NDIS 6.40)-0000
2021-07-30T10:54:48.848+0530 [DEBUG] [org.gradle.internal.remote.internal.inet.InetAddresses] Is this a loopback interface? false
2021-07-30T10:54:48.848+0530 [DEBUG] [org.gradle.internal.remote.internal.inet.InetAddresses] Adding IP addresses for network interface WAN Miniport (IPv6)-QoS Packet Scheduler-0000
2021-07-30T10:54:48.855+0530 [DEBUG] [org.gradle.internal.remote.internal.inet.InetAddresses] Is this a loopback interface? false
2021-07-30T10:54:48.855+0530 [DEBUG] [org.gradle.internal.remote.internal.inet.InetAddresses] Adding IP addresses for network interface WAN Miniport (Network Monitor)-WFP Native MAC Layer LightWeight Filter-0000
2021-07-30T10:54:48.862+0530 [DEBUG] [org.gradle.internal.remote.internal.inet.InetAddresses] Is this a loopback interface? false
2021-07-30T10:54:48.863+0530 [DEBUG] [org.gradle.internal.remote.internal.inet.InetAddresses] Adding IP addresses for network interface WAN Miniport (Network Monitor)-Realtek NDIS LightWeight Filter (NDIS 6.40)-0000
2021-07-30T10:54:48.869+0530 [DEBUG] [org.gradle.internal.remote.internal.inet.InetAddresses] Is this a loopback interface? false
2021-07-30T10:54:48.870+0530 [DEBUG] [org.gradle.internal.remote.internal.inet.InetAddresses] Adding IP addresses for network interface WAN Miniport (Network Monitor)-QoS Packet Scheduler-0000
2021-07-30T10:54:48.877+0530 [DEBUG] [org.gradle.internal.remote.internal.inet.InetAddresses] Is this a loopback interface? false
2021-07-30T10:54:48.877+0530 [DEBUG] [org.gradle.internal.remote.internal.inet.InetAddresses] Adding IP addresses for network interface Microsoft Wi-Fi Direct Virtual Adapter #2-WFP Native MAC Layer LightWeight Filter-0000
2021-07-30T10:54:48.883+0530 [DEBUG] [org.gradle.internal.remote.internal.inet.InetAddresses] Is this a loopback interface? false
2021-07-30T10:54:48.884+0530 [DEBUG] [org.gradle.internal.remote.internal.inet.InetAddresses] Adding IP addresses for network interface Microsoft Wi-Fi Direct Virtual Adapter #2-Native WiFi Filter Driver-0000
2021-07-30T10:54:48.890+0530 [DEBUG] [org.gradle.internal.remote.internal.inet.InetAddresses] Is this a loopback interface? false
2021-07-30T10:54:48.890+0530 [DEBUG] [org.gradle.internal.remote.internal.inet.InetAddresses] Adding IP addresses for network interface Microsoft Wi-Fi Direct Virtual Adapter #2-Realtek NDIS LightWeight Filter (NDIS 6.40)-0000
2021-07-30T10:54:48.896+0530 [DEBUG] [org.gradle.internal.remote.internal.inet.InetAddresses] Is this a loopback interface? false
2021-07-30T10:54:48.897+0530 [DEBUG] [org.gradle.internal.remote.internal.inet.InetAddresses] Adding IP addresses for network interface Microsoft Wi-Fi Direct Virtual Adapter #2-QoS Packet Scheduler-0000
2021-07-30T10:54:48.903+0530 [DEBUG] [org.gradle.internal.remote.internal.inet.InetAddresses] Is this a loopback interface? false
2021-07-30T10:54:48.903+0530 [DEBUG] [org.gradle.internal.remote.internal.inet.InetAddresses] Adding IP addresses for network interface Microsoft Wi-Fi Direct Virtual Adapter #2-WFP 802.3 MAC Layer LightWeight Filter-0000
2021-07-30T10:54:48.910+0530 [DEBUG] [org.gradle.internal.remote.internal.inet.InetAddresses] Is this a loopback interface? false
2021-07-30T10:54:48.915+0530 [DEBUG] [org.gradle.internal.remote.internal.inet.TcpIncomingConnector] Listening on [cfdd065f-909a-4315-88a7-765e1388db8b port:50564, addresses:[localhost/127.0.0.1]].
2021-07-30T10:54:48.931+0530 [DEBUG] [org.gradle.launcher.daemon.server.Daemon] Daemon starting at: Fri Jul 30 10:54:48 IST 2021, with address: [cfdd065f-909a-4315-88a7-765e1388db8b port:50564, addresses:[localhost/127.0.0.1]]
2021-07-30T10:54:48.932+0530 [INFO] [org.gradle.launcher.daemon.server.DaemonRegistryUpdater] Advertising the daemon address to the clients: [cfdd065f-909a-4315-88a7-765e1388db8b port:50564, addresses:[localhost/127.0.0.1]]
2021-07-30T10:54:48.932+0530 [DEBUG] [org.gradle.launcher.daemon.server.DaemonRegistryUpdater] Advertised daemon context: DefaultDaemonContext[uid=50bbaba9-b28a-4fde-81e6-bebe509b7528,javaHome=C:\Program Files\Android\Android Studio1\jre,daemonRegistryDir=E:\AndroidStudioProjects\Mivik\daemon,pid=12784,idleTimeout=10800000,priority=NORMAL,daemonOpts=--add-opens,java.base/java.util=ALL-UNNAMED,--add-opens,java.base/java.lang=ALL-UNNAMED,--add-opens,java.base/java.lang.invoke=ALL-UNNAMED,--add-opens,java.prefs/java.util.prefs=ALL-UNNAMED,-Xmx2048m,-Dfile.encoding=UTF-8,-Duser.country=IN,-Duser.language=en,-Duser.variant]
2021-07-30T10:54:48.934+0530 [DEBUG] [org.gradle.launcher.daemon.registry.PersistentDaemonRegistry] Storing daemon address: [cfdd065f-909a-4315-88a7-765e1388db8b port:50564, addresses:[localhost/127.0.0.1]], context: DefaultDaemonContext[uid=50bbaba9-b28a-4fde-81e6-bebe509b7528,javaHome=C:\Program Files\Android\Android Studio1\jre,daemonRegistryDir=E:\AndroidStudioProjects\Mivik\daemon,pid=12784,idleTimeout=10800000,priority=NORMAL,daemonOpts=--add-opens,java.base/java.util=ALL-UNNAMED,--add-opens,java.base/java.lang=ALL-UNNAMED,--add-opens,java.base/java.lang.invoke=ALL-UNNAMED,--add-opens,java.prefs/java.util.prefs=ALL-UNNAMED,-Xmx2048m,-Dfile.encoding=UTF-8,-Duser.country=IN,-Duser.language=en,-Duser.variant]
2021-07-30T10:54:48.952+0530 [DEBUG] [org.gradle.cache.internal.DefaultFileLockManager] Waiting to acquire exclusive lock on daemon addresses registry.
2021-07-30T10:54:48.958+0530 [DEBUG] [org.gradle.cache.internal.DefaultFileLockManager] Lock acquired on daemon addresses registry.
2021-07-30T10:54:48.975+0530 [DEBUG] [org.gradle.cache.internal.DefaultFileLockManager] Releasing lock on daemon addresses registry.
2021-07-30T10:54:48.976+0530 [LIFECYCLE] [org.gradle.launcher.daemon.server.Daemon] Daemon server started.
2021-07-30T10:54:48.978+0530 [DEBUG] [org.gradle.launcher.daemon.bootstrap.DaemonStartupCommunication] Completed writing the daemon greeting. Closing streams...
2021-07-30T10:54:48.988+0530 [DEBUG] [org.gradle.launcher.daemon.server.Daemon] stopOnExpiration() called on daemon
2021-07-30T10:54:48.990+0530 [DEBUG] [org.gradle.launcher.daemon.server.Daemon] awaitExpiration() called on daemon
2021-07-30T10:54:48.991+0530 [DEBUG] [org.gradle.launcher.daemon.server.DaemonStateCoordinator] daemon is running. Sleeping until state changes.
2021-07-30T10:54:49.003+0530 [DEBUG] [org.gradle.internal.remote.internal.inet.TcpIncomingConnector] Accepted connection from /127.0.0.1:50565 to /127.0.0.1:50564.
2021-07-30T10:54:49.130+0530 [DEBUG] [org.gradle.launcher.daemon.server.SynchronizedDispatchConnection] thread 20: received class org.gradle.launcher.daemon.protocol.Build
2021-07-30T10:54:49.130+0530 [DEBUG] [org.gradle.launcher.daemon.server.DefaultDaemonConnection] thread 20: Received non-IO message from client: Build{id=b1113c39-abf1-4065-9192-c3f1f4384dea, currentDir=C:\Program Files\Android\Android Studio1\jre\bin}
2021-07-30T10:54:49.130+0530 [INFO] [org.gradle.launcher.daemon.server.DefaultIncomingConnectionHandler] Received command: Build{id=b1113c39-abf1-4065-9192-c3f1f4384dea, currentDir=C:\Program Files\Android\Android Studio1\jre\bin}.
2021-07-30T10:54:49.130+0530 [DEBUG] [org.gradle.launcher.daemon.server.DefaultIncomingConnectionHandler] Starting executing command: Build{id=b1113c39-abf1-4065-9192-c3f1f4384dea, currentDir=C:\Program Files\Android\Android Studio1\jre\bin} with connection: socket connection from /127.0.0.1:50564 to /127.0.0.1:50565.
2021-07-30T10:54:49.133+0530 [ERROR] [org.gradle.launcher.daemon.server.DaemonStateCoordinator] Command execution: started DaemonCommandExecution[command = Build{id=b1113c39-abf1-4065-9192-c3f1f4384dea, currentDir=C:\Program Files\Android\Android Studio1\jre\bin}, connection = DefaultDaemonConnection: socket connection from /127.0.0.1:50564 to /127.0.0.1:50565] after 0.0 minutes of idle
2021-07-30T10:54:49.133+0530 [INFO] [org.gradle.launcher.daemon.server.DaemonRegistryUpdater] Marking the daemon as busy, address: [cfdd065f-909a-4315-88a7-765e1388db8b port:50564, addresses:[localhost/127.0.0.1]]
2021-07-30T10:54:49.133+0530 [DEBUG] [org.gradle.launcher.daemon.registry.PersistentDaemonRegistry] Marking busy by address: [cfdd065f-909a-4315-88a7-765e1388db8b port:50564, addresses:[localhost/127.0.0.1]]
2021-07-30T10:54:49.134+0530 [DEBUG] [org.gradle.cache.internal.DefaultFileLockManager] Waiting to acquire exclusive lock on daemon addresses registry.
2021-07-30T10:54:49.135+0530 [DEBUG] [org.gradle.cache.internal.DefaultFileLockManager] Lock acquired on daemon addresses registry.
2021-07-30T10:54:49.136+0530 [DEBUG] [org.gradle.cache.internal.DefaultFileLockManager] Releasing lock on daemon addresses registry.
2021-07-30T10:54:49.136+0530 [DEBUG] [org.gradle.launcher.daemon.server.DaemonStateCoordinator] resetting idle timer
2021-07-30T10:54:49.136+0530 [DEBUG] [org.gradle.launcher.daemon.server.DaemonStateCoordinator] daemon is running. Sleeping until state changes.
2021-07-30T10:54:49.137+0530 [INFO] [org.gradle.launcher.daemon.server.exec.StartBuildOrRespondWithBusy] Daemon is about to start building Build{id=b1113c39-abf1-4065-9192-c3f1f4384dea, currentDir=C:\Program Files\Android\Android Studio1\jre\bin}. Dispatching build started information...
2021-07-30T10:54:49.138+0530 [DEBUG] [org.gradle.launcher.daemon.server.SynchronizedDispatchConnection] thread 22: dispatching org.gradle.launcher.daemon.protocol.BuildStarted@283b28be
2021-07-30T10:54:49.139+0530 [DEBUG] [org.gradle.launcher.daemon.server.SynchronizedDispatchConnection] thread 20: received class org.gradle.launcher.daemon.protocol.CloseInput
2021-07-30T10:54:49.139+0530 [DEBUG] [org.gradle.launcher.daemon.server.DefaultDaemonConnection] thread 20: Received IO message from client: org.gradle.launcher.daemon.protocol.CloseInput@7abc942b
2021-07-30T10:54:49.140+0530 [DEBUG] [org.gradle.launcher.daemon.server.exec.EstablishBuildEnvironment] Configuring env variables: [USERDOMAIN_ROAMINGPROFILE, LOCALAPPDATA, PROCESSOR_LEVEL, RegionCode, USERDOMAIN, LOGONSERVER, JAVA_HOME, SESSIONNAME, ALLUSERSPROFILE, INTEL_DEV_REDIST, PROCESSOR_ARCHITECTURE, MIC_LD_LIBRARY_PATH, PSModulePath, SystemDrive, OneDrive, APPDATA, USERNAME, ProgramFiles(x86), CommonProgramFiles, Path, PATHEXT, DriverData, OS, OneDriveConsumer, COMPUTERNAME, OnlineServices, PROCESSOR_REVISION, platformcode, CommonProgramW6432, Autorun, ComSpec, ProgramData, ProgramW6432, HOMEPATH, SystemRoot, TEMP, USERPROFILE, PROCESSOR_IDENTIFIER, HOMEDRIVE, TMP, ProgramFiles, PUBLIC, CommonProgramFiles(x86), NUMBER_OF_PROCESSORS, windir, =::, IDEA_INITIAL_DIRECTORY]
2021-07-30T10:54:49.146+0530 [DEBUG] [org.gradle.launcher.daemon.server.exec.LogToClient] About to start relaying all logs to the client via the connection.
2021-07-30T10:54:49.147+0530 [INFO] [org.gradle.launcher.daemon.server.exec.LogToClient] The client will now receive all logging from the daemon (pid: 12784). The daemon log file: E:\AndroidStudioProjects\Mivik\daemon\6.7.1\daemon-12784.out.log
2021-07-30T10:54:49.149+0530 [INFO] [org.gradle.launcher.daemon.server.exec.LogAndCheckHealth] Starting build in new daemon [memory: 2.1 GB]
2021-07-30T10:54:49.150+0530 [INFO] [org.gradle.launcher.daemon.server.exec.ForwardClientInput] Closing daemon's stdin at end of input.
2021-07-30T10:54:49.150+0530 [INFO] [org.gradle.launcher.daemon.server.exec.ForwardClientInput] The daemon will no longer process any standard input.
2021-07-30T10:54:49.155+0530 [DEBUG] [org.gradle.launcher.daemon.server.exec.ExecuteBuild] The daemon has started executing the build.
2021-07-30T10:54:49.155+0530 [DEBUG] [org.gradle.launcher.daemon.server.exec.ExecuteBuild] Executing build with daemon context: DefaultDaemonContext[uid=50bbaba9-b28a-4fde-81e6-bebe509b7528,javaHome=C:\Program Files\Android\Android Studio1\jre,daemonRegistryDir=E:\AndroidStudioProjects\Mivik\daemon,pid=12784,idleTimeout=10800000,priority=NORMAL,daemonOpts=--add-opens,java.base/java.util=ALL-UNNAMED,--add-opens,java.base/java.lang=ALL-UNNAMED,--add-opens,java.base/java.lang.invoke=ALL-UNNAMED,--add-opens,java.prefs/java.util.prefs=ALL-UNNAMED,-Xmx2048m,-Dfile.encoding=UTF-8,-Duser.country=IN,-Duser.language=en,-Duser.variant]

FAILURE: Build failed with an exception.

* What went wrong:
Task 'wrapper' not found in project ':app'.

* Try:
Run gradle tasks to get a list of available tasks. Run with --stacktrace option to get the stack trace. Run with --info or --debug option to get more log output. Run with --scan to get full insights.

* Get more help at https://help.gradle.org

BUILD FAILED in 10s
2021-07-30T10:54:56.401+0530 [DEBUG] [org.gradle.launcher.daemon.server.exec.ExecuteBuild] The daemon has finished executing the build.
2021-07-30T10:54:56.418+0530 [DEBUG] [org.gradle.launcher.daemon.server.DaemonStateCoordinator] daemon is running. Sleeping until state changes.
2021-07-30T10:54:56.418+0530 [DEBUG] [org.gradle.launcher.daemon.server.DaemonStateCoordinator] Command execution: finished waiting for DaemonCommandExecution[command = Build{id=b1113c39-abf1-4065-9192-c3f1f4384dea, currentDir=C:\Program Files\Android\Android Studio1\jre\bin}, connection = DefaultDaemonConnection: socket connection from /127.0.0.1:50564 to /127.0.0.1:50565]. Result org.gradle.launcher.daemon.server.DaemonStateCoordinator@19e1e01 with state Busy
2021-07-30T10:54:56.419+0530 [DEBUG] [org.gradle.launcher.daemon.server.DaemonStateCoordinator] Command execution: completed DaemonCommandExecution[command = Build{id=b1113c39-abf1-4065-9192-c3f1f4384dea, currentDir=C:\Program Files\Android\Android Studio1\jre\bin}, connection = DefaultDaemonConnection: socket connection from /127.0.0.1:50564 to /127.0.0.1:50565]
2021-07-30T10:54:56.419+0530 [DEBUG] [org.gradle.launcher.daemon.server.DaemonStateCoordinator] resetting idle timer
2021-07-30T10:54:56.419+0530 [INFO] [org.gradle.launcher.daemon.server.DaemonRegistryUpdater] Marking the daemon as idle, address: [cfdd065f-909a-4315-88a7-765e1388db8b port:50564, addresses:[localhost/127.0.0.1]]
2021-07-30T10:54:56.419+0530 [DEBUG] [org.gradle.launcher.daemon.registry.PersistentDaemonRegistry] Marking busy by address: [cfdd065f-909a-4315-88a7-765e1388db8b port:50564, addresses:[localhost/127.0.0.1]]
2021-07-30T10:54:56.420+0530 [DEBUG] [org.gradle.cache.internal.DefaultFileLockManager] Waiting to acquire exclusive lock on daemon addresses registry.
2021-07-30T10:54:56.421+0530 [DEBUG] [org.gradle.cache.internal.DefaultFileLockManager] Lock acquired on daemon addresses registry.
2021-07-30T10:54:56.422+0530 [DEBUG] [org.gradle.cache.internal.DefaultFileLockManager] Releasing lock on daemon addresses registry.
2021-07-30T10:54:56.422+0530 [DEBUG] [org.gradle.launcher.daemon.server.DaemonStateCoordinator] daemon is running. Sleeping until state changes.
2021-07-30T10:54:56.423+0530 [DEBUG] [org.gradle.launcher.daemon.server.exec.ReturnResult] Daemon is dispatching the build result: Success[value=org.gradle.launcher.exec.BuildActionResult@2044ca64]
2021-07-30T10:54:56.423+0530 [DEBUG] [org.gradle.launcher.daemon.server.SynchronizedDispatchConnection] thread 19: dispatching Success[value=org.gradle.launcher.exec.BuildActionResult@2044ca64]
2021-07-30T10:54:56.445+0530 [DEBUG] [org.gradle.launcher.daemon.server.DefaultIncomingConnectionHandler] Finishing executing command: Build{id=b1113c39-abf1-4065-9192-c3f1f4384dea, currentDir=C:\Program Files\Android\Android Studio1\jre\bin}
2021-07-30T10:54:56.455+0530 [DEBUG] [org.gradle.launcher.daemon.server.SynchronizedDispatchConnection] thread 20: received class org.gradle.launcher.daemon.protocol.Finished
2021-07-30T10:54:56.455+0530 [DEBUG] [org.gradle.launcher.daemon.server.DefaultDaemonConnection] thread 20: Received non-IO message from client: org.gradle.launcher.daemon.protocol.Finished@2b3908d5
2021-07-30T10:54:56.455+0530 [DEBUG] [org.gradle.launcher.daemon.server.DefaultIncomingConnectionHandler] Received finished message: org.gradle.launcher.daemon.protocol.Finished@2b3908d5
2021-07-30T10:54:56.456+0530 [DEBUG] [org.gradle.launcher.daemon.server.SynchronizedDispatchConnection] thread 19: stopping connection
2021-07-30T10:54:56.456+0530 [DEBUG] [org.gradle.internal.remote.internal.inet.SocketConnection] Discarding EOFException: java.io.EOFException
2021-07-30T10:54:56.456+0530 [DEBUG] [org.gradle.launcher.daemon.server.SynchronizedDispatchConnection] thread 20: received null
2021-07-30T10:54:56.456+0530 [DEBUG] [org.gradle.launcher.daemon.server.DefaultDaemonConnection] thread 20: Received end-of-input from client.
2021-07-30T10:54:56.457+0530 [DEBUG] [org.gradle.launcher.daemon.server.SynchronizedDispatchConnection] thread 19: stopping connection
2021-07-30T10:54:59.002+0530 [DEBUG] [org.gradle.cache.internal.DefaultFileLockManager] Waiting to acquire shared lock on daemon addresses registry.
2021-07-30T10:54:59.002+0530 [DEBUG] [org.gradle.cache.internal.DefaultFileLockManager] Lock acquired on daemon addresses registry.
2021-07-30T10:54:59.003+0530 [DEBUG] [org.gradle.cache.internal.DefaultFileLockManager] Releasing lock on daemon addresses registry.
2021-07-30T10:54:59.005+0530 [DEBUG] [org.gradle.cache.internal.DefaultFileLockManager] Waiting to acquire shared lock on daemon addresses registry.
2021-07-30T10:54:59.006+0530 [DEBUG] [org.gradle.cache.internal.DefaultFileLockManager] Lock acquired on daemon addresses registry.
2021-07-30T10:54:59.007+0530 [DEBUG] [org.gradle.cache.internal.DefaultFileLockManager] Releasing lock on daemon addresses registry.
2021-07-30T10:55:00.666+0530 [DEBUG] [org.gradle.internal.remote.internal.inet.TcpIncomingConnector] Accepted connection from /127.0.0.1:50572 to /127.0.0.1:50564.
2021-07-30T10:55:00.674+0530 [DEBUG] [org.gradle.launcher.daemon.server.SynchronizedDispatchConnection] thread 142: received class org.gradle.launcher.daemon.protocol.Build
2021-07-30T10:55:00.675+0530 [DEBUG] [org.gradle.launcher.daemon.server.DefaultDaemonConnection] thread 142: Received non-IO message from client: Build{id=518dd1fd-d588-475e-af78-7e37c521ccef, currentDir=C:\Program Files\Android\Android Studio1\jre\bin}
2021-07-30T10:55:00.675+0530 [INFO] [org.gradle.launcher.daemon.server.DefaultIncomingConnectionHandler] Received command: Build{id=518dd1fd-d588-475e-af78-7e37c521ccef, currentDir=C:\Program Files\Android\Android Studio1\jre\bin}.
2021-07-30T10:55:00.675+0530 [DEBUG] [org.gradle.launcher.daemon.server.DefaultIncomingConnectionHandler] Starting executing command: Build{id=518dd1fd-d588-475e-af78-7e37c521ccef, currentDir=C:\Program Files\Android\Android Studio1\jre\bin} with connection: socket connection from /127.0.0.1:50564 to /127.0.0.1:50572.
2021-07-30T10:55:00.676+0530 [ERROR] [org.gradle.launcher.daemon.server.DaemonStateCoordinator] Command execution: started DaemonCommandExecution[command = Build{id=518dd1fd-d588-475e-af78-7e37c521ccef, currentDir=C:\Program Files\Android\Android Studio1\jre\bin}, connection = DefaultDaemonConnection: socket connection from /127.0.0.1:50564 to /127.0.0.1:50572] after 0.0 minutes of idle
2021-07-30T10:55:00.676+0530 [INFO] [org.gradle.launcher.daemon.server.DaemonRegistryUpdater] Marking the daemon as busy, address: [cfdd065f-909a-4315-88a7-765e1388db8b port:50564, addresses:[localhost/127.0.0.1]]
2021-07-30T10:55:00.676+0530 [DEBUG] [org.gradle.launcher.daemon.registry.PersistentDaemonRegistry] Marking busy by address: [cfdd065f-909a-4315-88a7-765e1388db8b port:50564, addresses:[localhost/127.0.0.1]]
2021-07-30T10:55:00.677+0530 [DEBUG] [org.gradle.cache.internal.DefaultFileLockManager] Waiting to acquire exclusive lock on daemon addresses registry.
2021-07-30T10:55:00.677+0530 [DEBUG] [org.gradle.cache.internal.DefaultFileLockManager] Lock acquired on daemon addresses registry.
2021-07-30T10:55:00.678+0530 [DEBUG] [org.gradle.cache.internal.DefaultFileLockManager] Releasing lock on daemon addresses registry.
2021-07-30T10:55:00.678+0530 [DEBUG] [org.gradle.launcher.daemon.server.DaemonStateCoordinator] resetting idle timer
2021-07-30T10:55:00.678+0530 [DEBUG] [org.gradle.launcher.daemon.server.DaemonStateCoordinator] daemon is running. Sleeping until state changes.
2021-07-30T10:55:00.678+0530 [INFO] [org.gradle.launcher.daemon.server.exec.StartBuildOrRespondWithBusy] Daemon is about to start building Build{id=518dd1fd-d588-475e-af78-7e37c521ccef, currentDir=C:\Program Files\Android\Android Studio1\jre\bin}. Dispatching build started information...
2021-07-30T10:55:00.679+0530 [DEBUG] [org.gradle.launcher.daemon.server.SynchronizedDispatchConnection] thread 22: dispatching org.gradle.launcher.daemon.protocol.BuildStarted@596f42d2
2021-07-30T10:55:00.680+0530 [DEBUG] [org.gradle.launcher.daemon.server.exec.EstablishBuildEnvironment] Configuring env variables: [USERDOMAIN_ROAMINGPROFILE, LOCALAPPDATA, PROCESSOR_LEVEL, RegionCode, USERDOMAIN, LOGONSERVER, JAVA_HOME, SESSIONNAME, ALLUSERSPROFILE, INTEL_DEV_REDIST, PROCESSOR_ARCHITECTURE, MIC_LD_LIBRARY_PATH, PSModulePath, SystemDrive, OneDrive, APPDATA, USERNAME, ProgramFiles(x86), CommonProgramFiles, Path, PATHEXT, DriverData, OS, OneDriveConsumer, COMPUTERNAME, OnlineServices, PROCESSOR_REVISION, platformcode, CommonProgramW6432, Autorun, ComSpec, ProgramData, ProgramW6432, HOMEPATH, SystemRoot, TEMP, USERPROFILE, PROCESSOR_IDENTIFIER, HOMEDRIVE, TMP, ProgramFiles, PUBLIC, CommonProgramFiles(x86), NUMBER_OF_PROCESSORS, windir, =::, IDEA_INITIAL_DIRECTORY]
2021-07-30T10:55:00.682+0530 [DEBUG] [org.gradle.launcher.daemon.server.SynchronizedDispatchConnection] thread 142: received class org.gradle.launcher.daemon.protocol.CloseInput
2021-07-30T10:55:00.682+0530 [DEBUG] [org.gradle.launcher.daemon.server.DefaultDaemonConnection] thread 142: Received IO message from client: org.gradle.launcher.daemon.protocol.CloseInput@546ae3d2
2021-07-30T10:55:00.683+0530 [DEBUG] [org.gradle.launcher.daemon.server.exec.LogToClient] About to start relaying all logs to the client via the connection.
2021-07-30T10:55:00.684+0530 [INFO] [org.gradle.launcher.daemon.server.exec.LogToClient] The client will now receive all logging from the daemon (pid: 12784). The daemon log file: E:\AndroidStudioProjects\Mivik\daemon\6.7.1\daemon-12784.out.log
2021-07-30T10:55:00.684+0530 [INFO] [org.gradle.launcher.daemon.server.exec.LogAndCheckHealth] Starting 2nd build in daemon [uptime: 13.378 secs, performance: 99%]
2021-07-30T10:55:00.685+0530 [DEBUG] [org.gradle.launcher.daemon.server.exec.ExecuteBuild] The daemon has started executing the build.
2021-07-30T10:55:00.685+0530 [INFO] [org.gradle.launcher.daemon.server.exec.ForwardClientInput] Closing daemon's stdin at end of input.
2021-07-30T10:55:00.685+0530 [DEBUG] [org.gradle.launcher.daemon.server.exec.ExecuteBuild] Executing build with daemon context: DefaultDaemonContext[uid=50bbaba9-b28a-4fde-81e6-bebe509b7528,javaHome=C:\Program Files\Android\Android Studio1\jre,daemonRegistryDir=E:\AndroidStudioProjects\Mivik\daemon,pid=12784,idleTimeout=10800000,priority=NORMAL,daemonOpts=--add-opens,java.base/java.util=ALL-UNNAMED,--add-opens,java.base/java.lang=ALL-UNNAMED,--add-opens,java.base/java.lang.invoke=ALL-UNNAMED,--add-opens,java.prefs/java.util.prefs=ALL-UNNAMED,-Xmx2048m,-Dfile.encoding=UTF-8,-Duser.country=IN,-Duser.language=en,-Duser.variant]
2021-07-30T10:55:00.685+0530 [INFO] [org.gradle.launcher.daemon.server.exec.ForwardClientInput] The daemon will no longer process any standard input.

FAILURE: Build failed with an exception.

* What went wrong:
Task 'wrapper' not found in project ':app'.

* Try:
Run gradle tasks to get a list of available tasks. Run with --info or --debug option to get more log output. Run with --scan to get full insights.

* Exception is:
org.gradle.execution.TaskSelectionException: Task 'wrapper' not found in project ':app'.
	at org.gradle.execution.TaskSelector.getSelection(TaskSelector.java:117)
	at org.gradle.execution.TaskSelector.getSelection(TaskSelector.java:82)
	at org.gradle.execution.commandline.CommandLineTaskParser.parseTasks(CommandLineTaskParser.java:42)
	at org.gradle.execution.TaskNameResolvingBuildConfigurationAction.configure(TaskNameResolvingBuildConfigurationAction.java:46)
	at org.gradle.execution.DefaultBuildConfigurationActionExecuter.configure(DefaultBuildConfigurationActionExecuter.java:55)
	at org.gradle.execution.DefaultBuildConfigurationActionExecuter.access$000(DefaultBuildConfigurationActionExecuter.java:26)
	at org.gradle.execution.DefaultBuildConfigurationActionExecuter$1.proceed(DefaultBuildConfigurationActionExecuter.java:63)
	at org.gradle.execution.DefaultTasksBuildExecutionAction.configure(DefaultTasksBuildExecutionAction.java:45)
	at org.gradle.execution.DefaultBuildConfigurationActionExecuter.configure(DefaultBuildConfigurationActionExecuter.java:55)
	at org.gradle.execution.DefaultBuildConfigurationActionExecuter.access$000(DefaultBuildConfigurationActionExecuter.java:26)
	at org.gradle.execution.DefaultBuildConfigurationActionExecuter$1.proceed(DefaultBuildConfigurationActionExecuter.java:63)
	at org.gradle.execution.ExcludedTaskFilteringBuildConfigurationAction.configure(ExcludedTaskFilteringBuildConfigurationAction.java:48)
	at org.gradle.execution.DefaultBuildConfigurationActionExecuter.configure(DefaultBuildConfigurationActionExecuter.java:55)
	at org.gradle.execution.DefaultBuildConfigurationActionExecuter.lambda$select$0(DefaultBuildConfigurationActionExecuter.java:42)
	at org.gradle.internal.Factories$1.create(Factories.java:26)
	at org.gradle.api.internal.project.DefaultProjectStateRegistry.withMutableStateOfAllProjects(DefaultProjectStateRegistry.java:141)
	at org.gradle.api.internal.project.DefaultProjectStateRegistry.withMutableStateOfAllProjects(DefaultProjectStateRegistry.java:128)
	at org.gradle.execution.DefaultBuildConfigurationActionExecuter.select(DefaultBuildConfigurationActionExecuter.java:40)
	at org.gradle.initialization.DefaultTaskExecutionPreparer.prepareForTaskExecution(DefaultTaskExecutionPreparer.java:38)
	at org.gradle.initialization.BuildOperationFiringTaskExecutionPreparer$CalculateTaskGraph.populateTaskGraph(BuildOperationFiringTaskExecutionPreparer.java:117)
	at org.gradle.initialization.BuildOperationFiringTaskExecutionPreparer$CalculateTaskGraph.run(BuildOperationFiringTaskExecutionPreparer.java:68)
	at org.gradle.internal.operations.DefaultBuildOperationRunner$1.execute(DefaultBuildOperationRunner.java:29)
	at org.gradle.internal.operations.DefaultBuildOperationRunner$1.execute(DefaultBuildOperationRunner.java:26)
	at org.gradle.internal.operations.DefaultBuildOperationRunner$3.execute(DefaultBuildOperationRunner.java:75)
	at org.gradle.internal.operations.DefaultBuildOperationRunner$3.execute(DefaultBuildOperationRunner.java:68)
	at org.gradle.internal.operations.DefaultBuildOperationRunner.execute(DefaultBuildOperationRunner.java:153)
	at org.gradle.internal.operations.DefaultBuildOperationRunner.execute(DefaultBuildOperationRunner.java:68)
	at org.gradle.internal.operations.DefaultBuildOperationRunner.run(DefaultBuildOperationRunner.java:56)
	at org.gradle.internal.operations.DefaultBuildOperationExecutor.lambda$run$1(DefaultBuildOperationExecutor.java:71)
	at org.gradle.internal.operations.UnmanagedBuildOperationWrapper.runWithUnmanagedSupport(UnmanagedBuildOperationWrapper.java:45)
	at org.gradle.internal.operations.DefaultBuildOperationExecutor.run(DefaultBuildOperationExecutor.java:71)
	at org.gradle.initialization.BuildOperationFiringTaskExecutionPreparer.prepareForTaskExecution(BuildOperationFiringTaskExecutionPreparer.java:56)
	at org.gradle.initialization.DefaultGradleLauncher.prepareTaskExecution(DefaultGradleLauncher.java:235)
	at org.gradle.initialization.DefaultGradleLauncher.doClassicBuildStages(DefaultGradleLauncher.java:169)
	at org.gradle.initialization.DefaultGradleLauncher.doBuildStages(DefaultGradleLauncher.java:150)
	at org.gradle.initialization.DefaultGradleLauncher.executeTasks(DefaultGradleLauncher.java:126)
	at org.gradle.internal.invocation.GradleBuildController$1.create(GradleBuildController.java:72)
	at org.gradle.internal.invocation.GradleBuildController$1.create(GradleBuildController.java:67)
	at org.gradle.internal.work.DefaultWorkerLeaseService.withLocks(DefaultWorkerLeaseService.java:178)
	at org.gradle.internal.invocation.GradleBuildController.doBuild(GradleBuildController.java:67)
	at org.gradle.internal.invocation.GradleBuildController.run(GradleBuildController.java:56)
	at org.gradle.tooling.internal.provider.runner.BuildModelActionRunner.run(BuildModelActionRunner.java:54)
	at org.gradle.launcher.exec.ChainingBuildActionRunner.run(ChainingBuildActionRunner.java:35)
	at org.gradle.launcher.exec.ChainingBuildActionRunner.run(ChainingBuildActionRunner.java:35)
	at org.gradle.launcher.exec.BuildOutcomeReportingBuildActionRunner.run(BuildOutcomeReportingBuildActionRunner.java:63)
	at org.gradle.tooling.internal.provider.ValidatingBuildActionRunner.run(ValidatingBuildActionRunner.java:32)
	at org.gradle.tooling.internal.provider.FileSystemWatchingBuildActionRunner.run(FileSystemWatchingBuildActionRunner.java:67)
	at org.gradle.launcher.exec.BuildCompletionNotifyingBuildActionRunner.run(BuildCompletionNotifyingBuildActionRunner.java:41)
	at org.gradle.launcher.exec.RunAsBuildOperationBuildActionRunner$3.call(RunAsBuildOperationBuildActionRunner.java:49)
	at org.gradle.launcher.exec.RunAsBuildOperationBuildActionRunner$3.call(RunAsBuildOperationBuildActionRunner.java:44)
	at org.gradle.internal.operations.DefaultBuildOperationRunner$CallableBuildOperationWorker.execute(DefaultBuildOperationRunner.java:200)
	at org.gradle.internal.operations.DefaultBuildOperationRunner$CallableBuildOperationWorker.execute(DefaultBuildOperationRunner.java:195)
	at org.gradle.internal.operations.DefaultBuildOperationRunner$3.execute(DefaultBuildOperationRunner.java:75)
	at org.gradle.internal.operations.DefaultBuildOperationRunner$3.execute(DefaultBuildOperationRunner.java:68)
	at org.gradle.internal.operations.DefaultBuildOperationRunner.execute(DefaultBuildOperationRunner.java:153)
	at org.gradle.internal.operations.DefaultBuildOperationRunner.execute(DefaultBuildOperationRunner.java:68)
	at org.gradle.internal.operations.DefaultBuildOperationRunner.call(DefaultBuildOperationRunner.java:62)
	at org.gradle.internal.operations.DefaultBuildOperationExecutor.lambda$call$2(DefaultBuildOperationExecutor.java:76)
	at org.gradle.internal.operations.UnmanagedBuildOperationWrapper.callWithUnmanagedSupport(UnmanagedBuildOperationWrapper.java:54)
	at org.gradle.internal.operations.DefaultBuildOperationExecutor.call(DefaultBuildOperationExecutor.java:76)
	at org.gradle.launcher.exec.RunAsBuildOperationBuildActionRunner.run(RunAsBuildOperationBuildActionRunner.java:44)
	at org.gradle.launcher.exec.InProcessBuildActionExecuter.lambda$execute$0(InProcessBuildActionExecuter.java:54)
	at org.gradle.composite.internal.DefaultRootBuildState.run(DefaultRootBuildState.java:87)
	at org.gradle.launcher.exec.InProcessBuildActionExecuter.execute(InProcessBuildActionExecuter.java:53)
	at org.gradle.launcher.exec.InProcessBuildActionExecuter.execute(InProcessBuildActionExecuter.java:29)
	at org.gradle.launcher.exec.BuildTreeScopeLifecycleBuildActionExecuter.lambda$execute$0(BuildTreeScopeLifecycleBuildActionExecuter.java:33)
	at org.gradle.internal.buildtree.BuildTreeState.run(BuildTreeState.java:49)
	at org.gradle.launcher.exec.BuildTreeScopeLifecycleBuildActionExecuter.execute(BuildTreeScopeLifecycleBuildActionExecuter.java:32)
	at org.gradle.launcher.exec.BuildTreeScopeLifecycleBuildActionExecuter.execute(BuildTreeScopeLifecycleBuildActionExecuter.java:27)
	at org.gradle.tooling.internal.provider.ContinuousBuildActionExecuter.execute(ContinuousBuildActionExecuter.java:104)
	at org.gradle.tooling.internal.provider.ContinuousBuildActionExecuter.execute(ContinuousBuildActionExecuter.java:55)
	at org.gradle.tooling.internal.provider.SubscribableBuildActionExecuter.execute(SubscribableBuildActionExecuter.java:64)
	at org.gradle.tooling.internal.provider.SubscribableBuildActionExecuter.execute(SubscribableBuildActionExecuter.java:37)
	at org.gradle.tooling.internal.provider.SessionScopeLifecycleBuildActionExecuter.lambda$execute$0(SessionScopeLifecycleBuildActionExecuter.java:54)
	at org.gradle.internal.session.BuildSessionState.run(BuildSessionState.java:67)
	at org.gradle.tooling.internal.provider.SessionScopeLifecycleBuildActionExecuter.execute(SessionScopeLifecycleBuildActionExecuter.java:50)
	at org.gradle.tooling.internal.provider.SessionScopeLifecycleBuildActionExecuter.execute(SessionScopeLifecycleBuildActionExecuter.java:36)
	at org.gradle.tooling.internal.provider.GradleThreadBuildActionExecuter.execute(GradleThreadBuildActionExecuter.java:36)
	at org.gradle.tooling.internal.provider.GradleThreadBuildActionExecuter.execute(GradleThreadBuildActionExecuter.java:25)
	at org.gradle.tooling.internal.provider.StartParamsValidatingActionExecuter.execute(StartParamsValidatingActionExecuter.java:59)
	at org.gradle.tooling.internal.provider.StartParamsValidatingActionExecuter.execute(StartParamsValidatingActionExecuter.java:31)
	at org.gradle.tooling.internal.provider.SessionFailureReportingActionExecuter.execute(SessionFailureReportingActionExecuter.java:55)
	at org.gradle.tooling.internal.provider.SessionFailureReportingActionExecuter.execute(SessionFailureReportingActionExecuter.java:41)
	at org.gradle.tooling.internal.provider.SetupLoggingActionExecuter.execute(SetupLoggingActionExecuter.java:47)
	at org.gradle.tooling.internal.provider.SetupLoggingActionExecuter.execute(SetupLoggingActionExecuter.java:31)
	at org.gradle.launcher.daemon.server.exec.ExecuteBuild.doBuild(ExecuteBuild.java:65)
	at org.gradle.launcher.daemon.server.exec.BuildCommandOnly.execute(BuildCommandOnly.java:37)
	at org.gradle.launcher.daemon.server.api.DaemonCommandExecution.proceed(DaemonCommandExecution.java:104)
	at org.gradle.launcher.daemon.server.exec.WatchForDisconnection.execute(WatchForDisconnection.java:39)
	at org.gradle.launcher.daemon.server.api.DaemonCommandExecution.proceed(DaemonCommandExecution.java:104)
	at org.gradle.launcher.daemon.server.exec.ResetDeprecationLogger.execute(ResetDeprecationLogger.java:29)
	at org.gradle.launcher.daemon.server.api.DaemonCommandExecution.proceed(DaemonCommandExecution.java:104)
	at org.gradle.launcher.daemon.server.exec.RequestStopIfSingleUsedDaemon.execute(RequestStopIfSingleUsedDaemon.java:35)
	at org.gradle.launcher.daemon.server.api.DaemonCommandExecution.proceed(DaemonCommandExecution.java:104)
	at org.gradle.launcher.daemon.server.exec.ForwardClientInput$2.create(ForwardClientInput.java:78)
	at org.gradle.launcher.daemon.server.exec.ForwardClientInput$2.create(ForwardClientInput.java:75)
	at org.gradle.util.Swapper.swap(Swapper.java:38)
	at org.gradle.launcher.daemon.server.exec.ForwardClientInput.execute(ForwardClientInput.java:75)
	at org.gradle.launcher.daemon.server.api.DaemonCommandExecution.proceed(DaemonCommandExecution.java:104)
	at org.gradle.launcher.daemon.server.exec.LogAndCheckHealth.execute(LogAndCheckHealth.java:55)
	at org.gradle.launcher.daemon.server.api.DaemonCommandExecution.proceed(DaemonCommandExecution.java:104)
	at org.gradle.launcher.daemon.server.exec.LogToClient.doBuild(LogToClient.java:63)
	at org.gradle.launcher.daemon.server.exec.BuildCommandOnly.execute(BuildCommandOnly.java:37)
	at org.gradle.launcher.daemon.server.api.DaemonCommandExecution.proceed(DaemonCommandExecution.java:104)
	at org.gradle.launcher.daemon.server.exec.EstablishBuildEnvironment.doBuild(EstablishBuildEnvironment.java:84)
	at org.gradle.launcher.daemon.server.exec.BuildCommandOnly.execute(BuildCommandOnly.java:37)
	at org.gradle.launcher.daemon.server.api.DaemonCommandExecution.proceed(DaemonCommandExecution.java:104)
	at org.gradle.launcher.daemon.server.exec.StartBuildOrRespondWithBusy$1.run(StartBuildOrRespondWithBusy.java:52)
	at org.gradle.launcher.daemon.server.DaemonStateCoordinator$1.run(DaemonStateCoordinator.java:297)
	at org.gradle.internal.concurrent.ExecutorPolicy$CatchAndRecordFailures.onExecute(ExecutorPolicy.java:64)
	at org.gradle.internal.concurrent.ManagedExecutorImpl$1.run(ManagedExecutorImpl.java:48)
	at org.gradle.internal.concurrent.ThreadFactoryImpl$ManagedThreadRunnable.run(ThreadFactoryImpl.java:56)


* Get more help at https://help.gradle.org

BUILD FAILED in 445ms
2021-07-30T10:55:01.135+0530 [DEBUG] [org.gradle.launcher.daemon.server.exec.ExecuteBuild] The daemon has finished executing the build.
2021-07-30T10:55:01.152+0530 [DEBUG] [org.gradle.launcher.daemon.server.DaemonStateCoordinator] Command execution: finished waiting for DaemonCommandExecution[command = Build{id=518dd1fd-d588-475e-af78-7e37c521ccef, currentDir=C:\Program Files\Android\Android Studio1\jre\bin}, connection = DefaultDaemonConnection: socket connection from /127.0.0.1:50564 to /127.0.0.1:50572]. Result org.gradle.launcher.daemon.server.DaemonStateCoordinator@19e1e01 with state Busy
2021-07-30T10:55:01.152+0530 [DEBUG] [org.gradle.launcher.daemon.server.DaemonStateCoordinator] Command execution: completed DaemonCommandExecution[command = Build{id=518dd1fd-d588-475e-af78-7e37c521ccef, currentDir=C:\Program Files\Android\Android Studio1\jre\bin}, connection = DefaultDaemonConnection: socket connection from /127.0.0.1:50564 to /127.0.0.1:50572]
2021-07-30T10:55:01.152+0530 [DEBUG] [org.gradle.launcher.daemon.server.DaemonStateCoordinator] resetting idle timer
2021-07-30T10:55:01.152+0530 [INFO] [org.gradle.launcher.daemon.server.DaemonRegistryUpdater] Marking the daemon as idle, address: [cfdd065f-909a-4315-88a7-765e1388db8b port:50564, addresses:[localhost/127.0.0.1]]
2021-07-30T10:55:01.152+0530 [DEBUG] [org.gradle.launcher.daemon.registry.PersistentDaemonRegistry] Marking busy by address: [cfdd065f-909a-4315-88a7-765e1388db8b port:50564, addresses:[localhost/127.0.0.1]]
2021-07-30T10:55:01.153+0530 [DEBUG] [org.gradle.cache.internal.DefaultFileLockManager] Waiting to acquire exclusive lock on daemon addresses registry.
2021-07-30T10:55:01.153+0530 [DEBUG] [org.gradle.cache.internal.DefaultFileLockManager] Lock acquired on daemon addresses registry.
2021-07-30T10:55:01.154+0530 [DEBUG] [org.gradle.cache.internal.DefaultFileLockManager] Releasing lock on daemon addresses registry.
2021-07-30T10:55:01.154+0530 [DEBUG] [org.gradle.launcher.daemon.server.DaemonStateCoordinator] daemon is running. Sleeping until state changes.
2021-07-30T10:55:01.154+0530 [DEBUG] [org.gradle.launcher.daemon.server.exec.ReturnResult] Daemon is dispatching the build result: Success[value=org.gradle.launcher.exec.BuildActionResult@1d7e882]
2021-07-30T10:55:01.155+0530 [DEBUG] [org.gradle.launcher.daemon.server.SynchronizedDispatchConnection] thread 19: dispatching Success[value=org.gradle.launcher.exec.BuildActionResult@1d7e882]
2021-07-30T10:55:01.156+0530 [DEBUG] [org.gradle.launcher.daemon.server.DefaultIncomingConnectionHandler] Finishing executing command: Build{id=518dd1fd-d588-475e-af78-7e37c521ccef, currentDir=C:\Program Files\Android\Android Studio1\jre\bin}
2021-07-30T10:55:01.159+0530 [DEBUG] [org.gradle.launcher.daemon.server.SynchronizedDispatchConnection] thread 142: received class org.gradle.launcher.daemon.protocol.Finished
2021-07-30T10:55:01.160+0530 [DEBUG] [org.gradle.launcher.daemon.server.DefaultDaemonConnection] thread 142: Received non-IO message from client: org.gradle.launcher.daemon.protocol.Finished@5aad172f
2021-07-30T10:55:01.160+0530 [DEBUG] [org.gradle.internal.remote.internal.inet.SocketConnection] Discarding EOFException: java.io.EOFException
2021-07-30T10:55:01.160+0530 [DEBUG] [org.gradle.launcher.daemon.server.SynchronizedDispatchConnection] thread 142: received null
2021-07-30T10:55:01.160+0530 [DEBUG] [org.gradle.launcher.daemon.server.DefaultDaemonConnection] thread 142: Received end-of-input from client.
2021-07-30T10:55:01.160+0530 [DEBUG] [org.gradle.launcher.daemon.server.DefaultIncomingConnectionHandler] Received finished message: org.gradle.launcher.daemon.protocol.Finished@5aad172f
2021-07-30T10:55:01.161+0530 [DEBUG] [org.gradle.launcher.daemon.server.SynchronizedDispatchConnection] thread 19: stopping connection
2021-07-30T10:55:01.162+0530 [DEBUG] [org.gradle.launcher.daemon.server.SynchronizedDispatchConnection] thread 19: stopping connection
2021-07-30T10:55:02.553+0530 [DEBUG] [org.gradle.internal.remote.internal.inet.TcpIncomingConnector] Accepted connection from /127.0.0.1:50579 to /127.0.0.1:50564.
2021-07-30T10:55:02.557+0530 [DEBUG] [org.gradle.launcher.daemon.server.SynchronizedDispatchConnection] thread 160: received class org.gradle.launcher.daemon.protocol.Build
2021-07-30T10:55:02.557+0530 [DEBUG] [org.gradle.launcher.daemon.server.DefaultDaemonConnection] thread 160: Received non-IO message from client: Build{id=4199cbef-788e-4cb9-9ee9-fb09fd091058, currentDir=C:\Program Files\Android\Android Studio1\jre\bin}
2021-07-30T10:55:02.558+0530 [INFO] [org.gradle.launcher.daemon.server.DefaultIncomingConnectionHandler] Received command: Build{id=4199cbef-788e-4cb9-9ee9-fb09fd091058, currentDir=C:\Program Files\Android\Android Studio1\jre\bin}.
2021-07-30T10:55:02.558+0530 [DEBUG] [org.gradle.launcher.daemon.server.DefaultIncomingConnectionHandler] Starting executing command: Build{id=4199cbef-788e-4cb9-9ee9-fb09fd091058, currentDir=C:\Program Files\Android\Android Studio1\jre\bin} with connection: socket connection from /127.0.0.1:50564 to /127.0.0.1:50579.
2021-07-30T10:55:02.558+0530 [ERROR] [org.gradle.launcher.daemon.server.DaemonStateCoordinator] Command execution: started DaemonCommandExecution[command = Build{id=4199cbef-788e-4cb9-9ee9-fb09fd091058, currentDir=C:\Program Files\Android\Android Studio1\jre\bin}, connection = DefaultDaemonConnection: socket connection from /127.0.0.1:50564 to /127.0.0.1:50579] after 0.0 minutes of idle
2021-07-30T10:55:02.558+0530 [INFO] [org.gradle.launcher.daemon.server.DaemonRegistryUpdater] Marking the daemon as busy, address: [cfdd065f-909a-4315-88a7-765e1388db8b port:50564, addresses:[localhost/127.0.0.1]]
2021-07-30T10:55:02.558+0530 [DEBUG] [org.gradle.launcher.daemon.registry.PersistentDaemonRegistry] Marking busy by address: [cfdd065f-909a-4315-88a7-765e1388db8b port:50564, addresses:[localhost/127.0.0.1]]
2021-07-30T10:55:02.559+0530 [DEBUG] [org.gradle.cache.internal.DefaultFileLockManager] Waiting to acquire exclusive lock on daemon addresses registry.
2021-07-30T10:55:02.559+0530 [DEBUG] [org.gradle.cache.internal.DefaultFileLockManager] Lock acquired on daemon addresses registry.
2021-07-30T10:55:02.561+0530 [DEBUG] [org.gradle.cache.internal.DefaultFileLockManager] Releasing lock on daemon addresses registry.
2021-07-30T10:55:02.562+0530 [DEBUG] [org.gradle.launcher.daemon.server.DaemonStateCoordinator] resetting idle timer
2021-07-30T10:55:02.562+0530 [DEBUG] [org.gradle.launcher.daemon.server.DaemonStateCoordinator] daemon is running. Sleeping until state changes.
2021-07-30T10:55:02.562+0530 [INFO] [org.gradle.launcher.daemon.server.exec.StartBuildOrRespondWithBusy] Daemon is about to start building Build{id=4199cbef-788e-4cb9-9ee9-fb09fd091058, currentDir=C:\Program Files\Android\Android Studio1\jre\bin}. Dispatching build started information...
2021-07-30T10:55:02.562+0530 [DEBUG] [org.gradle.launcher.daemon.server.SynchronizedDispatchConnection] thread 22: dispatching org.gradle.launcher.daemon.protocol.BuildStarted@d39077a
2021-07-30T10:55:02.563+0530 [DEBUG] [org.gradle.launcher.daemon.server.exec.EstablishBuildEnvironment] Configuring env variables: [USERDOMAIN_ROAMINGPROFILE, LOCALAPPDATA, PROCESSOR_LEVEL, RegionCode, USERDOMAIN, LOGONSERVER, JAVA_HOME, SESSIONNAME, ALLUSERSPROFILE, INTEL_DEV_REDIST, PROCESSOR_ARCHITECTURE, MIC_LD_LIBRARY_PATH, PSModulePath, SystemDrive, OneDrive, APPDATA, USERNAME, ProgramFiles(x86), CommonProgramFiles, Path, PATHEXT, DriverData, OS, OneDriveConsumer, COMPUTERNAME, OnlineServices, PROCESSOR_REVISION, platformcode, CommonProgramW6432, Autorun, ComSpec, ProgramData, ProgramW6432, HOMEPATH, SystemRoot, TEMP, USERPROFILE, PROCESSOR_IDENTIFIER, HOMEDRIVE, TMP, ProgramFiles, PUBLIC, CommonProgramFiles(x86), NUMBER_OF_PROCESSORS, windir, =::, IDEA_INITIAL_DIRECTORY]
2021-07-30T10:55:02.564+0530 [DEBUG] [org.gradle.launcher.daemon.server.SynchronizedDispatchConnection] thread 160: received class org.gradle.launcher.daemon.protocol.CloseInput
2021-07-30T10:55:02.564+0530 [DEBUG] [org.gradle.launcher.daemon.server.DefaultDaemonConnection] thread 160: Received IO message from client: org.gradle.launcher.daemon.protocol.CloseInput@4797ee3d
2021-07-30T10:55:02.565+0530 [DEBUG] [org.gradle.launcher.daemon.server.exec.LogToClient] About to start relaying all logs to the client via the connection.
2021-07-30T10:55:02.565+0530 [INFO] [org.gradle.launcher.daemon.server.exec.LogToClient] The client will now receive all logging from the daemon (pid: 12784). The daemon log file: E:\AndroidStudioProjects\Mivik\daemon\6.7.1\daemon-12784.out.log
2021-07-30T10:55:02.566+0530 [INFO] [org.gradle.launcher.daemon.server.exec.LogAndCheckHealth] Starting 3rd build in daemon [uptime: 15.259 secs, performance: 99%]
2021-07-30T10:55:02.567+0530 [DEBUG] [org.gradle.launcher.daemon.server.exec.ExecuteBuild] The daemon has started executing the build.
2021-07-30T10:55:02.567+0530 [INFO] [org.gradle.launcher.daemon.server.exec.ForwardClientInput] Closing daemon's stdin at end of input.
2021-07-30T10:55:02.567+0530 [DEBUG] [org.gradle.launcher.daemon.server.exec.ExecuteBuild] Executing build with daemon context: DefaultDaemonContext[uid=50bbaba9-b28a-4fde-81e6-bebe509b7528,javaHome=C:\Program Files\Android\Android Studio1\jre,daemonRegistryDir=E:\AndroidStudioProjects\Mivik\daemon,pid=12784,idleTimeout=10800000,priority=NORMAL,daemonOpts=--add-opens,java.base/java.util=ALL-UNNAMED,--add-opens,java.base/java.lang=ALL-UNNAMED,--add-opens,java.base/java.lang.invoke=ALL-UNNAMED,--add-opens,java.prefs/java.util.prefs=ALL-UNNAMED,-Xmx2048m,-Dfile.encoding=UTF-8,-Duser.country=IN,-Duser.language=en,-Duser.variant]
2021-07-30T10:55:02.568+0530 [INFO] [org.gradle.launcher.daemon.server.exec.ForwardClientInput] The daemon will no longer process any standard input.
Using 8 worker leases.
Watching the file system is disabled
Starting Build
Compiling initialization script 'C:\Users\VEDRAT~1\AppData\Local\Temp\wrapper_init4.gradle' using SubsetScriptTransformer.
Compiling initialization script 'C:\Users\VEDRAT~1\AppData\Local\Temp\wrapper_init4.gradle' using BuildScriptTransformer.
Settings evaluated using settings file 'E:\AndroidStudioProjects\Mivik\settings.gradle'.
Projects loaded. Root project using build file 'E:\AndroidStudioProjects\Mivik\build.gradle'.
Included projects: [root project 'translation', project ':app']
Evaluating root project 'translation' using build file 'E:\AndroidStudioProjects\Mivik\build.gradle'.
Evaluating project ':app' using build file 'E:\AndroidStudioProjects\Mivik\app\build.gradle'.
All projects evaluated.

FAILURE: Build failed with an exception.

* What went wrong:
Task 'wrapper' not found in project ':app'.

* Try:
Run gradle tasks to get a list of available tasks. Run with --stacktrace option to get the stack trace. Run with --debug option to get more log output. Run with --scan to get full insights.

* Get more help at https://help.gradle.org

BUILD FAILED in 868ms
2021-07-30T10:55:03.436+0530 [DEBUG] [org.gradle.launcher.daemon.server.exec.ExecuteBuild] The daemon has finished executing the build.
2021-07-30T10:55:03.453+0530 [DEBUG] [org.gradle.launcher.daemon.server.DaemonStateCoordinator] Command execution: finished waiting for DaemonCommandExecution[command = Build{id=4199cbef-788e-4cb9-9ee9-fb09fd091058, currentDir=C:\Program Files\Android\Android Studio1\jre\bin}, connection = DefaultDaemonConnection: socket connection from /127.0.0.1:50564 to /127.0.0.1:50579]. Result org.gradle.launcher.daemon.server.DaemonStateCoordinator@19e1e01 with state Busy
2021-07-30T10:55:03.454+0530 [DEBUG] [org.gradle.launcher.daemon.server.DaemonStateCoordinator] Command execution: completed DaemonCommandExecution[command = Build{id=4199cbef-788e-4cb9-9ee9-fb09fd091058, currentDir=C:\Program Files\Android\Android Studio1\jre\bin}, connection = DefaultDaemonConnection: socket connection from /127.0.0.1:50564 to /127.0.0.1:50579]
2021-07-30T10:55:03.454+0530 [DEBUG] [org.gradle.launcher.daemon.server.DaemonStateCoordinator] resetting idle timer
2021-07-30T10:55:03.454+0530 [INFO] [org.gradle.launcher.daemon.server.DaemonRegistryUpdater] Marking the daemon as idle, address: [cfdd065f-909a-4315-88a7-765e1388db8b port:50564, addresses:[localhost/127.0.0.1]]
2021-07-30T10:55:03.454+0530 [DEBUG] [org.gradle.launcher.daemon.registry.PersistentDaemonRegistry] Marking busy by address: [cfdd065f-909a-4315-88a7-765e1388db8b port:50564, addresses:[localhost/127.0.0.1]]
2021-07-30T10:55:03.455+0530 [DEBUG] [org.gradle.cache.internal.DefaultFileLockManager] Waiting to acquire exclusive lock on daemon addresses registry.
2021-07-30T10:55:03.456+0530 [DEBUG] [org.gradle.cache.internal.DefaultFileLockManager] Lock acquired on daemon addresses registry.
2021-07-30T10:55:03.471+0530 [DEBUG] [org.gradle.cache.internal.DefaultFileLockManager] Releasing lock on daemon addresses registry.
2021-07-30T10:55:03.471+0530 [DEBUG] [org.gradle.launcher.daemon.server.exec.ReturnResult] Daemon is dispatching the build result: Success[value=org.gradle.launcher.exec.BuildActionResult@54ebd669]
2021-07-30T10:55:03.471+0530 [DEBUG] [org.gradle.launcher.daemon.server.SynchronizedDispatchConnection] thread 19: dispatching Success[value=org.gradle.launcher.exec.BuildActionResult@54ebd669]
2021-07-30T10:55:03.471+0530 [DEBUG] [org.gradle.launcher.daemon.server.DaemonStateCoordinator] daemon is running. Sleeping until state changes.
2021-07-30T10:55:03.472+0530 [DEBUG] [org.gradle.launcher.daemon.server.DefaultIncomingConnectionHandler] Finishing executing command: Build{id=4199cbef-788e-4cb9-9ee9-fb09fd091058, currentDir=C:\Program Files\Android\Android Studio1\jre\bin}
2021-07-30T10:55:03.475+0530 [DEBUG] [org.gradle.launcher.daemon.server.SynchronizedDispatchConnection] thread 160: received class org.gradle.launcher.daemon.protocol.Finished
2021-07-30T10:55:03.475+0530 [DEBUG] [org.gradle.launcher.daemon.server.DefaultDaemonConnection] thread 160: Received non-IO message from client: org.gradle.launcher.daemon.protocol.Finished@495008bf
2021-07-30T10:55:03.475+0530 [DEBUG] [org.gradle.internal.remote.internal.inet.SocketConnection] Discarding EOFException: java.io.EOFException
2021-07-30T10:55:03.476+0530 [DEBUG] [org.gradle.launcher.daemon.server.DefaultIncomingConnectionHandler] Received finished message: org.gradle.launcher.daemon.protocol.Finished@495008bf
2021-07-30T10:55:03.476+0530 [DEBUG] [org.gradle.launcher.daemon.server.SynchronizedDispatchConnection] thread 160: received null
2021-07-30T10:55:03.476+0530 [DEBUG] [org.gradle.launcher.daemon.server.SynchronizedDispatchConnection] thread 19: stopping connection
2021-07-30T10:55:03.476+0530 [DEBUG] [org.gradle.launcher.daemon.server.DefaultDaemonConnection] thread 160: Received end-of-input from client.
2021-07-30T10:55:03.477+0530 [DEBUG] [org.gradle.launcher.daemon.server.SynchronizedDispatchConnection] thread 19: stopping connection
2021-07-30T10:55:08.999+0530 [DEBUG] [org.gradle.cache.internal.DefaultFileLockManager] Waiting to acquire shared lock on daemon addresses registry.
2021-07-30T10:55:09.000+0530 [DEBUG] [org.gradle.cache.internal.DefaultFileLockManager] Lock acquired on daemon addresses registry.
2021-07-30T10:55:09.000+0530 [DEBUG] [org.gradle.cache.internal.DefaultFileLockManager] Releasing lock on daemon addresses registry.
2021-07-30T10:55:09.002+0530 [DEBUG] [org.gradle.cache.internal.DefaultFileLockManager] Waiting to acquire shared lock on daemon addresses registry.
2021-07-30T10:55:09.003+0530 [DEBUG] [org.gradle.cache.internal.DefaultFileLockManager] Lock acquired on daemon addresses registry.
2021-07-30T10:55:09.004+0530 [DEBUG] [org.gradle.cache.internal.DefaultFileLockManager] Releasing lock on daemon addresses registry.
2021-07-30T10:55:18.994+0530 [DEBUG] [org.gradle.cache.internal.DefaultFileLockManager] Waiting to acquire shared lock on daemon addresses registry.
2021-07-30T10:55:18.995+0530 [DEBUG] [org.gradle.cache.internal.DefaultFileLockManager] Lock acquired on daemon addresses registry.
2021-07-30T10:55:18.996+0530 [DEBUG] [org.gradle.cache.internal.DefaultFileLockManager] Releasing lock on daemon addresses registry.
2021-07-30T10:55:18.997+0530 [DEBUG] [org.gradle.cache.internal.DefaultFileLockManager] Waiting to acquire shared lock on daemon addresses registry.
2021-07-30T10:55:18.997+0530 [DEBUG] [org.gradle.cache.internal.DefaultFileLockManager] Lock acquired on daemon addresses registry.
2021-07-30T10:55:18.998+0530 [DEBUG] [org.gradle.cache.internal.DefaultFileLockManager] Releasing lock on daemon addresses registry.
2021-07-30T10:55:18.999+0530 [DEBUG] [org.gradle.cache.internal.DefaultFileLockManager] Waiting to acquire shared lock on daemon addresses registry.
2021-07-30T10:55:18.999+0530 [DEBUG] [org.gradle.cache.internal.DefaultFileLockManager] Lock acquired on daemon addresses registry.
2021-07-30T10:55:19.000+0530 [DEBUG] [org.gradle.cache.internal.DefaultFileLockManager] Releasing lock on daemon addresses registry.
2021-07-30T10:55:28.998+0530 [DEBUG] [org.gradle.cache.internal.DefaultFileLockManager] Waiting to acquire shared lock on daemon addresses registry.
2021-07-30T10:55:28.999+0530 [DEBUG] [org.gradle.cache.internal.DefaultFileLockManager] Lock acquired on daemon addresses registry.
2021-07-30T10:55:29.000+0530 [DEBUG] [org.gradle.cache.internal.DefaultFileLockManager] Releasing lock on daemon addresses registry.
2021-07-30T10:55:29.000+0530 [DEBUG] [org.gradle.cache.internal.DefaultFileLockManager] Waiting to acquire shared lock on daemon addresses registry.
2021-07-30T10:55:29.001+0530 [DEBUG] [org.gradle.cache.internal.DefaultFileLockManager] Lock acquired on daemon addresses registry.
2021-07-30T10:55:29.002+0530 [DEBUG] [org.gradle.cache.internal.DefaultFileLockManager] Releasing lock on daemon addresses registry.
2021-07-30T10:55:29.002+0530 [DEBUG] [org.gradle.cache.internal.DefaultFileLockManager] Waiting to acquire shared lock on daemon addresses registry.
2021-07-30T10:55:29.003+0530 [DEBUG] [org.gradle.cache.internal.DefaultFileLockManager] Lock acquired on daemon addresses registry.
2021-07-30T10:55:29.003+0530 [DEBUG] [org.gradle.cache.internal.DefaultFileLockManager] Releasing lock on daemon addresses registry.
2021-07-30T10:55:38.993+0530 [DEBUG] [org.gradle.cache.internal.DefaultFileLockManager] Waiting to acquire shared lock on daemon addresses registry.
2021-07-30T10:55:38.994+0530 [DEBUG] [org.gradle.cache.internal.DefaultFileLockManager] Lock acquired on daemon addresses registry.
2021-07-30T10:55:38.995+0530 [DEBUG] [org.gradle.cache.internal.DefaultFileLockManager] Releasing lock on daemon addresses registry.
2021-07-30T10:55:38.995+0530 [DEBUG] [org.gradle.cache.internal.DefaultFileLockManager] Waiting to acquire shared lock on daemon addresses registry.
2021-07-30T10:55:38.996+0530 [DEBUG] [org.gradle.cache.internal.DefaultFileLockManager] Lock acquired on daemon addresses registry.
2021-07-30T10:55:38.997+0530 [DEBUG] [org.gradle.cache.internal.DefaultFileLockManager] Releasing lock on daemon addresses registry.
2021-07-30T10:55:38.998+0530 [DEBUG] [org.gradle.cache.internal.DefaultFileLockManager] Waiting to acquire shared lock on daemon addresses registry.
2021-07-30T10:55:38.998+0530 [DEBUG] [org.gradle.cache.internal.DefaultFileLockManager] Lock acquired on daemon addresses registry.
2021-07-30T10:55:38.999+0530 [DEBUG] [org.gradle.cache.internal.DefaultFileLockManager] Releasing lock on daemon addresses registry.
2021-07-30T10:55:41.172+0530 [DEBUG] [org.gradle.internal.remote.internal.inet.TcpIncomingConnector] Accepted connection from /127.0.0.1:50586 to /127.0.0.1:50564.
2021-07-30T10:55:41.182+0530 [DEBUG] [org.gradle.launcher.daemon.server.SynchronizedDispatchConnection] thread 178: received class org.gradle.launcher.daemon.protocol.StopWhenIdle
2021-07-30T10:55:41.183+0530 [DEBUG] [org.gradle.launcher.daemon.server.DefaultDaemonConnection] thread 178: Received non-IO message from client: StopWhenIdle[id=b3cf61d9-4cc6-41bd-943f-0600c4e7affc]
2021-07-30T10:55:41.183+0530 [INFO] [org.gradle.launcher.daemon.server.DefaultIncomingConnectionHandler] Received command: StopWhenIdle[id=b3cf61d9-4cc6-41bd-943f-0600c4e7affc].
2021-07-30T10:55:41.183+0530 [DEBUG] [org.gradle.launcher.daemon.server.DefaultIncomingConnectionHandler] Starting executing command: StopWhenIdle[id=b3cf61d9-4cc6-41bd-943f-0600c4e7affc] with connection: socket connection from /127.0.0.1:50564 to /127.0.0.1:50586.
2021-07-30T10:55:41.184+0530 [DEBUG] [org.gradle.launcher.daemon.server.DaemonRegistryUpdater] Storing daemon stop event: stop command received
2021-07-30T10:55:41.185+0530 [DEBUG] [org.gradle.launcher.daemon.registry.PersistentDaemonRegistry] Storing daemon stop event with timestamp 1627622741185
2021-07-30T10:55:41.186+0530 [DEBUG] [org.gradle.cache.internal.DefaultFileLockManager] Waiting to acquire exclusive lock on daemon addresses registry.
2021-07-30T10:55:41.188+0530 [DEBUG] [org.gradle.cache.internal.DefaultFileLockManager] Lock acquired on daemon addresses registry.
2021-07-30T10:55:41.190+0530 [DEBUG] [org.gradle.cache.internal.DefaultFileLockManager] Releasing lock on daemon addresses registry.
2021-07-30T10:55:41.191+0530 [LIFECYCLE] [org.gradle.launcher.daemon.server.DaemonStateCoordinator] Daemon will be stopped at the end of the build stop command received
2021-07-30T10:55:41.191+0530 [DEBUG] [org.gradle.launcher.daemon.server.DaemonStateCoordinator] Marking daemon stopped due to stop command received. The daemon is running a build: false
2021-07-30T10:55:41.191+0530 [DEBUG] [org.gradle.launcher.daemon.server.SynchronizedDispatchConnection] thread 19: dispatching Success[value=null]
2021-07-30T10:55:41.191+0530 [DEBUG] [org.gradle.launcher.daemon.server.DaemonStateCoordinator] daemon has stopped.
2021-07-30T10:55:41.192+0530 [DEBUG] [org.gradle.launcher.daemon.server.Daemon] stop() called on daemon
2021-07-30T10:55:41.192+0530 [DEBUG] [org.gradle.launcher.daemon.server.SynchronizedDispatchConnection] thread 178: received class org.gradle.launcher.daemon.protocol.Finished
2021-07-30T10:55:41.192+0530 [DEBUG] [org.gradle.launcher.daemon.server.DefaultIncomingConnectionHandler] Finishing executing command: StopWhenIdle[id=b3cf61d9-4cc6-41bd-943f-0600c4e7affc]
2021-07-30T10:55:41.193+0530 [DEBUG] [org.gradle.launcher.daemon.server.DefaultDaemonConnection] thread 178: Received non-IO message from client: org.gradle.launcher.daemon.protocol.Finished@704c81ae
2021-07-30T10:55:41.192+0530 [INFO] [org.gradle.launcher.daemon.server.Daemon] Stop requested. Daemon is removing its presence from the registry...
2021-07-30T10:55:41.194+0530 [DEBUG] [org.gradle.internal.remote.internal.inet.SocketConnection] Discarding EOFException: java.io.EOFException
2021-07-30T10:55:41.194+0530 [DEBUG] [org.gradle.launcher.daemon.server.SynchronizedDispatchConnection] thread 178: received null
2021-07-30T10:55:41.194+0530 [DEBUG] [org.gradle.launcher.daemon.server.DefaultIncomingConnectionHandler] Received finished message: org.gradle.launcher.daemon.protocol.Finished@704c81ae
2021-07-30T10:55:41.195+0530 [DEBUG] [org.gradle.launcher.daemon.server.DefaultDaemonConnection] thread 178: Received end-of-input from client.
2021-07-30T10:55:41.195+0530 [DEBUG] [org.gradle.launcher.daemon.server.DaemonRegistryUpdater] Removing our presence to clients, eg. removing this address from the registry: [cfdd065f-909a-4315-88a7-765e1388db8b port:50564, addresses:[localhost/127.0.0.1]]
2021-07-30T10:55:41.195+0530 [DEBUG] [org.gradle.launcher.daemon.server.SynchronizedDispatchConnection] thread 19: stopping connection
2021-07-30T10:55:41.196+0530 [DEBUG] [org.gradle.launcher.daemon.registry.PersistentDaemonRegistry] Removing daemon address: [cfdd065f-909a-4315-88a7-765e1388db8b port:50564, addresses:[localhost/127.0.0.1]]
2021-07-30T10:55:41.200+0530 [DEBUG] [org.gradle.launcher.daemon.server.SynchronizedDispatchConnection] thread 19: stopping connection
2021-07-30T10:55:41.200+0530 [DEBUG] [org.gradle.cache.internal.DefaultFileLockManager] Waiting to acquire exclusive lock on daemon addresses registry.
2021-07-30T10:55:41.202+0530 [DEBUG] [org.gradle.cache.internal.DefaultFileLockManager] Lock acquired on daemon addresses registry.
2021-07-30T10:55:41.211+0530 [DEBUG] [org.gradle.cache.internal.DefaultFileLockManager] Releasing lock on daemon addresses registry.
2021-07-30T10:55:41.212+0530 [DEBUG] [org.gradle.launcher.daemon.server.DaemonRegistryUpdater] Address removed from registry.
2021-07-30T10:55:41.301+0530 [DEBUG] [org.gradle.cache.internal.LockOnDemandCrossProcessCacheAccess] Releasing file lock for jars (E:\AndroidStudioProjects\Mivik\caches\jars-8)
2021-07-30T10:55:41.302+0530 [DEBUG] [org.gradle.cache.internal.DefaultFileLockManager] Releasing lock on jars (E:\AndroidStudioProjects\Mivik\caches\jars-8).
2021-07-30T10:55:41.304+0530 [DEBUG] [org.gradle.cache.internal.DefaultPersistentDirectoryStore] jars (E:\AndroidStudioProjects\Mivik\caches\jars-8) has last been fully cleaned up 0 hours ago
2021-07-30T10:55:41.306+0530 [DEBUG] [org.gradle.cache.internal.LockOnDemandCrossProcessCacheAccess] Releasing file lock for file content cache (E:\AndroidStudioProjects\Mivik\caches\6.7.1\fileContent)
2021-07-30T10:55:41.307+0530 [DEBUG] [org.gradle.cache.internal.DefaultFileLockManager] Releasing lock on file content cache (E:\AndroidStudioProjects\Mivik\caches\6.7.1\fileContent).
2021-07-30T10:55:41.310+0530 [DEBUG] [org.gradle.cache.internal.DefaultPersistentDirectoryStore] Artifact transforms cache (E:\AndroidStudioProjects\Mivik\caches\transforms-2) has last been fully cleaned up 0 hours ago
2021-07-30T10:55:41.310+0530 [DEBUG] [org.gradle.cache.internal.DefaultCacheAccess] Cache Artifact transforms cache (E:\AndroidStudioProjects\Mivik\caches\transforms-2) was closed 0 times.
2021-07-30T10:55:41.311+0530 [DEBUG] [org.gradle.cache.internal.LockOnDemandCrossProcessCacheAccess] Releasing file lock for artifact cache (E:\AndroidStudioProjects\Mivik\caches\modules-2)
2021-07-30T10:55:41.312+0530 [DEBUG] [org.gradle.cache.internal.btree.BTreePersistentIndexedCache] Closing cache module-metadata.bin (E:\AndroidStudioProjects\Mivik\caches\modules-2\metadata-2.96\module-metadata.bin)
2021-07-30T10:55:41.313+0530 [DEBUG] [org.gradle.cache.internal.btree.BTreePersistentIndexedCache] Closing cache module-artifact.bin (E:\AndroidStudioProjects\Mivik\caches\modules-2\metadata-2.96\module-artifact.bin)
2021-07-30T10:55:41.313+0530 [DEBUG] [org.gradle.cache.internal.DefaultFileLockManager] Releasing lock on artifact cache (E:\AndroidStudioProjects\Mivik\caches\modules-2).
2021-07-30T10:55:41.315+0530 [DEBUG] [org.gradle.cache.internal.DefaultPersistentDirectoryStore] artifact cache (E:\AndroidStudioProjects\Mivik\caches\modules-2) has last been fully cleaned up 0 hours ago
2021-07-30T10:55:41.316+0530 [DEBUG] [org.gradle.cache.internal.LockOnDemandCrossProcessCacheAccess] Releasing file lock for journal cache (E:\AndroidStudioProjects\Mivik\caches\journal-1)
2021-07-30T10:55:41.317+0530 [DEBUG] [org.gradle.cache.internal.btree.BTreePersistentIndexedCache] Closing cache file-access.bin (E:\AndroidStudioProjects\Mivik\caches\journal-1\file-access.bin)
2021-07-30T10:55:41.318+0530 [DEBUG] [org.gradle.cache.internal.DefaultFileLockManager] Releasing lock on journal cache (E:\AndroidStudioProjects\Mivik\caches\journal-1).
2021-07-30T10:55:41.319+0530 [DEBUG] [org.gradle.cache.internal.DefaultCacheAccess] Cache Generated Gradle JARs cache (E:\AndroidStudioProjects\Mivik\caches\6.7.1\generated-gradle-jars) was closed 0 times.
2021-07-30T10:55:41.321+0530 [DEBUG] [org.gradle.cache.internal.LockOnDemandCrossProcessCacheAccess] Releasing file lock for file hash cache (E:\AndroidStudioProjects\Mivik\caches\6.7.1\fileHashes)
2021-07-30T10:55:41.322+0530 [DEBUG] [org.gradle.cache.internal.btree.BTreePersistentIndexedCache] Closing cache fileHashes.bin (E:\AndroidStudioProjects\Mivik\caches\6.7.1\fileHashes\fileHashes.bin)
2021-07-30T10:55:41.323+0530 [DEBUG] [org.gradle.cache.internal.btree.BTreePersistentIndexedCache] Closing cache resourceHashesCache.bin (E:\AndroidStudioProjects\Mivik\caches\6.7.1\fileHashes\resourceHashesCache.bin)
2021-07-30T10:55:41.323+0530 [DEBUG] [org.gradle.cache.internal.DefaultFileLockManager] Releasing lock on file hash cache (E:\AndroidStudioProjects\Mivik\caches\6.7.1\fileHashes).
2021-07-30T10:55:41.326+0530 [DEBUG] [org.gradle.cache.internal.LockOnDemandCrossProcessCacheAccess] Releasing file lock for execution history cache (E:\AndroidStudioProjects\Mivik\caches\6.7.1\executionHistory)
2021-07-30T10:55:41.326+0530 [DEBUG] [org.gradle.cache.internal.DefaultFileLockManager] Releasing lock on execution history cache (E:\AndroidStudioProjects\Mivik\caches\6.7.1\executionHistory).
2021-07-30T10:55:41.332+0530 [DEBUG] [org.gradle.launcher.daemon.registry.PersistentDaemonRegistry] Removing daemon address: [cfdd065f-909a-4315-88a7-765e1388db8b port:50564, addresses:[localhost/127.0.0.1]]
Daemon vm is shutting down... The daemon has exited normally or was terminated in response to a user interrupt.
2021-07-30T10:55:41.333+0530 [DEBUG] [org.gradle.cache.internal.DefaultFileLockManager] Waiting to acquire exclusive lock on daemon addresses registry.
2021-07-30T10:55:41.334+0530 [DEBUG] [org.gradle.cache.internal.DefaultFileLockManager] Lock acquired on daemon addresses registry.
2021-07-30T10:55:41.344+0530 [DEBUG] [org.gradle.cache.internal.DefaultFileLockManager] Releasing lock on daemon addresses registry.
